2018-06-29 11:14:13,438 [django.request:93] [base:get_response] [WARNING]- Not Found: /
2018-06-29 11:14:32,678 [HttpRunnerManager:45] [views:login] [INFO]- yinquanwang µÇÂ¼³É¹¦
2018-06-29 11:14:33,058 [django.request:93] [base:get_response] [WARNING]- Not Found: /static/assets/js/commons.js
2018-06-29 11:14:33,499 [django.request:93] [base:get_response] [WARNING]- Not Found: /static/assets/js/commons.js
2018-06-29 11:14:58,797 [HttpRunnerManager:45] [views:login] [INFO]- yinquanwang µÇÂ¼³É¹¦
2018-06-29 11:48:11,403 [HttpRunnerManager:151] [operation:add_case_data] [INFO]- µÄÓÃÀıÌí¼Ó³É¹¦: {'test': {'request': {'method': 'POST', 'url': ''}, 'name': 'µÄ'}}
2018-06-29 11:48:48,076 [HttpRunnerManager:45] [views:login] [INFO]- yinquanwang µÇÂ¼³É¹¦
2018-07-02 13:34:18,047 [django.request:93] [base:get_response] [WARNING]- Not Found: /static/assets/css/css-index.css
2018-07-02 13:34:18,057 [django.request:93] [base:get_response] [WARNING]- Not Found: /static/assets/img/logo.png
2018-07-02 13:34:18,268 [django.request:93] [base:get_response] [WARNING]- Not Found: /static/assets/js/custom.js
2018-07-02 13:34:18,270 [django.request:93] [base:get_response] [WARNING]- Not Found: /static/assets/js/jquery.sticky.js
2018-07-02 13:34:18,276 [django.request:93] [base:get_response] [WARNING]- Not Found: /static/assets/js/wow.min.js
2018-07-02 13:34:18,278 [django.request:93] [base:get_response] [WARNING]- Not Found: /static/assets/js/owl.carousel.min.js
2018-07-02 13:34:18,296 [django.request:93] [base:get_response] [WARNING]- Not Found: /static/assets/img/bg.jpg
2018-07-02 13:34:18,299 [django.request:93] [base:get_response] [WARNING]- Not Found: /static/assets/img/loading.GIF
2018-07-02 13:34:18,352 [django.request:93] [base:get_response] [WARNING]- Not Found: /static/assets/js/custom.js
2018-07-02 13:34:18,364 [django.request:93] [base:get_response] [WARNING]- Not Found: /static/assets/js/jquery.sticky.js
2018-07-02 13:34:18,370 [django.request:93] [base:get_response] [WARNING]- Not Found: /static/assets/js/wow.min.js
2018-07-02 13:34:18,383 [django.request:93] [base:get_response] [WARNING]- Not Found: /static/assets/js/owl.carousel.min.js
2018-07-02 13:34:18,578 [django.request:93] [base:get_response] [WARNING]- Not Found: /static/assets/img/favicon.ico
2018-07-02 13:34:21,442 [django.request:93] [base:get_response] [WARNING]- Not Found: /static/assets/css/css-index.css
2018-07-02 13:34:21,445 [django.request:93] [base:get_response] [WARNING]- Not Found: /static/assets/js/custom.js
2018-07-02 13:34:21,449 [django.request:93] [base:get_response] [WARNING]- Not Found: /static/assets/img/logo.png
2018-07-02 13:34:21,484 [django.request:93] [base:get_response] [WARNING]- Not Found: /static/assets/js/jquery.sticky.js
2018-07-02 13:34:21,487 [django.request:93] [base:get_response] [WARNING]- Not Found: /static/assets/js/wow.min.js
2018-07-02 13:34:21,492 [django.request:93] [base:get_response] [WARNING]- Not Found: /static/assets/js/owl.carousel.min.js
2018-07-02 13:34:21,508 [django.request:93] [base:get_response] [WARNING]- Not Found: /static/assets/js/custom.js
2018-07-02 13:34:21,516 [django.request:93] [base:get_response] [WARNING]- Not Found: /static/assets/img/bg.jpg
2018-07-02 13:34:21,519 [django.request:93] [base:get_response] [WARNING]- Not Found: /static/assets/img/loading.GIF
2018-07-02 13:34:21,531 [django.request:93] [base:get_response] [WARNING]- Not Found: /static/assets/js/jquery.sticky.js
2018-07-02 13:34:21,540 [django.request:93] [base:get_response] [WARNING]- Not Found: /static/assets/js/wow.min.js
2018-07-02 13:34:21,545 [django.request:93] [base:get_response] [WARNING]- Not Found: /static/assets/js/owl.carousel.min.js
2018-07-02 13:34:22,424 [django.request:93] [base:get_response] [WARNING]- Not Found: /static/assets/css/css-index.css
2018-07-02 13:34:22,426 [django.request:93] [base:get_response] [WARNING]- Not Found: /static/assets/img/logo.png
2018-07-02 13:34:22,429 [django.request:93] [base:get_response] [WARNING]- Not Found: /static/assets/js/custom.js
2018-07-02 13:34:22,465 [django.request:93] [base:get_response] [WARNING]- Not Found: /static/assets/js/jquery.sticky.js
2018-07-02 13:34:22,466 [django.request:93] [base:get_response] [WARNING]- Not Found: /static/assets/js/wow.min.js
2018-07-02 13:34:22,468 [django.request:93] [base:get_response] [WARNING]- Not Found: /static/assets/js/owl.carousel.min.js
2018-07-02 13:34:22,480 [django.request:93] [base:get_response] [WARNING]- Not Found: /static/assets/js/custom.js
2018-07-02 13:34:22,483 [django.request:93] [base:get_response] [WARNING]- Not Found: /static/assets/img/bg.jpg
2018-07-02 13:34:22,490 [django.request:93] [base:get_response] [WARNING]- Not Found: /static/assets/img/loading.GIF
2018-07-02 13:34:22,498 [django.request:93] [base:get_response] [WARNING]- Not Found: /static/assets/js/jquery.sticky.js
2018-07-02 13:34:22,506 [django.request:93] [base:get_response] [WARNING]- Not Found: /static/assets/js/wow.min.js
2018-07-02 13:34:22,509 [django.request:93] [base:get_response] [WARNING]- Not Found: /static/assets/js/owl.carousel.min.js
2018-07-02 13:35:30,488 [HttpRunnerManager:45] [views:login] [INFO]- yinquanwang µÇÂ¼³É¹¦
2018-07-02 13:48:28,352 [HttpRunnerManager:45] [views:login] [INFO]- yinquanwang µÇÂ¼³É¹¦
2018-07-02 13:53:41,984 [django.request:118] [exception:handle_uncaught_exception] [ERROR]- Internal Server Error: /api/test_list/1/
Traceback (most recent call last):
  File "E:\Python35\lib\site-packages\django\core\handlers\exception.py", line 35, in inner
    response = get_response(request)
  File "E:\Python35\lib\site-packages\django\core\handlers\base.py", line 128, in _get_response
    response = self.process_exception_by_middleware(e, request)
  File "E:\Python35\lib\site-packages\django\core\handlers\base.py", line 126, in _get_response
    response = wrapped_callback(request, *callback_args, **callback_kwargs)
  File "D:/HttpRunnerManager\HttpRunnerManager\activator.py", line 15, in process
    result = fun(request, index) if index else fun(request)
  File "D:/HttpRunnerManager\ApiManager\views.py", line 379, in test_list
    filter_query = set_filter_session(request)
  File "D:/HttpRunnerManager\ApiManager\utils\common.py", line 439, in set_filter_session
    'belong_project': request.session['project'],
  File "E:\Python35\lib\site-packages\django\contrib\sessions\backends\base.py", line 55, in __getitem__
    return self._session[key]
KeyError: 'project'
2018-07-02 13:53:49,147 [django.request:118] [exception:handle_uncaught_exception] [ERROR]- Internal Server Error: /api/test_list/1/
Traceback (most recent call last):
  File "E:\Python35\lib\site-packages\django\core\handlers\exception.py", line 35, in inner
    response = get_response(request)
  File "E:\Python35\lib\site-packages\django\core\handlers\base.py", line 128, in _get_response
    response = self.process_exception_by_middleware(e, request)
  File "E:\Python35\lib\site-packages\django\core\handlers\base.py", line 126, in _get_response
    response = wrapped_callback(request, *callback_args, **callback_kwargs)
  File "D:/HttpRunnerManager\HttpRunnerManager\activator.py", line 15, in process
    result = fun(request, index) if index else fun(request)
  File "D:/HttpRunnerManager\ApiManager\views.py", line 379, in test_list
    filter_query = set_filter_session(request)
  File "D:/HttpRunnerManager\ApiManager\utils\common.py", line 439, in set_filter_session
    'belong_project': request.session['project'],
  File "E:\Python35\lib\site-packages\django\contrib\sessions\backends\base.py", line 55, in __getitem__
    return self._session[key]
KeyError: 'project'
2018-07-02 13:54:04,117 [HttpRunnerManager:78] [views:log_out] [INFO]- yinquanwangÍË³ö
2018-07-02 13:54:07,459 [HttpRunnerManager:45] [views:login] [INFO]- yinquanwang µÇÂ¼³É¹¦
2018-07-02 13:57:09,661 [HttpRunnerManager:78] [views:log_out] [INFO]- yinquanwangÍË³ö
2018-07-02 13:57:11,824 [HttpRunnerManager:45] [views:login] [INFO]- yinquanwang µÇÂ¼³É¹¦
2018-07-02 14:04:39,039 [HttpRunnerManager:78] [views:log_out] [INFO]- yinquanwangÍË³ö
2018-07-02 14:04:44,830 [HttpRunnerManager:45] [views:login] [INFO]- yinquanwang µÇÂ¼³É¹¦
2018-07-02 14:04:54,650 [django.request:118] [exception:handle_uncaught_exception] [ERROR]- Internal Server Error: /api/test_list/1/
Traceback (most recent call last):
  File "E:\Python35\lib\site-packages\django\core\handlers\exception.py", line 35, in inner
    response = get_response(request)
  File "E:\Python35\lib\site-packages\django\core\handlers\base.py", line 128, in _get_response
    response = self.process_exception_by_middleware(e, request)
  File "E:\Python35\lib\site-packages\django\core\handlers\base.py", line 126, in _get_response
    response = wrapped_callback(request, *callback_args, **callback_kwargs)
  File "D:\HttpRunnerManager\HttpRunnerManager\activator.py", line 15, in process
    result = fun(request, index) if index else fun(request)
  File "D:\HttpRunnerManager\ApiManager\views.py", line 379, in test_list
    filter_query = set_filter_session(request)
  File "D:\HttpRunnerManager\ApiManager\utils\common.py", line 432, in set_filter_session
    request.session['module'] = ModuleInfo.objects.get(id=request.POST.get('module')).module_name
  File "E:\Python35\lib\site-packages\django\db\models\manager.py", line 82, in manager_method
    return getattr(self.get_queryset(), name)(*args, **kwargs)
  File "E:\Python35\lib\site-packages\django\db\models\query.py", line 394, in get
    clone = self.filter(*args, **kwargs)
  File "E:\Python35\lib\site-packages\django\db\models\query.py", line 836, in filter
    return self._filter_or_exclude(False, *args, **kwargs)
  File "E:\Python35\lib\site-packages\django\db\models\query.py", line 854, in _filter_or_exclude
    clone.query.add_q(Q(*args, **kwargs))
  File "E:\Python35\lib\site-packages\django\db\models\sql\query.py", line 1253, in add_q
    clause, _ = self._add_q(q_object, self.used_aliases)
  File "E:\Python35\lib\site-packages\django\db\models\sql\query.py", line 1277, in _add_q
    split_subq=split_subq,
  File "E:\Python35\lib\site-packages\django\db\models\sql\query.py", line 1215, in build_filter
    condition = self.build_lookup(lookups, col, value)
  File "E:\Python35\lib\site-packages\django\db\models\sql\query.py", line 1085, in build_lookup
    lookup = lookup_class(lhs, rhs)
  File "E:\Python35\lib\site-packages\django\db\models\lookups.py", line 18, in __init__
    self.rhs = self.get_prep_lookup()
  File "E:\Python35\lib\site-packages\django\db\models\lookups.py", line 68, in get_prep_lookup
    return self.lhs.output_field.get_prep_value(self.rhs)
  File "E:\Python35\lib\site-packages\django\db\models\fields\__init__.py", line 947, in get_prep_value
    return int(value)
ValueError: invalid literal for int() with base 10: ''
2018-07-02 14:06:02,565 [django.request:118] [exception:handle_uncaught_exception] [ERROR]- Internal Server Error: /api/config_list/1/
Traceback (most recent call last):
  File "E:\Python35\lib\site-packages\django\core\handlers\exception.py", line 35, in inner
    response = get_response(request)
  File "E:\Python35\lib\site-packages\django\core\handlers\base.py", line 128, in _get_response
    response = self.process_exception_by_middleware(e, request)
  File "E:\Python35\lib\site-packages\django\core\handlers\base.py", line 126, in _get_response
    response = wrapped_callback(request, *callback_args, **callback_kwargs)
  File "D:\HttpRunnerManager\HttpRunnerManager\activator.py", line 15, in process
    result = fun(request, index) if index else fun(request)
  File "D:\HttpRunnerManager\ApiManager\views.py", line 413, in config_list
    filter_query = set_filter_session(request)
  File "D:\HttpRunnerManager\ApiManager\utils\common.py", line 432, in set_filter_session
    request.session['module'] = ModuleInfo.objects.get(id=request.POST.get('module')).module_name
  File "E:\Python35\lib\site-packages\django\db\models\manager.py", line 82, in manager_method
    return getattr(self.get_queryset(), name)(*args, **kwargs)
  File "E:\Python35\lib\site-packages\django\db\models\query.py", line 394, in get
    clone = self.filter(*args, **kwargs)
  File "E:\Python35\lib\site-packages\django\db\models\query.py", line 836, in filter
    return self._filter_or_exclude(False, *args, **kwargs)
  File "E:\Python35\lib\site-packages\django\db\models\query.py", line 854, in _filter_or_exclude
    clone.query.add_q(Q(*args, **kwargs))
  File "E:\Python35\lib\site-packages\django\db\models\sql\query.py", line 1253, in add_q
    clause, _ = self._add_q(q_object, self.used_aliases)
  File "E:\Python35\lib\site-packages\django\db\models\sql\query.py", line 1277, in _add_q
    split_subq=split_subq,
  File "E:\Python35\lib\site-packages\django\db\models\sql\query.py", line 1215, in build_filter
    condition = self.build_lookup(lookups, col, value)
  File "E:\Python35\lib\site-packages\django\db\models\sql\query.py", line 1085, in build_lookup
    lookup = lookup_class(lhs, rhs)
  File "E:\Python35\lib\site-packages\django\db\models\lookups.py", line 18, in __init__
    self.rhs = self.get_prep_lookup()
  File "E:\Python35\lib\site-packages\django\db\models\lookups.py", line 68, in get_prep_lookup
    return self.lhs.output_field.get_prep_value(self.rhs)
  File "E:\Python35\lib\site-packages\django\db\models\fields\__init__.py", line 947, in get_prep_value
    return int(value)
ValueError: invalid literal for int() with base 10: ''
2018-07-02 14:24:14,328 [HttpRunnerManager:78] [views:log_out] [INFO]- yinquanwangÍË³ö
2018-07-02 14:24:16,921 [HttpRunnerManager:45] [views:login] [INFO]- yinquanwang µÇÂ¼³É¹¦
2018-07-02 14:27:17,963 [django.request:118] [exception:handle_uncaught_exception] [ERROR]- Internal Server Error: /api/project_list/1/
Traceback (most recent call last):
  File "E:\Python35\lib\site-packages\django\template\base.py", line 475, in parse
    compile_func = self.tags[command]
KeyError: 'endif'

During handling of the above exception, another exception occurred:

Traceback (most recent call last):
  File "E:\Python35\lib\site-packages\django\core\handlers\exception.py", line 35, in inner
    response = get_response(request)
  File "E:\Python35\lib\site-packages\django\core\handlers\base.py", line 128, in _get_response
    response = self.process_exception_by_middleware(e, request)
  File "E:\Python35\lib\site-packages\django\core\handlers\base.py", line 126, in _get_response
    response = wrapped_callback(request, *callback_args, **callback_kwargs)
  File "D:\HttpRunnerManager\HttpRunnerManager\activator.py", line 15, in process
    result = fun(request, index) if index else fun(request)
  File "D:\HttpRunnerManager\ApiManager\views.py", line 323, in project_list
    return render_to_response('project_list.html', manage_info)
  File "E:\Python35\lib\site-packages\django\shortcuts.py", line 27, in render_to_response
    content = loader.render_to_string(template_name, context, using=using)
  File "E:\Python35\lib\site-packages\django\template\loader.py", line 61, in render_to_string
    template = get_template(template_name, using=using)
  File "E:\Python35\lib\site-packages\django\template\loader.py", line 15, in get_template
    return engine.get_template(template_name)
  File "E:\Python35\lib\site-packages\django\template\backends\django.py", line 34, in get_template
    return Template(self.engine.get_template(template_name), self)
  File "E:\Python35\lib\site-packages\django\template\engine.py", line 144, in get_template
    template, origin = self.find_template(template_name)
  File "E:\Python35\lib\site-packages\django\template\engine.py", line 126, in find_template
    template = loader.get_template(name, skip=skip)
  File "E:\Python35\lib\site-packages\django\template\loaders\base.py", line 30, in get_template
    contents, origin, origin.template_name, self.engine,
  File "E:\Python35\lib\site-packages\django\template\base.py", line 160, in __init__
    self.nodelist = self.compile_nodelist()
  File "E:\Python35\lib\site-packages\django\template\base.py", line 198, in compile_nodelist
    return parser.parse()
  File "E:\Python35\lib\site-packages\django\template\base.py", line 483, in parse
    raise self.error(token, e)
  File "E:\Python35\lib\site-packages\django\template\base.py", line 481, in parse
    compiled_result = compile_func(self, token)
  File "E:\Python35\lib\site-packages\django\template\loader_tags.py", line 290, in do_extends
    nodelist = parser.parse()
  File "E:\Python35\lib\site-packages\django\template\base.py", line 483, in parse
    raise self.error(token, e)
  File "E:\Python35\lib\site-packages\django\template\base.py", line 481, in parse
    compiled_result = compile_func(self, token)
  File "E:\Python35\lib\site-packages\django\template\loader_tags.py", line 233, in do_block
    nodelist = parser.parse(('endblock',))
  File "E:\Python35\lib\site-packages\django\template\base.py", line 477, in parse
    self.invalid_block_tag(token, command, parse_until)
  File "E:\Python35\lib\site-packages\django\template\base.py", line 533, in invalid_block_tag
    get_text_list(["'%s'" % p for p in parse_until], 'or'),
django.template.exceptions.TemplateSyntaxError: Invalid block tag on line 176: 'endif', expected 'endblock'. Did you forget to register or load this tag?
2018-07-02 14:27:44,949 [django.request:118] [exception:handle_uncaught_exception] [ERROR]- Internal Server Error: /api/project_list/1/
Traceback (most recent call last):
  File "E:\Python35\lib\site-packages\django\template\base.py", line 475, in parse
    compile_func = self.tags[command]
KeyError: 'endif'

During handling of the above exception, another exception occurred:

Traceback (most recent call last):
  File "E:\Python35\lib\site-packages\django\core\handlers\exception.py", line 35, in inner
    response = get_response(request)
  File "E:\Python35\lib\site-packages\django\core\handlers\base.py", line 128, in _get_response
    response = self.process_exception_by_middleware(e, request)
  File "E:\Python35\lib\site-packages\django\core\handlers\base.py", line 126, in _get_response
    response = wrapped_callback(request, *callback_args, **callback_kwargs)
  File "D:\HttpRunnerManager\HttpRunnerManager\activator.py", line 15, in process
    result = fun(request, index) if index else fun(request)
  File "D:\HttpRunnerManager\ApiManager\views.py", line 323, in project_list
    return render_to_response('project_list.html', manage_info)
  File "E:\Python35\lib\site-packages\django\shortcuts.py", line 27, in render_to_response
    content = loader.render_to_string(template_name, context, using=using)
  File "E:\Python35\lib\site-packages\django\template\loader.py", line 61, in render_to_string
    template = get_template(template_name, using=using)
  File "E:\Python35\lib\site-packages\django\template\loader.py", line 15, in get_template
    return engine.get_template(template_name)
  File "E:\Python35\lib\site-packages\django\template\backends\django.py", line 34, in get_template
    return Template(self.engine.get_template(template_name), self)
  File "E:\Python35\lib\site-packages\django\template\engine.py", line 144, in get_template
    template, origin = self.find_template(template_name)
  File "E:\Python35\lib\site-packages\django\template\engine.py", line 126, in find_template
    template = loader.get_template(name, skip=skip)
  File "E:\Python35\lib\site-packages\django\template\loaders\base.py", line 30, in get_template
    contents, origin, origin.template_name, self.engine,
  File "E:\Python35\lib\site-packages\django\template\base.py", line 160, in __init__
    self.nodelist = self.compile_nodelist()
  File "E:\Python35\lib\site-packages\django\template\base.py", line 198, in compile_nodelist
    return parser.parse()
  File "E:\Python35\lib\site-packages\django\template\base.py", line 483, in parse
    raise self.error(token, e)
  File "E:\Python35\lib\site-packages\django\template\base.py", line 481, in parse
    compiled_result = compile_func(self, token)
  File "E:\Python35\lib\site-packages\django\template\loader_tags.py", line 290, in do_extends
    nodelist = parser.parse()
  File "E:\Python35\lib\site-packages\django\template\base.py", line 483, in parse
    raise self.error(token, e)
  File "E:\Python35\lib\site-packages\django\template\base.py", line 481, in parse
    compiled_result = compile_func(self, token)
  File "E:\Python35\lib\site-packages\django\template\loader_tags.py", line 233, in do_block
    nodelist = parser.parse(('endblock',))
  File "E:\Python35\lib\site-packages\django\template\base.py", line 477, in parse
    self.invalid_block_tag(token, command, parse_until)
  File "E:\Python35\lib\site-packages\django\template\base.py", line 533, in invalid_block_tag
    get_text_list(["'%s'" % p for p in parse_until], 'or'),
django.template.exceptions.TemplateSyntaxError: Invalid block tag on line 176: 'endif', expected 'endblock'. Did you forget to register or load this tag?
2018-07-02 14:27:47,983 [django.request:118] [exception:handle_uncaught_exception] [ERROR]- Internal Server Error: /api/project_list/1/
Traceback (most recent call last):
  File "E:\Python35\lib\site-packages\django\template\base.py", line 475, in parse
    compile_func = self.tags[command]
KeyError: 'endif'

During handling of the above exception, another exception occurred:

Traceback (most recent call last):
  File "E:\Python35\lib\site-packages\django\core\handlers\exception.py", line 35, in inner
    response = get_response(request)
  File "E:\Python35\lib\site-packages\django\core\handlers\base.py", line 128, in _get_response
    response = self.process_exception_by_middleware(e, request)
  File "E:\Python35\lib\site-packages\django\core\handlers\base.py", line 126, in _get_response
    response = wrapped_callback(request, *callback_args, **callback_kwargs)
  File "D:\HttpRunnerManager\HttpRunnerManager\activator.py", line 15, in process
    result = fun(request, index) if index else fun(request)
  File "D:\HttpRunnerManager\ApiManager\views.py", line 323, in project_list
    return render_to_response('project_list.html', manage_info)
  File "E:\Python35\lib\site-packages\django\shortcuts.py", line 27, in render_to_response
    content = loader.render_to_string(template_name, context, using=using)
  File "E:\Python35\lib\site-packages\django\template\loader.py", line 61, in render_to_string
    template = get_template(template_name, using=using)
  File "E:\Python35\lib\site-packages\django\template\loader.py", line 15, in get_template
    return engine.get_template(template_name)
  File "E:\Python35\lib\site-packages\django\template\backends\django.py", line 34, in get_template
    return Template(self.engine.get_template(template_name), self)
  File "E:\Python35\lib\site-packages\django\template\engine.py", line 144, in get_template
    template, origin = self.find_template(template_name)
  File "E:\Python35\lib\site-packages\django\template\engine.py", line 126, in find_template
    template = loader.get_template(name, skip=skip)
  File "E:\Python35\lib\site-packages\django\template\loaders\base.py", line 30, in get_template
    contents, origin, origin.template_name, self.engine,
  File "E:\Python35\lib\site-packages\django\template\base.py", line 160, in __init__
    self.nodelist = self.compile_nodelist()
  File "E:\Python35\lib\site-packages\django\template\base.py", line 198, in compile_nodelist
    return parser.parse()
  File "E:\Python35\lib\site-packages\django\template\base.py", line 483, in parse
    raise self.error(token, e)
  File "E:\Python35\lib\site-packages\django\template\base.py", line 481, in parse
    compiled_result = compile_func(self, token)
  File "E:\Python35\lib\site-packages\django\template\loader_tags.py", line 290, in do_extends
    nodelist = parser.parse()
  File "E:\Python35\lib\site-packages\django\template\base.py", line 483, in parse
    raise self.error(token, e)
  File "E:\Python35\lib\site-packages\django\template\base.py", line 481, in parse
    compiled_result = compile_func(self, token)
  File "E:\Python35\lib\site-packages\django\template\loader_tags.py", line 233, in do_block
    nodelist = parser.parse(('endblock',))
  File "E:\Python35\lib\site-packages\django\template\base.py", line 477, in parse
    self.invalid_block_tag(token, command, parse_until)
  File "E:\Python35\lib\site-packages\django\template\base.py", line 533, in invalid_block_tag
    get_text_list(["'%s'" % p for p in parse_until], 'or'),
django.template.exceptions.TemplateSyntaxError: Invalid block tag on line 176: 'endif', expected 'endblock'. Did you forget to register or load this tag?
2018-07-02 14:28:16,257 [HttpRunnerManager:78] [views:log_out] [INFO]- yinquanwangÍË³ö
2018-07-02 14:28:18,192 [HttpRunnerManager:45] [views:login] [INFO]- yinquanwang µÇÂ¼³É¹¦
2018-07-02 14:37:16,138 [django.request:118] [exception:handle_uncaught_exception] [ERROR]- Internal Server Error: /api/project_list/1/
Traceback (most recent call last):
  File "E:\Python35\lib\site-packages\django\core\handlers\exception.py", line 35, in inner
    response = get_response(request)
  File "E:\Python35\lib\site-packages\django\core\handlers\base.py", line 128, in _get_response
    response = self.process_exception_by_middleware(e, request)
  File "E:\Python35\lib\site-packages\django\core\handlers\base.py", line 126, in _get_response
    response = wrapped_callback(request, *callback_args, **callback_kwargs)
  File "D:\HttpRunnerManager\HttpRunnerManager\activator.py", line 15, in process
    result = fun(request, index) if index else fun(request)
  File "D:\HttpRunnerManager\ApiManager\views.py", line 311, in project_list
    filter_query = set_filter_session(request)
  File "D:\HttpRunnerManager\ApiManager\utils\common.py", line 442, in set_filter_session
    'belong_project': request.session['project'],
  File "E:\Python35\lib\site-packages\django\contrib\sessions\backends\base.py", line 55, in __getitem__
    return self._session[key]
KeyError: 'project'
2018-07-02 14:37:20,563 [django.request:118] [exception:handle_uncaught_exception] [ERROR]- Internal Server Error: /api/project_list/1/
Traceback (most recent call last):
  File "E:\Python35\lib\site-packages\django\core\handlers\exception.py", line 35, in inner
    response = get_response(request)
  File "E:\Python35\lib\site-packages\django\core\handlers\base.py", line 128, in _get_response
    response = self.process_exception_by_middleware(e, request)
  File "E:\Python35\lib\site-packages\django\core\handlers\base.py", line 126, in _get_response
    response = wrapped_callback(request, *callback_args, **callback_kwargs)
  File "D:\HttpRunnerManager\HttpRunnerManager\activator.py", line 15, in process
    result = fun(request, index) if index else fun(request)
  File "D:\HttpRunnerManager\ApiManager\views.py", line 311, in project_list
    filter_query = set_filter_session(request)
  File "D:\HttpRunnerManager\ApiManager\utils\common.py", line 442, in set_filter_session
    'belong_project': request.session['project'],
  File "E:\Python35\lib\site-packages\django\contrib\sessions\backends\base.py", line 55, in __getitem__
    return self._session[key]
KeyError: 'project'
2018-07-02 14:37:24,899 [HttpRunnerManager:78] [views:log_out] [INFO]- yinquanwangÍË³ö
2018-07-02 14:37:26,773 [HttpRunnerManager:45] [views:login] [INFO]- yinquanwang µÇÂ¼³É¹¦
2018-07-02 14:37:30,837 [django.request:118] [exception:handle_uncaught_exception] [ERROR]- Internal Server Error: /api/add_case/
Traceback (most recent call last):
  File "E:\Python35\lib\site-packages\django\core\handlers\exception.py", line 35, in inner
    response = get_response(request)
  File "E:\Python35\lib\site-packages\django\core\handlers\base.py", line 128, in _get_response
    response = self.process_exception_by_middleware(e, request)
  File "E:\Python35\lib\site-packages\django\core\handlers\base.py", line 126, in _get_response
    response = wrapped_callback(request, *callback_args, **callback_kwargs)
  File "D:\HttpRunnerManager\HttpRunnerManager\activator.py", line 15, in process
    result = fun(request, index) if index else fun(request)
  File "D:\HttpRunnerManager\ApiManager\views.py", line 170, in add_case
    msg = case_info_logic(**testcase_info)
  File "D:\HttpRunnerManager\ApiManager\utils\common.py", line 210, in case_info_logic
    test = kwargs.pop('test')
KeyError: 'test'
2018-07-02 14:37:33,775 [django.request:118] [exception:handle_uncaught_exception] [ERROR]- Internal Server Error: /api/add_case/
Traceback (most recent call last):
  File "E:\Python35\lib\site-packages\django\core\handlers\exception.py", line 35, in inner
    response = get_response(request)
  File "E:\Python35\lib\site-packages\django\core\handlers\base.py", line 128, in _get_response
    response = self.process_exception_by_middleware(e, request)
  File "E:\Python35\lib\site-packages\django\core\handlers\base.py", line 126, in _get_response
    response = wrapped_callback(request, *callback_args, **callback_kwargs)
  File "D:\HttpRunnerManager\HttpRunnerManager\activator.py", line 15, in process
    result = fun(request, index) if index else fun(request)
  File "D:\HttpRunnerManager\ApiManager\views.py", line 170, in add_case
    msg = case_info_logic(**testcase_info)
  File "D:\HttpRunnerManager\ApiManager\utils\common.py", line 210, in case_info_logic
    test = kwargs.pop('test')
KeyError: 'test'
2018-07-02 14:39:25,603 [HttpRunnerManager:78] [views:log_out] [INFO]- yinquanwangÍË³ö
2018-07-02 14:39:27,918 [HttpRunnerManager:45] [views:login] [INFO]- yinquanwang µÇÂ¼³É¹¦
2018-07-02 14:43:42,829 [HttpRunnerManager:78] [views:log_out] [INFO]- yinquanwangÍË³ö
2018-07-02 14:43:44,932 [HttpRunnerManager:45] [views:login] [INFO]- yinquanwang µÇÂ¼³É¹¦
2018-07-02 14:47:52,728 [HttpRunnerManager:78] [views:log_out] [INFO]- yinquanwangÍË³ö
2018-07-02 14:47:54,981 [HttpRunnerManager:45] [views:login] [INFO]- yinquanwang µÇÂ¼³É¹¦
2018-07-02 14:55:50,890 [HttpRunnerManager:78] [views:log_out] [INFO]- yinquanwangÍË³ö
2018-07-02 14:55:53,036 [HttpRunnerManager:45] [views:login] [INFO]- yinquanwang µÇÂ¼³É¹¦
2018-07-02 14:57:17,859 [django.request:118] [exception:handle_uncaught_exception] [ERROR]- Internal Server Error: /api/module_list/1/
Traceback (most recent call last):
  File "E:\Python35\lib\site-packages\django\core\handlers\exception.py", line 35, in inner
    response = get_response(request)
  File "E:\Python35\lib\site-packages\django\core\handlers\base.py", line 128, in _get_response
    response = self.process_exception_by_middleware(e, request)
  File "E:\Python35\lib\site-packages\django\core\handlers\base.py", line 126, in _get_response
    response = wrapped_callback(request, *callback_args, **callback_kwargs)
  File "D:\HttpRunnerManager\HttpRunnerManager\activator.py", line 15, in process
    result = fun(request, index) if index else fun(request)
  File "D:\HttpRunnerManager\ApiManager\views.py", line 345, in module_list
    filter_query = set_filter_session(request)
  File "D:\HttpRunnerManager\ApiManager\utils\common.py", line 433, in set_filter_session
    request.session['module'] = ModuleInfo.objects.get(id=request.POST.get('module')).module_name
  File "E:\Python35\lib\site-packages\django\db\models\manager.py", line 82, in manager_method
    return getattr(self.get_queryset(), name)(*args, **kwargs)
  File "E:\Python35\lib\site-packages\django\db\models\query.py", line 394, in get
    clone = self.filter(*args, **kwargs)
  File "E:\Python35\lib\site-packages\django\db\models\query.py", line 836, in filter
    return self._filter_or_exclude(False, *args, **kwargs)
  File "E:\Python35\lib\site-packages\django\db\models\query.py", line 854, in _filter_or_exclude
    clone.query.add_q(Q(*args, **kwargs))
  File "E:\Python35\lib\site-packages\django\db\models\sql\query.py", line 1253, in add_q
    clause, _ = self._add_q(q_object, self.used_aliases)
  File "E:\Python35\lib\site-packages\django\db\models\sql\query.py", line 1277, in _add_q
    split_subq=split_subq,
  File "E:\Python35\lib\site-packages\django\db\models\sql\query.py", line 1215, in build_filter
    condition = self.build_lookup(lookups, col, value)
  File "E:\Python35\lib\site-packages\django\db\models\sql\query.py", line 1085, in build_lookup
    lookup = lookup_class(lhs, rhs)
  File "E:\Python35\lib\site-packages\django\db\models\lookups.py", line 18, in __init__
    self.rhs = self.get_prep_lookup()
  File "E:\Python35\lib\site-packages\django\db\models\lookups.py", line 68, in get_prep_lookup
    return self.lhs.output_field.get_prep_value(self.rhs)
  File "E:\Python35\lib\site-packages\django\db\models\fields\__init__.py", line 947, in get_prep_value
    return int(value)
ValueError: invalid literal for int() with base 10: 'ÓÃÀı_quant_login_out(µÇÈëµÇ³ö)'
2018-07-02 14:59:50,449 [HttpRunnerManager:78] [views:log_out] [INFO]- yinquanwangÍË³ö
2018-07-02 14:59:52,333 [HttpRunnerManager:45] [views:login] [INFO]- yinquanwang µÇÂ¼³É¹¦
2019-03-06 16:13:37,523 [django.request:93] [base:get_response] [WARNING]- Not Found: /
2019-03-06 16:17:46,185 [django.request:93] [base:get_response] [WARNING]- Not Found: /
2019-03-06 16:18:45,810 [HttpRunnerManager:60] [views:login] [INFO]- zhaicao ç™»å½•å¤±è´¥, è¯·æ£€æŸ¥ç”¨æˆ·åæˆ–è€…å¯†ç 
2019-03-06 16:18:51,942 [HttpRunnerManager:60] [views:login] [INFO]- zhaicao ç™»å½•å¤±è´¥, è¯·æ£€æŸ¥ç”¨æˆ·åæˆ–è€…å¯†ç 
2019-03-06 16:18:58,693 [HttpRunnerManager:60] [views:login] [INFO]- zhaicao ç™»å½•å¤±è´¥, è¯·æ£€æŸ¥ç”¨æˆ·åæˆ–è€…å¯†ç 
2019-03-06 16:19:07,405 [HttpRunnerManager:60] [views:login] [INFO]- zhaicao ç™»å½•å¤±è´¥, è¯·æ£€æŸ¥ç”¨æˆ·åæˆ–è€…å¯†ç 
2019-03-06 16:19:39,099 [HttpRunnerManager:60] [views:login] [INFO]- zhaicao ç™»å½•å¤±è´¥, è¯·æ£€æŸ¥ç”¨æˆ·åæˆ–è€…å¯†ç 
2019-03-06 16:20:16,883 [HttpRunnerManager:60] [views:login] [INFO]- zhaicao ç™»å½•å¤±è´¥, è¯·æ£€æŸ¥ç”¨æˆ·åæˆ–è€…å¯†ç 
2019-03-06 16:20:29,602 [HttpRunnerManager:60] [views:login] [INFO]- admin ç™»å½•å¤±è´¥, è¯·æ£€æŸ¥ç”¨æˆ·åæˆ–è€…å¯†ç 
2019-03-06 16:20:35,696 [HttpRunnerManager:60] [views:login] [INFO]- admin ç™»å½•å¤±è´¥, è¯·æ£€æŸ¥ç”¨æˆ·åæˆ–è€…å¯†ç 
2019-03-06 16:21:37,063 [HttpRunnerManager:60] [views:login] [INFO]- zhaicao ç™»å½•å¤±è´¥, è¯·æ£€æŸ¥ç”¨æˆ·åæˆ–è€…å¯†ç 
2019-03-06 16:22:11,221 [HttpRunnerManager:60] [views:login] [INFO]- zhaicao ç™»å½•å¤±è´¥, è¯·æ£€æŸ¥ç”¨æˆ·åæˆ–è€…å¯†ç 
2019-03-06 16:24:39,402 [HttpRunnerManager:62] [views:login] [INFO]- zhaicao ç™»å½•å¤±è´¥, è¯·æ£€æŸ¥ç”¨æˆ·åæˆ–è€…å¯†ç 
2019-03-06 16:32:16,693 [HttpRunnerManager:35] [operation:add_register_data] [INFO]- æ–°å¢ç”¨æˆ·ï¼šApiManager.UserInfo.objects
2019-03-06 16:32:24,328 [HttpRunnerManager:57] [views:login] [INFO]- zhaicao ç™»å½•æˆåŠŸ
2019-03-06 16:34:50,628 [HttpRunnerManager:91] [views:log_out] [INFO]- zhaicaoé€€å‡º
2019-03-06 16:39:46,084 [HttpRunnerManager:62] [views:login] [INFO]- zhaicao ç™»å½•å¤±è´¥, è¯·æ£€æŸ¥ç”¨æˆ·åæˆ–è€…å¯†ç 
2019-03-06 16:39:54,277 [HttpRunnerManager:57] [views:login] [INFO]- zhaicao ç™»å½•æˆåŠŸ
2019-03-06 16:40:04,706 [HttpRunnerManager:91] [views:log_out] [INFO]- zhaicaoé€€å‡º
2019-03-06 16:40:49,592 [HttpRunnerManager:57] [views:login] [INFO]- zhaicao ç™»å½•æˆåŠŸ
2019-03-07 09:11:23,243 [HttpRunnerManager:57] [views:login] [INFO]- zhaicao ç™»å½•æˆåŠŸ
2019-03-07 09:24:22,128 [HttpRunnerManager:62] [operation:add_project_data] [INFO]- é¡¹ç›®æ·»åŠ æˆåŠŸï¼š{'project_name': 'æ™ºèƒ½è¿ç»´å¹³å°', 'responsible_name': 'ç¿Ÿæ“', 'test_user': 'èµµè£', 'dev_user': 'åˆ˜é¢–', 'publish_app': 'spring cloud', 'simple_desc': '', 'other_desc': ''}
2019-03-07 09:25:10,047 [HttpRunnerManager:110] [operation:add_module_data] [INFO]- æ¨¡å—æ·»åŠ æˆåŠŸï¼š{'module_name': 'CMDB', 'test_user': 'èµµè£', 'simple_desc': '', 'other_desc': '', 'belong_project': <ProjectInfo: ProjectInfo object (1)>}
2019-03-07 09:25:29,426 [HttpRunnerManager:110] [operation:add_module_data] [INFO]- æ¨¡å—æ·»åŠ æˆåŠŸï¼š{'module_name': 'å‘Šè­¦é€šçŸ¥', 'test_user': 'ç¿Ÿæ“', 'simple_desc': '', 'other_desc': '', 'belong_project': <ProjectInfo: ProjectInfo object (1)>}
2019-03-07 09:32:29,378 [HttpRunnerManager:154] [operation:add_case_data] [INFO]- ç™»å½•ç”¨ä¾‹æ·»åŠ æˆåŠŸ: {'test': {'request': {'url': 'http://10.202.228.31:8088/auth/auth/login', 'method': 'POST', 'data': {'userLoginName': 'admin', 'password': '888888'}, 'headers': {'Content-Type': 'application/json;charset=UTF-8', 'User-Agent': 'Mozilla/5.0 (Windows NT 6.1; Win64; x64) AppleWebKit/537.36 (KHTML, like Gecko) Chrome/70.0.3538.110 Safari/537.36'}}, 'name': 'ç™»å½•'}}
2019-03-07 09:35:13,815 [HttpRunnerManager:163] [operation:add_case_data] [INFO]- ç™»å½•ç”¨ä¾‹æ›´æ–°æˆåŠŸ: {'test': {'request': {'url': 'http://10.202.228.31:8088/auth/auth/login', 'method': 'GET', 'data': {'userLoginName': 'admin', 'password': '888888'}, 'headers': {'Content-Type': 'application/json;charset=UTF-8', 'User-Agent': 'Mozilla/5.0 (Windows NT 6.1; Win64; x64) AppleWebKit/537.36 (KHTML, like Gecko) Chrome/70.0.3538.110 Safari/537.36'}}, 'name': 'ç™»å½•'}}
2019-03-07 09:40:08,857 [HttpRunnerManager:163] [operation:add_case_data] [INFO]- ç™»å½•ç”¨ä¾‹æ›´æ–°æˆåŠŸ: {'test': {'request': {'url': 'http://10.202.228.31:8088/auth/auth/login', 'method': 'GET', 'params': {'userLoginName': 'admin', 'password': '888888'}, 'headers': {'Content-Type': 'application/json;charset=UTF-8', 'User-Agent': 'Mozilla/5.0 (Windows NT 6.1; Win64; x64) AppleWebKit/537.36 (KHTML, like Gecko) Chrome/70.0.3538.110 Safari/537.36'}}, 'name': 'ç™»å½•'}}
2019-03-07 10:00:25,125 [HttpRunnerManager:163] [operation:add_case_data] [INFO]- ç™»å½•ç”¨ä¾‹æ›´æ–°æˆåŠŸ: {'test': {'request': {'url': 'http://10.202.228.31:8088/auth/auth/login', 'method': 'GET', 'params': {'userLoginName': 'admin', 'password': '888888'}, 'headers': {'Content-Type': 'application/json;charset=UTF-8', 'User-Agent': 'Mozilla/5.0 (Windows NT 6.1; Win64; x64) AppleWebKit/537.36 (KHTML, like Gecko) Chrome/70.0.3538.110 Safari/537.36'}}, 'name': 'ç™»å½•', 'validate': [{'comparator': 'equals', 'check': 'status_code', 'expected': '200'}], 'extract': [{}]}}
2019-03-07 10:01:21,773 [HttpRunnerManager:163] [operation:add_case_data] [INFO]- ç™»å½•ç”¨ä¾‹æ›´æ–°æˆåŠŸ: {'test': {'request': {'url': 'http://10.202.228.31:8088/auth/auth/login', 'method': 'GET', 'params': {'userLoginName': 'admin', 'password': '888888'}, 'headers': {'Content-Type': 'application/json;charset=UTF-8', 'User-Agent': 'Mozilla/5.0 (Windows NT 6.1; Win64; x64) AppleWebKit/537.36 (KHTML, like Gecko) Chrome/70.0.3538.110 Safari/537.36'}}, 'name': 'ç™»å½•', 'validate': [{'comparator': 'equals', 'check': 'status_code', 'expected': '200'}]}}
2019-03-07 10:04:38,139 [HttpRunnerManager:163] [operation:add_case_data] [INFO]- ç™»å½•ç”¨ä¾‹æ›´æ–°æˆåŠŸ: {'test': {'request': {'url': 'http://10.202.228.31:8088/auth/auth/login', 'method': 'GET', 'params': {'userLoginName': 'admin', 'password': '888888'}, 'headers': {'Content-Type': 'application/json;charset=UTF-8', 'User-Agent': 'Mozilla/5.0 (Windows NT 6.1; Win64; x64) AppleWebKit/537.36 (KHTML, like Gecko) Chrome/70.0.3538.110 Safari/537.36'}}, 'name': 'ç™»å½•', 'validate': [{'comparator': 'equals', 'check': 'status_code', 'expected': 200}], 'extract': [{'(.*)': ''}]}}
2019-03-07 10:07:17,366 [HttpRunnerManager:163] [operation:add_case_data] [INFO]- ç™»å½•ç”¨ä¾‹æ›´æ–°æˆåŠŸ: {'test': {'request': {'url': 'http://10.202.228.31:8088/auth/auth/login', 'method': 'GET', 'params': {'userLoginName': 'admin', 'password': '888888'}, 'headers': {'Content-Type': 'application/json;charset=UTF-8', 'User-Agent': 'Mozilla/5.0 (Windows NT 6.1; Win64; x64) AppleWebKit/537.36 (KHTML, like Gecko) Chrome/70.0.3538.110 Safari/537.36'}}, 'name': 'ç™»å½•', 'validate': [{'comparator': 'equals', 'check': 'status_code', 'expected': '200'}], 'extract': [{'(.*)': ''}]}}
2019-03-07 10:07:20,636 [django.request:93] [base:get_response] [WARNING]- Not Found: /
2019-03-07 10:09:35,668 [HttpRunnerManager:163] [operation:add_case_data] [INFO]- ç™»å½•ç”¨ä¾‹æ›´æ–°æˆåŠŸ: {'test': {'request': {'url': 'http://10.202.228.31:8088/auth/auth/login', 'method': 'GET', 'params': {'userLoginName': 'admin', 'password': '888888'}, 'headers': {'Content-Type': 'application/json;charset=UTF-8', 'User-Agent': 'Mozilla/5.0 (Windows NT 6.1; Win64; x64) AppleWebKit/537.36 (KHTML, like Gecko) Chrome/70.0.3538.110 Safari/537.36'}}, 'name': 'ç™»å½•', 'validate': [{'comparator': 'equals', 'check': 'status_code', 'expected': '200'}]}}
2019-03-07 10:11:46,769 [HttpRunnerManager:163] [operation:add_case_data] [INFO]- ç™»å½•ç”¨ä¾‹æ›´æ–°æˆåŠŸ: {'test': {'request': {'url': 'http://10.202.228.31:8088/auth/auth/login', 'method': 'GET', 'params': {'userLoginName': 'admin', 'password': '888888'}, 'headers': {'Content-Type': 'application/json;charset=UTF-8', 'User-Agent': 'Mozilla/5.0 (Windows NT 6.1; Win64; x64) AppleWebKit/537.36 (KHTML, like Gecko) Chrome/70.0.3538.110 Safari/537.36'}}, 'name': 'ç™»å½•', 'validate': [{'comparator': 'equals', 'check': 'status_code', 'expected': 200}]}}
2019-03-07 10:15:12,038 [HttpRunnerManager:163] [operation:add_case_data] [INFO]- ç™»å½•ç”¨ä¾‹æ›´æ–°æˆåŠŸ: {'test': {'request': {'url': 'http://10.202.228.31:8088/auth/auth/login', 'method': 'GET', 'params': {'userLoginName': 'admin', 'password': '888888'}, 'headers': {'Content-Type': 'application/json;charset=UTF-8', 'User-Agent': 'Mozilla/5.0 (Windows NT 6.1; Win64; x64) AppleWebKit/537.36 (KHTML, like Gecko) Chrome/70.0.3538.110 Safari/537.36'}}, 'name': 'ç™»å½•', 'validate': [{'comparator': 'equals', 'check': 'status_code', 'expected': 200}], 'extract': [{'token': 'content'}]}}
2019-03-07 10:18:00,231 [HttpRunnerManager:163] [operation:add_case_data] [INFO]- ç™»å½•ç”¨ä¾‹æ›´æ–°æˆåŠŸ: {'test': {'request': {'url': '/auth/auth/login', 'method': 'GET', 'params': {'userLoginName': 'admin', 'password': '888888'}, 'headers': {'Content-Type': 'application/json;charset=UTF-8', 'User-Agent': 'Mozilla/5.0 (Windows NT 6.1; Win64; x64) AppleWebKit/537.36 (KHTML, like Gecko) Chrome/70.0.3538.110 Safari/537.36'}}, 'name': 'ç™»å½•', 'validate': [{'comparator': 'equals', 'check': 'status_code', 'expected': 200}], 'extract': [{'token': 'content'}]}}
2019-03-07 10:31:56,153 [HttpRunnerManager:163] [operation:add_case_data] [INFO]- ç™»å½•ç”¨ä¾‹æ›´æ–°æˆåŠŸ: {'test': {'request': {'url': '/auth/auth/login', 'method': 'GET', 'params': {'userLoginName': 'admin', 'password': '888888'}, 'headers': {'Content-Type': 'application/json;charset=UTF-8', 'User-Agent': 'Mozilla/5.0 (Windows NT 6.1; Win64; x64) AppleWebKit/537.36 (KHTML, like Gecko) Chrome/70.0.3538.110 Safari/537.36'}}, 'name': 'ç™»å½•', 'validate': [{'comparator': 'equals', 'check': 'status_code', 'expected': 200}], 'extract': [{'token': 'content'}]}}
2019-03-07 10:42:08,576 [HttpRunnerManager:154] [operation:add_case_data] [INFO]- æˆ‘çš„å‘Šè­¦ç”¨ä¾‹æ·»åŠ æˆåŠŸ: {'test': {'request': {'url': '/alarm/historyAlarm/getHistoryAlarms', 'method': 'POST', 'data': {'json': '{ "asc": false, "current": 1, "orderByField": "", "page": 1, "params": { \t"alarmContent": "", \t"alarmIp": "", \t"alarmLevel": "", \t"endTime": "", \t"sourceCiName": "", \t"sourceType": "", \t"startTime": "", \t"systemId": "" \t}, "size": 20 }'}, 'headers': {'max-token': '$token', 'Content-Type': 'application/json;charset=UTF-8'}}, 'name': 'æˆ‘çš„å‘Šè­¦'}}
2019-03-07 10:47:03,774 [HttpRunnerManager:163] [operation:add_case_data] [INFO]- æˆ‘çš„å‘Šè­¦ç”¨ä¾‹æ›´æ–°æˆåŠŸ: {'test': {'request': {'url': '/alarm/historyAlarm/getHistoryAlarms', 'method': 'POST', 'data': {'json': '{ "asc": false, "current": 1, "orderByField": "", "page": 1, "params": { \t"alarmContent": "", \t"alarmIp": "", \t"alarmLevel": "", \t"endTime": "", \t"sourceCiName": "", \t"sourceType": "", \t"startTime": "", \t"systemId": "" \t}, "size": 20 }'}, 'headers': {'max-token': '$token', 'Content-Type': 'application/json;charset=UTF-8'}}, 'name': 'æˆ‘çš„å‘Šè­¦'}}
2019-03-07 11:00:11,443 [HttpRunnerManager:163] [operation:add_case_data] [INFO]- æˆ‘çš„å‘Šè­¦ç”¨ä¾‹æ›´æ–°æˆåŠŸ: {'test': {'request': {'url': '/alarm/historyAlarm/getHistoryAlarms', 'method': 'POST', 'json': {'asc': False, 'current': 1, 'orderByField': '', 'page': 1, 'params': {'alarmContent': '', 'alarmIp': '', 'alarmLevel': '', 'endTime': '', 'sourceCiName': '', 'sourceType': '', 'startTime': '', 'systemId': ''}, 'size': 20}, 'headers': {'max-token': '$token', 'Content-Type': 'application/json;charset=UTF-8'}}, 'name': 'æˆ‘çš„å‘Šè­¦'}}
2019-03-07 11:07:05,120 [HttpRunnerManager:163] [operation:add_case_data] [INFO]- æˆ‘çš„å‘Šè­¦ç”¨ä¾‹æ›´æ–°æˆåŠŸ: {'test': {'request': {'url': '/alarm/historyAlarm/getHistoryAlarms', 'method': 'POST', 'json': {'asc': False, 'current': 1, 'orderByField': '', 'page': 1, 'params': {'alarmContent': '', 'alarmIp': '', 'alarmLevel': '', 'endTime': '', 'sourceCiName': '', 'sourceType': '', 'startTime': '', 'systemId': ''}, 'size': 20}, 'headers': {'max-token': '$token', 'Content-Type': 'application/json;charset=UTF-8'}}, 'name': 'æˆ‘çš„å‘Šè­¦', 'validate': [{'comparator': 'equals', 'check': 'total', 'expected': 316640}]}}
2019-03-07 11:08:58,827 [HttpRunnerManager:163] [operation:add_case_data] [INFO]- æˆ‘çš„å‘Šè­¦ç”¨ä¾‹æ›´æ–°æˆåŠŸ: {'test': {'request': {'url': '/alarm/historyAlarm/getHistoryAlarms', 'method': 'POST', 'json': {'asc': False, 'current': 1, 'orderByField': '', 'page': 1, 'params': {'alarmContent': '', 'alarmIp': '', 'alarmLevel': '', 'endTime': '', 'sourceCiName': '', 'sourceType': '', 'startTime': '', 'systemId': ''}, 'size': 20}, 'headers': {'max-token': '$token', 'Content-Type': 'application/json;charset=UTF-8'}}, 'name': 'æˆ‘çš„å‘Šè­¦', 'validate': [{'comparator': 'equals', 'check': 'json.size', 'expected': 20}]}}
2019-03-07 11:32:29,301 [HttpRunnerManager:163] [operation:add_case_data] [INFO]- æˆ‘çš„å‘Šè­¦ç”¨ä¾‹æ›´æ–°æˆåŠŸ: {'test': {'request': {'url': '/alarm/historyAlarm/getHistoryAlarms', 'method': 'POST', 'json': {'asc': False, 'current': 1, 'orderByField': '', 'page': 1, 'params': {'alarmContent': '', 'alarmIp': '', 'alarmLevel': '', 'endTime': '', 'sourceCiName': '', 'sourceType': '', 'startTime': '', 'systemId': ''}, 'size': 20}, 'headers': {'max-token': '$token', 'Content-Type': 'application/json;charset=UTF-8'}}, 'name': 'æˆ‘çš„å‘Šè­¦', 'validate': [{'comparator': 'equals', 'check': "$getvalue_jp(json, '$.size')", 'expected': 20}]}}
2019-03-07 11:34:40,774 [HttpRunnerManager:163] [operation:add_case_data] [INFO]- æˆ‘çš„å‘Šè­¦ç”¨ä¾‹æ›´æ–°æˆåŠŸ: {'test': {'request': {'url': '/alarm/historyAlarm/getHistoryAlarms', 'method': 'POST', 'json': {'asc': False, 'current': 1, 'orderByField': '', 'page': 1, 'params': {'alarmContent': '', 'alarmIp': '', 'alarmLevel': '', 'endTime': '', 'sourceCiName': '', 'sourceType': '', 'startTime': '', 'systemId': ''}, 'size': 20}, 'headers': {'max-token': '$token', 'Content-Type': 'application/json;charset=UTF-8'}}, 'name': 'æˆ‘çš„å‘Šè­¦', 'validate': [{'comparator': 'equals', 'check': "${getvalue_jp(json, '$.size')}", 'expected': 20}]}}
2019-03-07 11:58:27,287 [HttpRunnerManager:91] [views:log_out] [INFO]- zhaicaoé€€å‡º
2019-03-07 11:58:38,151 [HttpRunnerManager:57] [views:login] [INFO]- zhaicao ç™»å½•æˆåŠŸ
2019-03-07 19:16:45,125 [HttpRunnerManager:57] [views:login] [INFO]- zhaicao ç™»å½•æˆåŠŸ
2019-03-07 19:40:45,393 [HttpRunnerManager:36] [common:type_change] [ERROR]- ${getvalue_jp(json, '$.size')}è½¬æ¢intå¤±è´¥
2019-03-07 19:41:00,378 [HttpRunnerManager:163] [operation:add_case_data] [INFO]- æˆ‘çš„å‘Šè­¦ç”¨ä¾‹æ›´æ–°æˆåŠŸ: {'test': {'request': {'url': '/alarm/historyAlarm/getHistoryAlarms', 'method': 'POST', 'json': {'asc': False, 'current': 1, 'orderByField': '', 'page': 1, 'params': {'alarmContent': '', 'alarmIp': '', 'alarmLevel': '', 'endTime': '', 'sourceCiName': '', 'sourceType': '', 'startTime': '', 'systemId': ''}, 'size': 20}, 'headers': {'max-token': '$token', 'Content-Type': 'application/json;charset=UTF-8'}}, 'name': 'æˆ‘çš„å‘Šè­¦', 'validate': [{'comparator': 'equals', 'check': 'json.size', 'expected': "${getvalue_jp(json, '$.size')}"}]}}
2019-03-07 19:42:17,726 [HttpRunnerManager:163] [operation:add_case_data] [INFO]- æˆ‘çš„å‘Šè­¦ç”¨ä¾‹æ›´æ–°æˆåŠŸ: {'test': {'request': {'url': '/alarm/historyAlarm/getHistoryAlarms', 'method': 'POST', 'json': {'asc': False, 'current': 1, 'orderByField': '', 'page': 1, 'params': {'alarmContent': '', 'alarmIp': '', 'alarmLevel': '', 'endTime': '', 'sourceCiName': '', 'sourceType': '', 'startTime': '', 'systemId': ''}, 'size': 20}, 'headers': {'max-token': '$token', 'Content-Type': 'application/json;charset=UTF-8'}}, 'name': 'æˆ‘çš„å‘Šè­¦', 'validate': [{'comparator': 'equals', 'check': 'json.size', 'expected': '${getvalue_jp()}'}]}}
2019-03-07 19:43:23,394 [HttpRunnerManager:36] [common:type_change] [ERROR]- ${getvalue_jp()}è½¬æ¢intå¤±è´¥
2019-03-07 19:43:28,287 [HttpRunnerManager:163] [operation:add_case_data] [INFO]- æˆ‘çš„å‘Šè­¦ç”¨ä¾‹æ›´æ–°æˆåŠŸ: {'test': {'request': {'url': '/alarm/historyAlarm/getHistoryAlarms', 'method': 'POST', 'json': {'asc': False, 'current': 1, 'orderByField': '', 'page': 1, 'params': {'alarmContent': '', 'alarmIp': '', 'alarmLevel': '', 'endTime': '', 'sourceCiName': '', 'sourceType': '', 'startTime': '', 'systemId': ''}, 'size': 20}, 'headers': {'max-token': '$token', 'Content-Type': 'application/json;charset=UTF-8'}}, 'name': 'æˆ‘çš„å‘Šè­¦', 'validate': [{'comparator': 'equals', 'check': 'json.size', 'expected': '${getvalue_jp()}'}]}}
2019-03-07 19:44:37,767 [HttpRunnerManager:163] [operation:add_case_data] [INFO]- æˆ‘çš„å‘Šè­¦ç”¨ä¾‹æ›´æ–°æˆåŠŸ: {'test': {'request': {'url': '/alarm/historyAlarm/getHistoryAlarms', 'method': 'POST', 'json': {'asc': False, 'current': 1, 'orderByField': '', 'page': 1, 'params': {'alarmContent': '', 'alarmIp': '', 'alarmLevel': '', 'endTime': '', 'sourceCiName': '', 'sourceType': '', 'startTime': '', 'systemId': ''}, 'size': 20}, 'headers': {'max-token': '$token', 'Content-Type': 'application/json;charset=UTF-8'}}, 'name': 'æˆ‘çš„å‘Šè­¦', 'validate': [{'comparator': 'equals', 'check': '$', 'expected': '${getvalue_jp()}'}]}}
2019-03-08 09:59:33,175 [HttpRunnerManager:57] [views:login] [INFO]- zhaicao ç™»å½•æˆåŠŸ
2019-03-08 13:31:54,425 [HttpRunnerManager:163] [operation:add_case_data] [INFO]- ç™»å½•ç”¨ä¾‹æ›´æ–°æˆåŠŸ: {'test': {'request': {'url': '/auth/auth/login', 'method': 'GET', 'params': {'userLoginName': 'admin', 'password': '888888'}, 'headers': {'Content-Type': 'application/json;charset=UTF-8', 'User-Agent': 'Mozilla/5.0 (Windows NT 6.1; Win64; x64) AppleWebKit/537.36 (KHTML, like Gecko) Chrome/70.0.3538.110 Safari/537.36'}}, 'name': 'ç™»å½•', 'validate': [{'comparator': 'equals', 'check': 'status_code', 'expected': 200}], 'extract': [{'token': 'content'}], 'parameters': [{'userLoginName-password': [['admin', 'admin'], ['123456', '888888']]}]}}
2019-03-08 13:34:20,904 [HttpRunnerManager:163] [operation:add_case_data] [INFO]- ç™»å½•ç”¨ä¾‹æ›´æ–°æˆåŠŸ: {'test': {'request': {'url': '/auth/auth/login', 'method': 'GET', 'headers': {'Content-Type': 'application/json;charset=UTF-8', 'User-Agent': 'Mozilla/5.0 (Windows NT 6.1; Win64; x64) AppleWebKit/537.36 (KHTML, like Gecko) Chrome/70.0.3538.110 Safari/537.36'}}, 'name': 'ç™»å½•', 'validate': [{'comparator': 'equals', 'check': 'status_code', 'expected': 200}], 'extract': [{'token': 'content'}], 'parameters': [{'userLoginName-password': [['admin', 'admin'], ['123456', '888888']]}]}}
2019-03-08 13:43:57,020 [HttpRunnerManager:163] [operation:add_case_data] [INFO]- ç™»å½•ç”¨ä¾‹æ›´æ–°æˆåŠŸ: {'test': {'request': {'url': '/auth/auth/login', 'method': 'GET', 'params': {'userLoginName': '$username', 'password': '$pwd'}, 'headers': {'Content-Type': 'application/json;charset=UTF-8', 'User-Agent': 'Mozilla/5.0 (Windows NT 6.1; Win64; x64) AppleWebKit/537.36 (KHTML, like Gecko) Chrome/70.0.3538.110 Safari/537.36'}}, 'name': 'ç™»å½•', 'validate': [{'comparator': 'equals', 'check': 'status_code', 'expected': 200}], 'extract': [{'token': 'content'}], 'parameters': [{'username-pwd': [['admin', 'admin'], ['123456', '888888']]}]}}
2019-03-08 13:44:48,738 [HttpRunnerManager:163] [operation:add_case_data] [INFO]- ç™»å½•ç”¨ä¾‹æ›´æ–°æˆåŠŸ: {'test': {'request': {'url': '/auth/auth/login', 'method': 'GET', 'params': {'userLoginName': '$username', 'password': '$pwd'}, 'headers': {'Content-Type': 'application/json;charset=UTF-8', 'User-Agent': 'Mozilla/5.0 (Windows NT 6.1; Win64; x64) AppleWebKit/537.36 (KHTML, like Gecko) Chrome/70.0.3538.110 Safari/537.36'}}, 'name': 'ç™»å½•', 'validate': [{'comparator': 'equals', 'check': 'status_code', 'expected': 200}], 'extract': [{'token': 'content'}], 'parameters': [{'username-pwd': [['admin', '123456'], ['admin', '888888']]}]}}
2019-03-08 13:46:43,587 [HttpRunnerManager:163] [operation:add_case_data] [INFO]- æˆ‘çš„å‘Šè­¦ç”¨ä¾‹æ›´æ–°æˆåŠŸ: {'test': {'request': {'url': '/alarm/historyAlarm/getHistoryAlarms', 'method': 'POST', 'json': {'asc': False, 'current': 1, 'orderByField': '', 'page': 1, 'params': {'alarmContent': '', 'alarmIp': '', 'alarmLevel': '', 'endTime': '', 'sourceCiName': '', 'sourceType': '', 'startTime': '', 'systemId': ''}, 'size': 10}, 'headers': {'max-token': '$token', 'Content-Type': 'application/json;charset=UTF-8'}}, 'name': 'æˆ‘çš„å‘Šè­¦', 'validate': [{'comparator': 'equals', 'check': '$', 'expected': '${getvalue_jp()}'}]}}
2019-03-08 14:29:00,040 [HttpRunnerManager:163] [operation:add_case_data] [INFO]- ç™»å½•ç”¨ä¾‹æ›´æ–°æˆåŠŸ: {'test': {'request': {'url': '/auth/auth/login', 'method': 'GET', 'params': {'userLoginName': '$username', 'password': '$pwd'}, 'headers': {'Content-Type': 'application/json;charset=UTF-8', 'User-Agent': 'Mozilla/5.0 (Windows NT 6.1; Win64; x64) AppleWebKit/537.36 (KHTML, like Gecko) Chrome/70.0.3538.110 Safari/537.36'}}, 'name': 'ç™»å½•', 'validate': [{'comparator': 'equals', 'check': 'status_code', 'expected': 200}], 'extract': [{'token': 'content'}], 'variables': [{'username': 'admin'}, {'pwd': '888888'}]}}
2019-03-08 14:32:53,718 [HttpRunnerManager:192] [operation:add_config_data] [INFO]- è¿ç»´å¹³å°31é…ç½®æ·»åŠ æˆåŠŸ: {'config': {'request': {}, 'name': 'è¿ç»´å¹³å°31', 'variables': [{'username': 'admin'}, {'pwd': '888888'}]}}
2019-03-08 14:34:15,935 [HttpRunnerManager:163] [operation:add_case_data] [INFO]- æˆ‘çš„å‘Šè­¦ç”¨ä¾‹æ›´æ–°æˆåŠŸ: {'test': {'request': {'url': '/alarm/historyAlarm/getHistoryAlarms', 'method': 'POST', 'json': {'asc': False, 'current': 1, 'orderByField': '', 'page': 1, 'params': {'alarmContent': '', 'alarmIp': '', 'alarmLevel': '', 'endTime': '', 'sourceCiName': '', 'sourceType': '', 'startTime': '', 'systemId': ''}, 'size': 10}, 'headers': {'max-token': '$token', 'Content-Type': 'application/json;charset=UTF-8'}}, 'name': 'æˆ‘çš„å‘Šè­¦', 'validate': [{'comparator': 'equals', 'check': '$', 'expected': '${getvalue_jp()}'}]}}
2019-03-08 14:35:30,994 [HttpRunnerManager:163] [operation:add_case_data] [INFO]- æˆ‘çš„å‘Šè­¦ç”¨ä¾‹æ›´æ–°æˆåŠŸ: {'test': {'request': {'url': '/alarm/historyAlarm/getHistoryAlarms', 'method': 'POST', 'json': {'asc': False, 'current': 1, 'orderByField': '', 'page': 1, 'params': {'alarmContent': '', 'alarmIp': '', 'alarmLevel': '', 'endTime': '', 'sourceCiName': '', 'sourceType': '', 'startTime': '', 'systemId': ''}, 'size': 10}, 'headers': {'max-token': '$token', 'Content-Type': 'application/json;charset=UTF-8'}}, 'name': 'æˆ‘çš„å‘Šè­¦', 'validate': [{'comparator': 'equals', 'check': 'json.size', 'expected': '${getvalue_jp()}'}]}}
2019-03-11 16:41:12,106 [django.request:93] [base:get_response] [WARNING]- Not Found: /
2019-03-11 16:41:26,248 [django.request:93] [base:get_response] [WARNING]- Not Found: /index
2019-03-11 16:41:28,483 [django.request:93] [base:get_response] [WARNING]- Not Found: /index
2019-03-11 16:41:44,599 [django.request:93] [base:get_response] [WARNING]- Not Found: /login.html
2019-03-11 16:41:48,210 [django.request:93] [base:get_response] [WARNING]- Not Found: /login
2019-03-11 16:42:06,656 [django.request:93] [base:get_response] [WARNING]- Not Found: /
2019-03-11 16:42:24,920 [django.request:93] [base:get_response] [WARNING]- Not Found: /in
2019-03-11 16:43:20,205 [django.request:93] [base:get_response] [WARNING]- Not Found: /api
2019-03-11 16:43:31,748 [HttpRunnerManager:62] [views:login] [INFO]- zhaorong468@163.com ç™»å½•å¤±è´¥, è¯·æ£€æŸ¥ç”¨æˆ·åæˆ–è€…å¯†ç 
2019-03-11 16:43:41,194 [HttpRunnerManager:62] [views:login] [INFO]- zhaorong468@163.com ç™»å½•å¤±è´¥, è¯·æ£€æŸ¥ç”¨æˆ·åæˆ–è€…å¯†ç 
2019-03-11 16:44:09,593 [HttpRunnerManager:62] [views:login] [INFO]- zhaorong468@163.com ç™»å½•å¤±è´¥, è¯·æ£€æŸ¥ç”¨æˆ·åæˆ–è€…å¯†ç 
2019-03-11 16:44:17,731 [HttpRunnerManager:62] [views:login] [INFO]- zhaorong468@163.com ç™»å½•å¤±è´¥, è¯·æ£€æŸ¥ç”¨æˆ·åæˆ–è€…å¯†ç 
2019-03-11 16:44:24,955 [HttpRunnerManager:62] [views:login] [INFO]- zhaorong468@163.com ç™»å½•å¤±è´¥, è¯·æ£€æŸ¥ç”¨æˆ·åæˆ–è€…å¯†ç 
2019-03-11 16:45:27,572 [HttpRunnerManager:35] [operation:add_register_data] [INFO]- æ–°å¢ç”¨æˆ·ï¼šApiManager.UserInfo.objects
2019-03-11 16:45:35,078 [HttpRunnerManager:57] [views:login] [INFO]- zhaorong468 ç™»å½•æˆåŠŸ
2019-03-11 17:47:38,694 [HttpRunnerManager:57] [views:login] [INFO]- zhaicao ç™»å½•æˆåŠŸ
2019-03-12 09:56:02,549 [django.request:118] [exception:handle_uncaught_exception] [ERROR]- Internal Server Error: /
Traceback (most recent call last):
  File "/Library/Frameworks/Python.framework/Versions/3.6/lib/python3.6/site-packages/django/core/handlers/exception.py", line 35, in inner
    response = get_response(request)
  File "/Library/Frameworks/Python.framework/Versions/3.6/lib/python3.6/site-packages/django/core/handlers/base.py", line 128, in _get_response
    response = self.process_exception_by_middleware(e, request)
  File "/Library/Frameworks/Python.framework/Versions/3.6/lib/python3.6/site-packages/django/core/handlers/base.py", line 126, in _get_response
    response = wrapped_callback(request, *callback_args, **callback_kwargs)
  File "/Users/Ricky/Documents/PythonWorkspace/HttpRunnerManager/HttpRunnerManager/activator.py", line 10, in process
    app = __import__("%s.views" % app)
ModuleNotFoundError: No module named 'None'
2019-03-12 09:56:49,471 [django.request:118] [exception:handle_uncaught_exception] [ERROR]- Internal Server Error: /
Traceback (most recent call last):
  File "/Library/Frameworks/Python.framework/Versions/3.6/lib/python3.6/site-packages/django/core/handlers/exception.py", line 35, in inner
    response = get_response(request)
  File "/Library/Frameworks/Python.framework/Versions/3.6/lib/python3.6/site-packages/django/core/handlers/base.py", line 128, in _get_response
    response = self.process_exception_by_middleware(e, request)
  File "/Library/Frameworks/Python.framework/Versions/3.6/lib/python3.6/site-packages/django/core/handlers/base.py", line 126, in _get_response
    response = wrapped_callback(request, *callback_args, **callback_kwargs)
  File "/Users/Ricky/Documents/PythonWorkspace/HttpRunnerManager/HttpRunnerManager/activator.py", line 10, in process
    app = __import__("%s.views" % app)
ModuleNotFoundError: No module named 'None'
2019-03-12 09:56:55,257 [django.request:118] [exception:handle_uncaught_exception] [ERROR]- Internal Server Error: /
Traceback (most recent call last):
  File "/Library/Frameworks/Python.framework/Versions/3.6/lib/python3.6/site-packages/django/core/handlers/exception.py", line 35, in inner
    response = get_response(request)
  File "/Library/Frameworks/Python.framework/Versions/3.6/lib/python3.6/site-packages/django/core/handlers/base.py", line 128, in _get_response
    response = self.process_exception_by_middleware(e, request)
  File "/Library/Frameworks/Python.framework/Versions/3.6/lib/python3.6/site-packages/django/core/handlers/base.py", line 126, in _get_response
    response = wrapped_callback(request, *callback_args, **callback_kwargs)
  File "/Users/Ricky/Documents/PythonWorkspace/HttpRunnerManager/HttpRunnerManager/activator.py", line 10, in process
    app = __import__("%s.views" % app)
ModuleNotFoundError: No module named 'None'
2019-03-12 09:57:35,285 [django.request:93] [base:get_response] [WARNING]- Not Found: /api
2019-03-12 10:02:08,829 [django.request:118] [exception:handle_uncaught_exception] [ERROR]- Internal Server Error: /
Traceback (most recent call last):
  File "/Library/Frameworks/Python.framework/Versions/3.6/lib/python3.6/site-packages/django/core/handlers/exception.py", line 35, in inner
    response = get_response(request)
  File "/Library/Frameworks/Python.framework/Versions/3.6/lib/python3.6/site-packages/django/core/handlers/base.py", line 128, in _get_response
    response = self.process_exception_by_middleware(e, request)
  File "/Library/Frameworks/Python.framework/Versions/3.6/lib/python3.6/site-packages/django/core/handlers/base.py", line 126, in _get_response
    response = wrapped_callback(request, *callback_args, **callback_kwargs)
  File "/Users/Ricky/Documents/PythonWorkspace/HttpRunnerManager/HttpRunnerManager/activator.py", line 10, in process
    app = __import__("%s.views" % app)
ModuleNotFoundError: No module named 'None'
2019-03-12 10:07:04,518 [django.request:118] [exception:handle_uncaught_exception] [ERROR]- Internal Server Error: /
Traceback (most recent call last):
  File "/Library/Frameworks/Python.framework/Versions/3.6/lib/python3.6/site-packages/django/core/handlers/exception.py", line 35, in inner
    response = get_response(request)
  File "/Library/Frameworks/Python.framework/Versions/3.6/lib/python3.6/site-packages/django/core/handlers/base.py", line 128, in _get_response
    response = self.process_exception_by_middleware(e, request)
  File "/Library/Frameworks/Python.framework/Versions/3.6/lib/python3.6/site-packages/django/core/handlers/base.py", line 126, in _get_response
    response = wrapped_callback(request, *callback_args, **callback_kwargs)
  File "/Users/Ricky/Documents/PythonWorkspace/HttpRunnerManager/HttpRunnerManager/activator.py", line 12, in process
    fun = getattr(view, fun)
TypeError: getattr(): attribute name must be string
2019-03-12 10:07:24,100 [django.request:118] [exception:handle_uncaught_exception] [ERROR]- Internal Server Error: /
Traceback (most recent call last):
  File "/Library/Frameworks/Python.framework/Versions/3.6/lib/python3.6/site-packages/django/core/handlers/exception.py", line 35, in inner
    response = get_response(request)
  File "/Library/Frameworks/Python.framework/Versions/3.6/lib/python3.6/site-packages/django/core/handlers/base.py", line 128, in _get_response
    response = self.process_exception_by_middleware(e, request)
  File "/Library/Frameworks/Python.framework/Versions/3.6/lib/python3.6/site-packages/django/core/handlers/base.py", line 126, in _get_response
    response = wrapped_callback(request, *callback_args, **callback_kwargs)
  File "/Users/Ricky/Documents/PythonWorkspace/HttpRunnerManager/HttpRunnerManager/activator.py", line 12, in process
    fun = getattr(view, fun)
TypeError: getattr(): attribute name must be string
2019-03-12 10:08:03,918 [django.request:118] [exception:handle_uncaught_exception] [ERROR]- Internal Server Error: /
Traceback (most recent call last):
  File "/Library/Frameworks/Python.framework/Versions/3.6/lib/python3.6/site-packages/django/core/handlers/exception.py", line 35, in inner
    response = get_response(request)
  File "/Library/Frameworks/Python.framework/Versions/3.6/lib/python3.6/site-packages/django/core/handlers/base.py", line 128, in _get_response
    response = self.process_exception_by_middleware(e, request)
  File "/Library/Frameworks/Python.framework/Versions/3.6/lib/python3.6/site-packages/django/core/handlers/base.py", line 126, in _get_response
    response = wrapped_callback(request, *callback_args, **callback_kwargs)
  File "/Users/Ricky/Documents/PythonWorkspace/HttpRunnerManager/HttpRunnerManager/activator.py", line 12, in process
    fun = getattr(view, fun)
TypeError: getattr(): attribute name must be string
2019-03-12 10:08:41,829 [django.request:118] [exception:handle_uncaught_exception] [ERROR]- Internal Server Error: /
Traceback (most recent call last):
  File "/Library/Frameworks/Python.framework/Versions/3.6/lib/python3.6/site-packages/django/core/handlers/exception.py", line 35, in inner
    response = get_response(request)
  File "/Library/Frameworks/Python.framework/Versions/3.6/lib/python3.6/site-packages/django/core/handlers/base.py", line 128, in _get_response
    response = self.process_exception_by_middleware(e, request)
  File "/Library/Frameworks/Python.framework/Versions/3.6/lib/python3.6/site-packages/django/core/handlers/base.py", line 126, in _get_response
    response = wrapped_callback(request, *callback_args, **callback_kwargs)
  File "/Users/Ricky/Documents/PythonWorkspace/HttpRunnerManager/HttpRunnerManager/activator.py", line 10, in process
    app = __import__("%s.views" % app)
ModuleNotFoundError: No module named 'None'
2019-03-12 10:12:55,439 [HttpRunnerManager:57] [views:login] [INFO]- zhaicao ç™»å½•æˆåŠŸ
2019-03-12 10:13:19,508 [HttpRunnerManager:91] [views:log_out] [INFO]- zhaicaoé€€å‡º
2019-03-12 10:13:24,717 [django.request:93] [base:get_response] [WARNING]- Not Found: /api
2019-03-12 10:17:10,354 [HttpRunnerManager:57] [views:login] [INFO]- zhaicao ç™»å½•æˆåŠŸ
2019-03-12 10:17:29,697 [HttpRunnerManager:91] [views:log_out] [INFO]- zhaicaoé€€å‡º
2019-03-12 10:17:53,029 [HttpRunnerManager:57] [views:login] [INFO]- zhaicao ç™»å½•æˆåŠŸ
2019-03-12 10:22:37,348 [HttpRunnerManager:57] [views:login] [INFO]- zhaorong468 ç™»å½•æˆåŠŸ
2019-03-12 11:11:18,269 [HttpRunnerManager:57] [views:login] [INFO]- zhaicao ç™»å½•æˆåŠŸ
2019-03-12 13:39:58,977 [django.request:93] [base:get_response] [WARNING]- Not Found: /dashboard
2019-03-12 13:45:27,248 [django.request:93] [base:get_response] [WARNING]- Not Found: /dashboard
2019-03-12 13:46:11,455 [HttpRunnerManager:91] [views:log_out] [INFO]- zhaicaoé€€å‡º
2019-03-12 13:46:18,073 [HttpRunnerManager:57] [views:login] [INFO]- zhaicao ç™»å½•æˆåŠŸ
2019-03-12 13:57:55,668 [django.request:93] [base:get_response] [WARNING]- Not Found: /dashboard
2019-03-12 14:05:53,844 [HttpRunnerManager:110] [operation:add_module_data] [INFO]- æ¨¡å—æ·»åŠ æˆåŠŸï¼š{'module_name': 'ç³»ç»Ÿç®¡ç†', 'test_user': 'èµµè£', 'simple_desc': '', 'other_desc': '', 'belong_project': <ProjectInfo: ProjectInfo object (1)>}
2019-03-12 14:06:02,045 [django.request:93] [base:get_response] [WARNING]- Not Found: /api/env_list/1/:5555/dashboard
2019-03-12 14:06:57,296 [django.request:93] [base:get_response] [WARNING]- Not Found: /:5555/dashboard
2019-03-12 14:25:50,634 [HttpRunnerManager:154] [operation:add_case_data] [INFO]- è·å–æŒ‡æ ‡å•ä½æ ‘ç”¨ä¾‹æ·»åŠ æˆåŠŸ: {'test': {'request': {'url': '/monitor/monitor/getUnitsTree', 'method': 'GET', 'data': {'sourceType': 'zabbix'}}, 'name': 'è·å–æŒ‡æ ‡å•ä½æ ‘'}}
2019-03-12 15:15:21,840 [HttpRunnerManager:163] [operation:add_case_data] [INFO]- è·å–æŒ‡æ ‡å•ä½æ ‘ç”¨ä¾‹æ›´æ–°æˆåŠŸ: {'test': {'request': {'url': '/monitor/monitor/getUnitsTree', 'method': 'GET', 'data': {'sourceType': 'zabbix'}, 'headers': {'Content-Type': 'application/json;charset=UTF-8', 'User-Agent': 'Mozilla/5.0 (Windows NT 6.1; Win64; x64) AppleWebKit/537.36 (KHTML, like Gecko) Chrome/70.0.3538.110 Safari/537.36'}}, 'name': 'è·å–æŒ‡æ ‡å•ä½æ ‘'}}
2019-03-12 15:29:16,317 [HttpRunnerManager:163] [operation:add_case_data] [INFO]- è·å–æŒ‡æ ‡å•ä½æ ‘ç”¨ä¾‹æ›´æ–°æˆåŠŸ: {'test': {'request': {'url': '/monitor/monitor/getUnitsTree', 'method': 'GET', 'data': {'sourceType': 'zabbix'}, 'headers': {'Content-Type': 'application/json;charset=UTF-8', 'User-Agent': 'Mozilla/5.0 (Windows NT 6.1; Win64; x64) AppleWebKit/537.36 (KHTML, like Gecko) Chrome/70.0.3538.110 Safari/537.36', 'max-token': '$token'}}, 'name': 'è·å–æŒ‡æ ‡å•ä½æ ‘'}}
2019-03-12 15:44:13,771 [HttpRunnerManager:163] [operation:add_case_data] [INFO]- è·å–æŒ‡æ ‡å•ä½æ ‘ç”¨ä¾‹æ›´æ–°æˆåŠŸ: {'test': {'request': {'url': '/monitor/monitor/getUnitsTree', 'method': 'GET', 'data': {'sourceType': 'zabbix'}, 'headers': {'Content-Type': 'application/json;charset=UTF-8', 'User-Agent': 'Mozilla/5.0 (Windows NT 6.1; Win64; x64) AppleWebKit/537.36 (KHTML, like Gecko) Chrome/70.0.3538.110 Safari/537.36', 'max-token': '$token'}}, 'name': 'è·å–æŒ‡æ ‡å•ä½æ ‘', 'validate': [{'comparator': 'equals', 'check': 'Response code', 'expected': '200'}]}}
2019-03-12 15:46:07,727 [HttpRunnerManager:154] [operation:add_case_data] [INFO]- rewrerwerç”¨ä¾‹æ·»åŠ æˆåŠŸ: {'test': {'request': {'url': '', 'method': 'POST'}, 'name': 'rewrerwer'}}
2019-03-12 15:47:10,492 [HttpRunnerManager:154] [operation:add_case_data] [INFO]- 111ç”¨ä¾‹æ·»åŠ æˆåŠŸ: {'test': {'request': {'url': '', 'method': 'POST'}, 'name': '111'}}
2019-03-12 15:48:23,090 [HttpRunnerManager:163] [operation:add_case_data] [INFO]- 111ç”¨ä¾‹æ›´æ–°æˆåŠŸ: {'test': {'request': {'url': '', 'method': 'POST'}, 'name': '111'}}
2019-03-12 15:49:27,932 [HttpRunnerManager:163] [operation:add_case_data] [INFO]- é…ç½®åº“ç”¨ä¾‹æ›´æ–°æˆåŠŸ: {'test': {'request': {'url': '', 'method': 'POST'}, 'name': 'é…ç½®åº“'}}
2019-03-12 15:50:11,293 [HttpRunnerManager:154] [operation:add_case_data] [INFO]- 3weç”¨ä¾‹æ·»åŠ æˆåŠŸ: {'test': {'request': {'url': '', 'method': 'POST'}, 'name': '3we'}}
2019-03-12 15:51:39,299 [HttpRunnerManager:154] [operation:add_case_data] [INFO]- 222ç”¨ä¾‹æ·»åŠ æˆåŠŸ: {'test': {'request': {'url': '', 'method': 'POST'}, 'name': '222'}}
2019-03-12 15:52:19,858 [HttpRunnerManager:154] [operation:add_case_data] [INFO]- 444ç”¨ä¾‹æ·»åŠ æˆåŠŸ: {'test': {'request': {'url': '', 'method': 'POST'}, 'name': '444'}}
2019-03-12 15:55:52,663 [HttpRunnerManager:154] [operation:add_case_data] [INFO]- 1ç”¨ä¾‹æ·»åŠ æˆåŠŸ: {'test': {'request': {'url': '', 'method': 'POST'}, 'name': '1'}}
2019-03-12 15:56:42,802 [HttpRunnerManager:154] [operation:add_case_data] [INFO]- 2ç”¨ä¾‹æ·»åŠ æˆåŠŸ: {'test': {'request': {'url': '', 'method': 'POST'}, 'name': '2'}}
2019-03-12 16:11:07,064 [django.request:118] [exception:handle_uncaught_exception] [ERROR]- Internal Server Error: /api/run_test/
Traceback (most recent call last):
  File "/Library/Frameworks/Python.framework/Versions/3.6/lib/python3.6/site-packages/django/template/base.py", line 475, in parse
    compile_func = self.tags[command]
KeyError: 'static'

During handling of the above exception, another exception occurred:

Traceback (most recent call last):
  File "/Library/Frameworks/Python.framework/Versions/3.6/lib/python3.6/site-packages/django/core/handlers/exception.py", line 35, in inner
    response = get_response(request)
  File "/Library/Frameworks/Python.framework/Versions/3.6/lib/python3.6/site-packages/django/core/handlers/base.py", line 128, in _get_response
    response = self.process_exception_by_middleware(e, request)
  File "/Library/Frameworks/Python.framework/Versions/3.6/lib/python3.6/site-packages/django/core/handlers/base.py", line 126, in _get_response
    response = wrapped_callback(request, *callback_args, **callback_kwargs)
  File "/Users/Ricky/Documents/PythonWorkspace/HttpRunnerManager/HttpRunnerManager/activator.py", line 15, in process
    result = fun(request, index) if index else fun(request)
  File "/Users/Ricky/Documents/PythonWorkspace/HttpRunnerManager/ApiManager/views.py", line 39, in wrapper
    return func(request, *args, **kwargs)
  File "/Users/Ricky/Documents/PythonWorkspace/HttpRunnerManager/ApiManager/views.py", line 241, in run_test
    return render_to_response('report_template.html', runner.summary)
  File "/Library/Frameworks/Python.framework/Versions/3.6/lib/python3.6/site-packages/django/shortcuts.py", line 27, in render_to_response
    content = loader.render_to_string(template_name, context, using=using)
  File "/Library/Frameworks/Python.framework/Versions/3.6/lib/python3.6/site-packages/django/template/loader.py", line 61, in render_to_string
    template = get_template(template_name, using=using)
  File "/Library/Frameworks/Python.framework/Versions/3.6/lib/python3.6/site-packages/django/template/loader.py", line 15, in get_template
    return engine.get_template(template_name)
  File "/Library/Frameworks/Python.framework/Versions/3.6/lib/python3.6/site-packages/django/template/backends/django.py", line 34, in get_template
    return Template(self.engine.get_template(template_name), self)
  File "/Library/Frameworks/Python.framework/Versions/3.6/lib/python3.6/site-packages/django/template/engine.py", line 144, in get_template
    template, origin = self.find_template(template_name)
  File "/Library/Frameworks/Python.framework/Versions/3.6/lib/python3.6/site-packages/django/template/engine.py", line 126, in find_template
    template = loader.get_template(name, skip=skip)
  File "/Library/Frameworks/Python.framework/Versions/3.6/lib/python3.6/site-packages/django/template/loaders/base.py", line 30, in get_template
    contents, origin, origin.template_name, self.engine,
  File "/Library/Frameworks/Python.framework/Versions/3.6/lib/python3.6/site-packages/django/template/base.py", line 160, in __init__
    self.nodelist = self.compile_nodelist()
  File "/Library/Frameworks/Python.framework/Versions/3.6/lib/python3.6/site-packages/django/template/base.py", line 198, in compile_nodelist
    return parser.parse()
  File "/Library/Frameworks/Python.framework/Versions/3.6/lib/python3.6/site-packages/django/template/base.py", line 477, in parse
    self.invalid_block_tag(token, command, parse_until)
  File "/Library/Frameworks/Python.framework/Versions/3.6/lib/python3.6/site-packages/django/template/base.py", line 539, in invalid_block_tag
    "or load this tag?" % (token.lineno, command)
django.template.exceptions.TemplateSyntaxError: Invalid block tag on line 735: 'static'. Did you forget to register or load this tag?
2019-03-12 16:11:52,245 [django.request:118] [exception:handle_uncaught_exception] [ERROR]- Internal Server Error: /api/run_test/
Traceback (most recent call last):
  File "/Library/Frameworks/Python.framework/Versions/3.6/lib/python3.6/site-packages/django/template/base.py", line 475, in parse
    compile_func = self.tags[command]
KeyError: 'static'

During handling of the above exception, another exception occurred:

Traceback (most recent call last):
  File "/Library/Frameworks/Python.framework/Versions/3.6/lib/python3.6/site-packages/django/core/handlers/exception.py", line 35, in inner
    response = get_response(request)
  File "/Library/Frameworks/Python.framework/Versions/3.6/lib/python3.6/site-packages/django/core/handlers/base.py", line 128, in _get_response
    response = self.process_exception_by_middleware(e, request)
  File "/Library/Frameworks/Python.framework/Versions/3.6/lib/python3.6/site-packages/django/core/handlers/base.py", line 126, in _get_response
    response = wrapped_callback(request, *callback_args, **callback_kwargs)
  File "/Users/Ricky/Documents/PythonWorkspace/HttpRunnerManager/HttpRunnerManager/activator.py", line 15, in process
    result = fun(request, index) if index else fun(request)
  File "/Users/Ricky/Documents/PythonWorkspace/HttpRunnerManager/ApiManager/views.py", line 39, in wrapper
    return func(request, *args, **kwargs)
  File "/Users/Ricky/Documents/PythonWorkspace/HttpRunnerManager/ApiManager/views.py", line 241, in run_test
    return render_to_response('report_template.html', runner.summary)
  File "/Library/Frameworks/Python.framework/Versions/3.6/lib/python3.6/site-packages/django/shortcuts.py", line 27, in render_to_response
    content = loader.render_to_string(template_name, context, using=using)
  File "/Library/Frameworks/Python.framework/Versions/3.6/lib/python3.6/site-packages/django/template/loader.py", line 61, in render_to_string
    template = get_template(template_name, using=using)
  File "/Library/Frameworks/Python.framework/Versions/3.6/lib/python3.6/site-packages/django/template/loader.py", line 15, in get_template
    return engine.get_template(template_name)
  File "/Library/Frameworks/Python.framework/Versions/3.6/lib/python3.6/site-packages/django/template/backends/django.py", line 34, in get_template
    return Template(self.engine.get_template(template_name), self)
  File "/Library/Frameworks/Python.framework/Versions/3.6/lib/python3.6/site-packages/django/template/engine.py", line 144, in get_template
    template, origin = self.find_template(template_name)
  File "/Library/Frameworks/Python.framework/Versions/3.6/lib/python3.6/site-packages/django/template/engine.py", line 126, in find_template
    template = loader.get_template(name, skip=skip)
  File "/Library/Frameworks/Python.framework/Versions/3.6/lib/python3.6/site-packages/django/template/loaders/base.py", line 30, in get_template
    contents, origin, origin.template_name, self.engine,
  File "/Library/Frameworks/Python.framework/Versions/3.6/lib/python3.6/site-packages/django/template/base.py", line 160, in __init__
    self.nodelist = self.compile_nodelist()
  File "/Library/Frameworks/Python.framework/Versions/3.6/lib/python3.6/site-packages/django/template/base.py", line 198, in compile_nodelist
    return parser.parse()
  File "/Library/Frameworks/Python.framework/Versions/3.6/lib/python3.6/site-packages/django/template/base.py", line 477, in parse
    self.invalid_block_tag(token, command, parse_until)
  File "/Library/Frameworks/Python.framework/Versions/3.6/lib/python3.6/site-packages/django/template/base.py", line 539, in invalid_block_tag
    "or load this tag?" % (token.lineno, command)
django.template.exceptions.TemplateSyntaxError: Invalid block tag on line 735: 'static'. Did you forget to register or load this tag?
2019-03-12 16:17:17,124 [django.request:93] [base:get_response] [WARNING]- Not Found: /api/static/assets/js/extent.js
2019-03-12 16:17:43,375 [django.request:93] [base:get_response] [WARNING]- Not Found: /api/static/assets/js/extent.js
2019-03-12 16:18:18,867 [HttpRunnerManager:619] [common:update_include] [WARNING]- ä¾èµ–çš„ 1 ç”¨ä¾‹/é…ç½®å·²ç»è¢«åˆ é™¤å•¦ï¼ï¼
2019-03-12 16:18:25,715 [HttpRunnerManager:619] [common:update_include] [WARNING]- ä¾èµ–çš„ 1 ç”¨ä¾‹/é…ç½®å·²ç»è¢«åˆ é™¤å•¦ï¼ï¼
2019-03-12 16:18:27,548 [HttpRunnerManager:619] [common:update_include] [WARNING]- ä¾èµ–çš„ 1 ç”¨ä¾‹/é…ç½®å·²ç»è¢«åˆ é™¤å•¦ï¼ï¼
2019-03-12 16:18:40,886 [HttpRunnerManager:619] [common:update_include] [WARNING]- ä¾èµ–çš„ 1 ç”¨ä¾‹/é…ç½®å·²ç»è¢«åˆ é™¤å•¦ï¼ï¼
2019-03-12 16:18:41,345 [HttpRunnerManager:619] [common:update_include] [WARNING]- ä¾èµ–çš„ 1 ç”¨ä¾‹/é…ç½®å·²ç»è¢«åˆ é™¤å•¦ï¼ï¼
2019-03-12 16:19:11,377 [django.request:93] [base:get_response] [WARNING]- Not Found: /api/run_test/static/assets/js/extent.js
2019-03-12 16:19:23,739 [HttpRunnerManager:619] [common:update_include] [WARNING]- ä¾èµ–çš„ 1 ç”¨ä¾‹/é…ç½®å·²ç»è¢«åˆ é™¤å•¦ï¼ï¼
2019-03-12 16:21:16,362 [HttpRunnerManager:163] [operation:add_case_data] [INFO]- è·å–æŒ‡æ ‡å•ä½æ ‘ç”¨ä¾‹æ›´æ–°æˆåŠŸ: {'test': {'request': {'url': '/monitor/monitor/getUnitsTree', 'method': 'GET', 'data': {'sourceType': 'zabbix'}, 'headers': {'Content-Type': 'application/json;charset=UTF-8', 'User-Agent': 'Mozilla/5.0 (Windows NT 6.1; Win64; x64) AppleWebKit/537.36 (KHTML, like Gecko) Chrome/70.0.3538.110 Safari/537.36', 'max-token': '$token'}}, 'name': 'è·å–æŒ‡æ ‡å•ä½æ ‘', 'validate': [{'comparator': 'equals', 'check': 'status_code', 'expected': '200'}]}}
2019-03-12 16:21:16,958 [HttpRunnerManager:619] [common:update_include] [WARNING]- ä¾èµ–çš„ 1 ç”¨ä¾‹/é…ç½®å·²ç»è¢«åˆ é™¤å•¦ï¼ï¼
2019-03-12 16:21:28,695 [HttpRunnerManager:619] [common:update_include] [WARNING]- ä¾èµ–çš„ 1 ç”¨ä¾‹/é…ç½®å·²ç»è¢«åˆ é™¤å•¦ï¼ï¼
2019-03-12 16:22:07,886 [HttpRunnerManager:154] [operation:add_case_data] [INFO]- 1ç”¨ä¾‹æ·»åŠ æˆåŠŸ: {'test': {'request': {'url': '', 'method': 'POST'}, 'name': '1'}}
2019-03-12 16:22:08,411 [HttpRunnerManager:619] [common:update_include] [WARNING]- ä¾èµ–çš„ 1 ç”¨ä¾‹/é…ç½®å·²ç»è¢«åˆ é™¤å•¦ï¼ï¼
2019-03-12 16:23:09,073 [HttpRunnerManager:619] [common:update_include] [WARNING]- ä¾èµ–çš„ 2 ç”¨ä¾‹/é…ç½®å·²ç»è¢«åˆ é™¤å•¦ï¼ï¼
2019-03-12 17:00:51,213 [HttpRunnerManager:619] [common:update_include] [WARNING]- ä¾èµ–çš„ 2 ç”¨ä¾‹/é…ç½®å·²ç»è¢«åˆ é™¤å•¦ï¼ï¼
2019-03-12 17:01:03,040 [HttpRunnerManager:619] [common:update_include] [WARNING]- ä¾èµ–çš„ 2 ç”¨ä¾‹/é…ç½®å·²ç»è¢«åˆ é™¤å•¦ï¼ï¼
2019-03-12 17:07:05,580 [HttpRunnerManager:619] [common:update_include] [WARNING]- ä¾èµ–çš„ 2 ç”¨ä¾‹/é…ç½®å·²ç»è¢«åˆ é™¤å•¦ï¼ï¼
2019-03-12 17:09:09,650 [HttpRunnerManager:154] [operation:add_case_data] [INFO]- è·å¾—ç›‘æ§ç³»ç»Ÿåˆ—è¡¨ç”¨ä¾‹æ·»åŠ æˆåŠŸ: {'test': {'request': {'url': '', 'method': 'POST'}, 'name': 'è·å¾—ç›‘æ§ç³»ç»Ÿåˆ—è¡¨'}}
2019-03-12 17:09:10,172 [HttpRunnerManager:619] [common:update_include] [WARNING]- ä¾èµ–çš„ 2 ç”¨ä¾‹/é…ç½®å·²ç»è¢«åˆ é™¤å•¦ï¼ï¼
2019-03-12 17:14:27,213 [HttpRunnerManager:110] [operation:add_module_data] [INFO]- æ¨¡å—æ·»åŠ æˆåŠŸï¼š{'module_name': 'é…ç½®é¡¹ç›®ç®¡ç†-é…ç½®åº“-ä¸šåŠ¡ç³»ç»Ÿ', 'test_user': 'èµµè£', 'simple_desc': '', 'other_desc': '', 'belong_project': <ProjectInfo: ProjectInfo object (1)>}
2019-03-12 17:15:44,823 [HttpRunnerManager:619] [common:update_include] [WARNING]- ä¾èµ–çš„ 2 ç”¨ä¾‹/é…ç½®å·²ç»è¢«åˆ é™¤å•¦ï¼ï¼
2019-03-12 17:17:28,263 [HttpRunnerManager:619] [common:update_include] [WARNING]- ä¾èµ–çš„ 2 ç”¨ä¾‹/é…ç½®å·²ç»è¢«åˆ é™¤å•¦ï¼ï¼
2019-03-12 17:18:18,336 [HttpRunnerManager:619] [common:update_include] [WARNING]- ä¾èµ–çš„ 2 ç”¨ä¾‹/é…ç½®å·²ç»è¢«åˆ é™¤å•¦ï¼ï¼
2019-03-12 17:18:29,934 [HttpRunnerManager:619] [common:update_include] [WARNING]- ä¾èµ–çš„ 2 ç”¨ä¾‹/é…ç½®å·²ç»è¢«åˆ é™¤å•¦ï¼ï¼
2019-03-12 17:18:31,700 [HttpRunnerManager:619] [common:update_include] [WARNING]- ä¾èµ–çš„ 2 ç”¨ä¾‹/é…ç½®å·²ç»è¢«åˆ é™¤å•¦ï¼ï¼
2019-03-12 17:18:36,625 [HttpRunnerManager:619] [common:update_include] [WARNING]- ä¾èµ–çš„ 2 ç”¨ä¾‹/é…ç½®å·²ç»è¢«åˆ é™¤å•¦ï¼ï¼
2019-03-12 17:19:11,640 [HttpRunnerManager:619] [common:update_include] [WARNING]- ä¾èµ–çš„ 2 ç”¨ä¾‹/é…ç½®å·²ç»è¢«åˆ é™¤å•¦ï¼ï¼
2019-03-12 17:19:43,752 [HttpRunnerManager:619] [common:update_include] [WARNING]- ä¾èµ–çš„ 2 ç”¨ä¾‹/é…ç½®å·²ç»è¢«åˆ é™¤å•¦ï¼ï¼
2019-03-12 17:21:18,530 [HttpRunnerManager:163] [operation:add_case_data] [INFO]- æˆ‘çš„å‘Šè­¦ç”¨ä¾‹æ›´æ–°æˆåŠŸ: {'test': {'request': {'url': '/alarm/historyAlarm/getHistoryAlarms', 'method': 'POST', 'json': {'asc': False, 'current': 1, 'orderByField': '', 'page': 1, 'params': {'alarmContent': '', 'alarmIp': '', 'alarmLevel': '', 'endTime': '', 'sourceCiName': '', 'sourceType': '', 'startTime': '', 'systemId': ''}, 'size': 10}, 'headers': {'max-token': '$token', 'Content-Type': 'application/json;charset=UTF-8'}}, 'name': 'æˆ‘çš„å‘Šè­¦', 'validate': [{'comparator': 'equals', 'check': 'json.size', 'expected': '${getvalue_jp()}'}]}}
2019-03-12 17:21:19,034 [HttpRunnerManager:619] [common:update_include] [WARNING]- ä¾èµ–çš„ 2 ç”¨ä¾‹/é…ç½®å·²ç»è¢«åˆ é™¤å•¦ï¼ï¼
2019-03-12 17:22:10,730 [HttpRunnerManager:163] [operation:add_case_data] [INFO]- æˆ‘çš„å‘Šè­¦ç”¨ä¾‹æ›´æ–°æˆåŠŸ: {'test': {'request': {'url': '/alarm/historyAlarm/getHistoryAlarms', 'method': 'POST', 'json': {'asc': False, 'current': 1, 'orderByField': '', 'page': 1, 'params': {'alarmContent': '', 'alarmIp': '', 'alarmLevel': '', 'endTime': '', 'sourceCiName': '', 'sourceType': '', 'startTime': '', 'systemId': ''}, 'size': 10}, 'headers': {'max-token': '$token', 'Content-Type': 'application/json;charset=UTF-8'}}, 'name': 'æˆ‘çš„å‘Šè­¦', 'validate': [{'comparator': 'equals', 'check': 'json.size', 'expected': '${getvalue_jp()}'}]}}
2019-03-12 17:22:11,263 [HttpRunnerManager:619] [common:update_include] [WARNING]- ä¾èµ–çš„ 2 ç”¨ä¾‹/é…ç½®å·²ç»è¢«åˆ é™¤å•¦ï¼ï¼
2019-03-12 17:22:32,263 [HttpRunnerManager:619] [common:update_include] [WARNING]- ä¾èµ–çš„ 2 ç”¨ä¾‹/é…ç½®å·²ç»è¢«åˆ é™¤å•¦ï¼ï¼
2019-03-12 17:22:36,216 [HttpRunnerManager:619] [common:update_include] [WARNING]- ä¾èµ–çš„ 2 ç”¨ä¾‹/é…ç½®å·²ç»è¢«åˆ é™¤å•¦ï¼ï¼
2019-03-12 17:22:57,047 [HttpRunnerManager:163] [operation:add_case_data] [INFO]- 1ç”¨ä¾‹æ›´æ–°æˆåŠŸ: {'test': {'request': {'url': '', 'method': 'POST'}, 'name': '1'}}
2019-03-12 17:24:19,041 [HttpRunnerManager:163] [operation:add_case_data] [INFO]- è·å¾—ç›‘æ§ç³»ç»Ÿåˆ—è¡¨ç”¨ä¾‹æ›´æ–°æˆåŠŸ: {'test': {'request': {'url': '', 'method': 'POST'}, 'name': 'è·å¾—ç›‘æ§ç³»ç»Ÿåˆ—è¡¨'}}
2019-03-12 17:34:05,888 [HttpRunnerManager:163] [operation:add_case_data] [INFO]- æˆ‘çš„å‘Šè­¦ç”¨ä¾‹æ›´æ–°æˆåŠŸ: {'test': {'request': {'url': '/alarm/historyAlarm/getHistoryAlarms', 'method': 'POST', 'json': {'asc': False, 'current': 1, 'orderByField': '', 'page': 1, 'params': {'alarmContent': '', 'alarmIp': '', 'alarmLevel': '', 'endTime': '', 'sourceCiName': '', 'sourceType': '', 'startTime': '', 'systemId': ''}, 'size': 10}, 'headers': {'max-token': '$token', 'Content-Type': 'application/json;charset=UTF-8'}}, 'name': 'æˆ‘çš„å‘Šè­¦', 'validate': [{'comparator': 'equals', 'check': 'json.size', 'expected': '${getvalue_jp()}'}]}}
2019-03-12 18:55:52,128 [HttpRunnerManager:163] [operation:add_case_data] [INFO]- æˆ‘çš„å‘Šè­¦ç”¨ä¾‹æ›´æ–°æˆåŠŸ: {'test': {'request': {'url': '/alarm/historyAlarm/getHistoryAlarms', 'method': 'POST', 'json': {'asc': False, 'current': 1, 'orderByField': '', 'page': 1, 'params': {'alarmContent': '', 'alarmIp': '', 'alarmLevel': '', 'endTime': '', 'sourceCiName': '', 'sourceType': '', 'startTime': '', 'systemId': ''}, 'size': 10}, 'headers': {'max-token': '$token', 'Content-Type': 'application/json;charset=UTF-8'}}, 'name': 'æˆ‘çš„å‘Šè­¦', 'validate': [{'comparator': 'equals', 'check': 'json.size', 'expected': '${getvalue_jp()}'}]}}
2019-03-12 19:13:02,509 [HttpRunnerManager:62] [operation:add_project_data] [INFO]- é¡¹ç›®æ·»åŠ æˆåŠŸï¼š{'project_name': 'æµ‹è¯•Demoé¡¹ç›®', 'responsible_name': 'ç¿Ÿæ“', 'test_user': 'ç¿Ÿæ“', 'dev_user': 'ç¿Ÿæ“', 'publish_app': 'ç¿Ÿæ“', 'simple_desc': 'Demo', 'other_desc': 'Demo'}
2019-03-12 19:13:45,123 [HttpRunnerManager:110] [operation:add_module_data] [INFO]- æ¨¡å—æ·»åŠ æˆåŠŸï¼š{'module_name': 'æµ‹è¯•Demoæ¨¡å—', 'test_user': 'ç¿Ÿæ“', 'simple_desc': '', 'other_desc': '', 'belong_project': <ProjectInfo: ProjectInfo object (2)>}
2019-03-12 19:18:49,478 [HttpRunnerManager:201] [operation:add_config_data] [INFO]- è¿ç»´å¹³å°31é…ç½®æ›´æ–°æˆåŠŸ: {'config': {'request': {'headers': {'Content-Type': 'application/json;charset=UTF-8', 'User-Agent': 'Mozilla/5.0 (Windows NT 6.1; Win64; x64) AppleWebKit/537.36 (KHTML, like Gecko) Chrome/70.0.3538.110 Safari/537.36'}}, 'name': 'è¿ç»´å¹³å°31', 'variables': [{'username': 'admin'}, {'pwd': '888888'}]}}
2019-03-12 19:21:58,137 [HttpRunnerManager:163] [operation:add_case_data] [INFO]- è·å¾—ç›‘æ§ç³»ç»Ÿåˆ—è¡¨ç”¨ä¾‹æ›´æ–°æˆåŠŸ: {'test': {'request': {'url': '', 'method': 'POST'}, 'name': 'è·å¾—ç›‘æ§ç³»ç»Ÿåˆ—è¡¨', 'extract': [{'max-token': '$token'}]}}
2019-03-12 19:27:57,324 [HttpRunnerManager:55] [views:login] [INFO]- zhaicao ç™»å½•æˆåŠŸ
2019-03-12 19:47:46,494 [HttpRunnerManager:55] [views:login] [INFO]- zhaicao ç™»å½•æˆåŠŸ
2019-03-13 10:47:57,837 [HttpRunnerManager:55] [views:login] [INFO]- zhaorong468 ç™»å½•æˆåŠŸ
2019-03-13 10:47:58,480 [HttpRunnerManager:55] [views:login] [INFO]- zhaorong468 ç™»å½•æˆåŠŸ
2019-03-13 10:47:59,245 [HttpRunnerManager:55] [views:login] [INFO]- zhaorong468 ç™»å½•æˆåŠŸ
2019-03-13 10:47:59,805 [HttpRunnerManager:55] [views:login] [INFO]- zhaorong468 ç™»å½•æˆåŠŸ
2019-03-13 10:47:59,923 [HttpRunnerManager:55] [views:login] [INFO]- zhaorong468 ç™»å½•æˆåŠŸ
2019-03-13 11:32:44,022 [HttpRunnerManager:55] [views:login] [INFO]- zhaicao ç™»å½•æˆåŠŸ
2019-03-13 11:35:22,874 [HttpRunnerManager:163] [operation:add_case_data] [INFO]- æ ¹æ®åˆ†ç±»IDè·å–ç›‘æ§ç³»ç»Ÿåˆ—è¡¨ç”¨ä¾‹æ›´æ–°æˆåŠŸ: {'test': {'request': {'url': '', 'method': 'POST'}, 'name': 'æ ¹æ®åˆ†ç±»IDè·å–ç›‘æ§ç³»ç»Ÿåˆ—è¡¨', 'extract': [{'max-token': '$token'}]}}
2019-03-13 11:39:21,435 [HttpRunnerManager:163] [operation:add_case_data] [INFO]- æ ¹æ®åˆ†ç±»IDè·å–ç›‘æ§ç³»ç»Ÿåˆ—è¡¨ç”¨ä¾‹æ›´æ–°æˆåŠŸ: {'test': {'request': {'url': 'cmdb/mould/ciQueryFieldInfo/getQueryColumnInfoById', 'method': 'GET', 'data': {'typeId': 'cb84d83319f2e403ead1a053795ed6564'}, 'headers': {'User-Agent': 'Mozilla/5.0 (Windows NT 6.1; Win64; x64) AppleWebKit/537.36 (KHTML, like Gecko) Chrome/72.0.3626.119 Safari/537.36', 'max-token': '$token'}}, 'name': 'æ ¹æ®åˆ†ç±»IDè·å–ç›‘æ§ç³»ç»Ÿåˆ—è¡¨', 'extract': [{'max-token': '$token'}]}}
2019-03-13 11:41:12,658 [HttpRunnerManager:163] [operation:add_case_data] [INFO]- æ ¹æ®åˆ†ç±»IDè·å–ç›‘æ§ç³»ç»Ÿåˆ—è¡¨ç”¨ä¾‹æ›´æ–°æˆåŠŸ: {'test': {'request': {'url': 'cmdb/mould/ciQueryFieldInfo/getQueryColumnInfoById', 'method': 'GET', 'data': {'typeId': 'cb84d83319f2e403ead1a053795ed6564'}, 'headers': {'User-Agent': 'Mozilla/5.0 (Windows NT 6.1; Win64; x64) AppleWebKit/537.36 (KHTML, like Gecko) Chrome/72.0.3626.119 Safari/537.36'}}, 'name': 'æ ¹æ®åˆ†ç±»IDè·å–ç›‘æ§ç³»ç»Ÿåˆ—è¡¨', 'extract': [{'max-token': '$token'}]}}
2019-03-13 11:43:20,945 [HttpRunnerManager:163] [operation:add_case_data] [INFO]- æ ¹æ®åˆ†ç±»IDè·å–ç›‘æ§ç³»ç»Ÿåˆ—è¡¨ç”¨ä¾‹æ›´æ–°æˆåŠŸ: {'test': {'request': {'url': 'cmdb/mould/ciQueryFieldInfo/getQueryColumnInfoById', 'method': 'GET', 'data': {'typeId': 'cb84d83319f2e403ead1a053795ed6564'}, 'headers': {'User-Agent': 'Mozilla/5.0 (Windows NT 6.1; Win64; x64) AppleWebKit/537.36 (KHTML, like Gecko) Chrome/72.0.3626.119 Safari/537.36', 'max-token': '$token'}}, 'name': 'æ ¹æ®åˆ†ç±»IDè·å–ç›‘æ§ç³»ç»Ÿåˆ—è¡¨', 'extract': [{'max-token': '$token'}]}}
2019-03-13 11:44:34,558 [HttpRunnerManager:163] [operation:add_case_data] [INFO]- æ ¹æ®åˆ†ç±»IDè·å–ç›‘æ§ç³»ç»Ÿåˆ—è¡¨ç”¨ä¾‹æ›´æ–°æˆåŠŸ: {'test': {'request': {'url': 'cmdb/mould/ciQueryFieldInfo/getQueryColumnInfoById', 'method': 'GET', 'data': {'typeId': 'cb84d83319f2e403ead1a053795ed6564'}, 'headers': {'User-Agent': 'Mozilla/5.0 (Windows NT 6.1; Win64; x64) AppleWebKit/537.36 (KHTML, like Gecko) Chrome/72.0.3626.119 Safari/537.36', 'max-token': '$token'}}, 'name': 'æ ¹æ®åˆ†ç±»IDè·å–ç›‘æ§ç³»ç»Ÿåˆ—è¡¨', 'validate': [{'comparator': 'equals', 'check': 'Status Code', 'expected': '200'}], 'extract': [{'max-token': '$token'}]}}
2019-03-13 11:47:22,370 [HttpRunnerManager:154] [operation:add_case_data] [INFO]- æ ¹æ®åˆ†ç±»IDè·å–ç›‘æ§ç³»ç»Ÿåˆ—è¡¨11ç”¨ä¾‹æ·»åŠ æˆåŠŸ: {'test': {'request': {'url': '', 'method': 'POST'}, 'name': 'æ ¹æ®åˆ†ç±»IDè·å–ç›‘æ§ç³»ç»Ÿåˆ—è¡¨11'}}
2019-03-13 11:47:43,174 [HttpRunnerManager:163] [operation:add_case_data] [INFO]- æ ¹æ®åˆ†ç±»IDè·å–ç›‘æ§ç³»ç»Ÿåˆ—è¡¨11ç”¨ä¾‹æ›´æ–°æˆåŠŸ: {'test': {'request': {'url': '', 'method': 'POST'}, 'name': 'æ ¹æ®åˆ†ç±»IDè·å–ç›‘æ§ç³»ç»Ÿåˆ—è¡¨11'}}
2019-03-13 11:48:59,369 [HttpRunnerManager:154] [operation:add_case_data] [INFO]- æ ¹æ®åˆ†ç±»IDè·å–ç›‘æ§ç³»ç»Ÿåˆ—è¡¨1ç”¨ä¾‹æ·»åŠ æˆåŠŸ: {'test': {'request': {'url': '', 'method': 'POST'}, 'name': 'æ ¹æ®åˆ†ç±»IDè·å–ç›‘æ§ç³»ç»Ÿåˆ—è¡¨1'}}
2019-03-13 11:51:55,641 [HttpRunnerManager:163] [operation:add_case_data] [INFO]- æ ¹æ®åˆ†ç±»IDè·å–ç›‘æ§ç³»ç»Ÿåˆ—è¡¨1ç”¨ä¾‹æ›´æ–°æˆåŠŸ: {'test': {'request': {'url': 'cmdb/mould/ciQueryFieldInfo/getQueryColumnInfoById', 'method': 'GET', 'data': {'typeId': 'cb84d83319f2e403ead1a053795ed6564'}, 'headers': {'User-Agent': 'Mozilla/5.0 (Windows NT 6.1; Win64; x64) AppleWebKit/537.36 (KHTML, like Gecko) Chrome/72.0.3626.119 Safari/537.36', 'max-token': '$token'}}, 'name': 'æ ¹æ®åˆ†ç±»IDè·å–ç›‘æ§ç³»ç»Ÿåˆ—è¡¨1'}}
2019-03-13 11:53:01,925 [HttpRunnerManager:163] [operation:add_case_data] [INFO]- æ ¹æ®åˆ†ç±»IDè·å–ç›‘æ§ç³»ç»Ÿåˆ—è¡¨1ç”¨ä¾‹æ›´æ–°æˆåŠŸ: {'test': {'request': {'url': 'cmdb/mould/ciQueryFieldInfo/getQueryColumnInfoById', 'method': 'GET', 'data': {'typeId': 'cb84d83319f2e403ead1a053795ed6564'}, 'headers': {'User-Agent': 'Mozilla/5.0 (Windows NT 6.1; Win64; x64) AppleWebKit/537.36 (KHTML, like Gecko) Chrome/72.0.3626.119 Safari/537.36', 'max-token': '$token'}}, 'name': 'æ ¹æ®åˆ†ç±»IDè·å–ç›‘æ§ç³»ç»Ÿåˆ—è¡¨1', 'validate': [{'comparator': 'equals', 'check': 'Status Code', 'expected': '200'}], 'extract': [{'max-token': 'content'}]}}
2019-03-13 11:57:37,077 [HttpRunnerManager:163] [operation:add_case_data] [INFO]- æ ¹æ®åˆ†ç±»IDè·å–ç›‘æ§ç³»ç»Ÿåˆ—è¡¨1ç”¨ä¾‹æ›´æ–°æˆåŠŸ: {'test': {'request': {'url': 'cmdb/mould/ciQueryFieldInfo/getQueryColumnInfoById', 'method': 'GET', 'data': {'typeId': 'cb84d83319f2e403ead1a053795ed6564'}, 'headers': {'User-Agent': 'Mozilla/5.0 (Windows NT 6.1; Win64; x64) AppleWebKit/537.36 (KHTML, like Gecko) Chrome/72.0.3626.119 Safari/537.36', 'max-token': '$token'}}, 'name': 'æ ¹æ®åˆ†ç±»IDè·å–ç›‘æ§ç³»ç»Ÿåˆ—è¡¨1', 'validate': [{'comparator': 'equals', 'check': 'status_code', 'expected': '200'}], 'extract': [{'max-token': 'content'}]}}
2019-03-13 11:58:35,986 [HttpRunnerManager:163] [operation:add_case_data] [INFO]- æ ¹æ®åˆ†ç±»IDè·å–ç›‘æ§ç³»ç»Ÿåˆ—è¡¨1ç”¨ä¾‹æ›´æ–°æˆåŠŸ: {'test': {'request': {'url': 'cmdb/mould/ciQueryFieldInfo/getQueryColumnInfoById', 'method': 'GET', 'data': {'typeId': 'cb84d83319f2e403ead1a053795ed6564'}, 'headers': {'User-Agent': 'Mozilla/5.0 (Windows NT 6.1; Win64; x64) AppleWebKit/537.36 (KHTML, like Gecko) Chrome/72.0.3626.119 Safari/537.36', 'max-token': '$token'}}, 'name': 'æ ¹æ®åˆ†ç±»IDè·å–ç›‘æ§ç³»ç»Ÿåˆ—è¡¨1', 'validate': [{'comparator': 'equals', 'check': 'status_code', 'expected': 200}], 'extract': [{'max-token': 'content'}]}}
2019-03-13 12:50:15,640 [django.request:118] [exception:handle_uncaught_exception] [ERROR]- Internal Server Error: /api/test_list/
Traceback (most recent call last):
  File "/Library/Frameworks/Python.framework/Versions/3.6/lib/python3.6/site-packages/django/core/handlers/exception.py", line 35, in inner
    response = get_response(request)
  File "/Library/Frameworks/Python.framework/Versions/3.6/lib/python3.6/site-packages/django/core/handlers/base.py", line 128, in _get_response
    response = self.process_exception_by_middleware(e, request)
  File "/Library/Frameworks/Python.framework/Versions/3.6/lib/python3.6/site-packages/django/core/handlers/base.py", line 126, in _get_response
    response = wrapped_callback(request, *callback_args, **callback_kwargs)
  File "/Users/Ricky/Documents/PythonWorkspace/HttpRunnerManager/HttpRunnerManager/activator.py", line 15, in process
    result = fun(request, index) if index else fun(request)
  File "/Users/Ricky/Documents/PythonWorkspace/HttpRunnerManager/ApiManager/views.py", line 39, in wrapper
    return func(request, *args, **kwargs)
TypeError: test_list() missing 1 required positional argument: 'id'
2019-03-13 13:43:18,396 [HttpRunnerManager:55] [views:login] [INFO]- zhaicao ç™»å½•æˆåŠŸ
2019-03-13 14:22:35,387 [django.request:118] [exception:handle_uncaught_exception] [ERROR]- Internal Server Error: /api/run_test/
Traceback (most recent call last):
  File "/Library/Frameworks/Python.framework/Versions/3.6/lib/python3.6/site-packages/django/core/handlers/exception.py", line 35, in inner
    response = get_response(request)
  File "/Library/Frameworks/Python.framework/Versions/3.6/lib/python3.6/site-packages/django/core/handlers/base.py", line 128, in _get_response
    response = self.process_exception_by_middleware(e, request)
  File "/Library/Frameworks/Python.framework/Versions/3.6/lib/python3.6/site-packages/django/core/handlers/base.py", line 126, in _get_response
    response = wrapped_callback(request, *callback_args, **callback_kwargs)
  File "/Users/Ricky/Documents/PythonWorkspace/HttpRunnerManager/HttpRunnerManager/activator.py", line 15, in process
    result = fun(request, index) if index else fun(request)
  File "/Users/Ricky/Documents/PythonWorkspace/HttpRunnerManager/ApiManager/views.py", line 39, in wrapper
    return func(request, *args, **kwargs)
  File "/Users/Ricky/Documents/PythonWorkspace/HttpRunnerManager/ApiManager/views.py", line 223, in run_test
    kwargs = json.loads(request.body.decode('utf-8'))
  File "/Library/Frameworks/Python.framework/Versions/3.6/lib/python3.6/json/__init__.py", line 354, in loads
    return _default_decoder.decode(s)
  File "/Library/Frameworks/Python.framework/Versions/3.6/lib/python3.6/json/decoder.py", line 339, in decode
    obj, end = self.raw_decode(s, idx=_w(s, 0).end())
  File "/Library/Frameworks/Python.framework/Versions/3.6/lib/python3.6/json/decoder.py", line 357, in raw_decode
    raise JSONDecodeError("Expecting value", s, err.value) from None
json.decoder.JSONDecodeError: Expecting value: line 1 column 1 (char 0)
2019-03-13 14:22:58,291 [HttpRunnerManager:163] [operation:add_case_data] [INFO]- æ ¹æ®åˆ†ç±»IDè·å–ç›‘æ§ç³»ç»Ÿåˆ—è¡¨1ç”¨ä¾‹æ›´æ–°æˆåŠŸ: {'test': {'request': {'url': 'cmdb/mould/ciQueryFieldInfo/getQueryColumnInfoById', 'method': 'GET', 'data': {'typeId': 'cb84d83319f2e403ead1a053795ed6564'}, 'headers': {'User-Agent': 'Mozilla/5.0 (Windows NT 6.1; Win64; x64) AppleWebKit/537.36 (KHTML, like Gecko) Chrome/72.0.3626.119 Safari/537.36', 'max-token': '$token'}}, 'name': 'æ ¹æ®åˆ†ç±»IDè·å–ç›‘æ§ç³»ç»Ÿåˆ—è¡¨1', 'validate': [{'comparator': 'equals', 'check': 'status_code', 'expected': 200}], 'extract': [{'max-token': 'content'}]}}
2019-03-13 14:23:29,604 [HttpRunnerManager:163] [operation:add_case_data] [INFO]- æ ¹æ®åˆ†ç±»IDè·å–ç›‘æ§ç³»ç»Ÿåˆ—è¡¨1ç”¨ä¾‹æ›´æ–°æˆåŠŸ: {'test': {'request': {'url': 'cmdb/mould/ciQueryFieldInfo/getQueryColumnInfoById', 'method': 'GET', 'data': {'typeId': 'cb84d83319f2e403ead1a053795ed6564'}, 'headers': {'User-Agent': 'Mozilla/5.0 (Windows NT 6.1; Win64; x64) AppleWebKit/537.36 (KHTML, like Gecko) Chrome/72.0.3626.119 Safari/537.36', 'max-token': '$token'}}, 'name': 'æ ¹æ®åˆ†ç±»IDè·å–ç›‘æ§ç³»ç»Ÿåˆ—è¡¨1', 'validate': [{'comparator': 'equals', 'check': 'status_code', 'expected': 200}], 'extract': [{'token': 'content'}]}}
2019-03-13 14:23:36,972 [django.request:118] [exception:handle_uncaught_exception] [ERROR]- Internal Server Error: /api/run_test/
Traceback (most recent call last):
  File "/Library/Frameworks/Python.framework/Versions/3.6/lib/python3.6/site-packages/django/core/handlers/exception.py", line 35, in inner
    response = get_response(request)
  File "/Library/Frameworks/Python.framework/Versions/3.6/lib/python3.6/site-packages/django/core/handlers/base.py", line 128, in _get_response
    response = self.process_exception_by_middleware(e, request)
  File "/Library/Frameworks/Python.framework/Versions/3.6/lib/python3.6/site-packages/django/core/handlers/base.py", line 126, in _get_response
    response = wrapped_callback(request, *callback_args, **callback_kwargs)
  File "/Users/Ricky/Documents/PythonWorkspace/HttpRunnerManager/HttpRunnerManager/activator.py", line 15, in process
    result = fun(request, index) if index else fun(request)
  File "/Users/Ricky/Documents/PythonWorkspace/HttpRunnerManager/ApiManager/views.py", line 39, in wrapper
    return func(request, *args, **kwargs)
  File "/Users/Ricky/Documents/PythonWorkspace/HttpRunnerManager/ApiManager/views.py", line 223, in run_test
    kwargs = json.loads(request.body.decode('utf-8'))
  File "/Library/Frameworks/Python.framework/Versions/3.6/lib/python3.6/json/__init__.py", line 354, in loads
    return _default_decoder.decode(s)
  File "/Library/Frameworks/Python.framework/Versions/3.6/lib/python3.6/json/decoder.py", line 339, in decode
    obj, end = self.raw_decode(s, idx=_w(s, 0).end())
  File "/Library/Frameworks/Python.framework/Versions/3.6/lib/python3.6/json/decoder.py", line 357, in raw_decode
    raise JSONDecodeError("Expecting value", s, err.value) from None
json.decoder.JSONDecodeError: Expecting value: line 1 column 1 (char 0)
2019-03-13 15:01:24,340 [django.request:118] [exception:handle_uncaught_exception] [ERROR]- Internal Server Error: /api/run_test/
Traceback (most recent call last):
  File "/Library/Frameworks/Python.framework/Versions/3.6/lib/python3.6/site-packages/django/core/handlers/exception.py", line 35, in inner
    response = get_response(request)
  File "/Library/Frameworks/Python.framework/Versions/3.6/lib/python3.6/site-packages/django/core/handlers/base.py", line 128, in _get_response
    response = self.process_exception_by_middleware(e, request)
  File "/Library/Frameworks/Python.framework/Versions/3.6/lib/python3.6/site-packages/django/core/handlers/base.py", line 126, in _get_response
    response = wrapped_callback(request, *callback_args, **callback_kwargs)
  File "/Users/Ricky/Documents/PythonWorkspace/HttpRunnerManager/HttpRunnerManager/activator.py", line 15, in process
    result = fun(request, index) if index else fun(request)
  File "/Users/Ricky/Documents/PythonWorkspace/HttpRunnerManager/ApiManager/views.py", line 39, in wrapper
    return func(request, *args, **kwargs)
  File "/Users/Ricky/Documents/PythonWorkspace/HttpRunnerManager/ApiManager/views.py", line 225, in run_test
    type = kwargs.pop('type')
KeyError: 'type'
2019-03-13 15:03:04,726 [django.request:118] [exception:handle_uncaught_exception] [ERROR]- Internal Server Error: /api/run_test/
Traceback (most recent call last):
  File "/Library/Frameworks/Python.framework/Versions/3.6/lib/python3.6/site-packages/django/core/handlers/exception.py", line 35, in inner
    response = get_response(request)
  File "/Library/Frameworks/Python.framework/Versions/3.6/lib/python3.6/site-packages/django/core/handlers/base.py", line 128, in _get_response
    response = self.process_exception_by_middleware(e, request)
  File "/Library/Frameworks/Python.framework/Versions/3.6/lib/python3.6/site-packages/django/core/handlers/base.py", line 126, in _get_response
    response = wrapped_callback(request, *callback_args, **callback_kwargs)
  File "/Users/Ricky/Documents/PythonWorkspace/HttpRunnerManager/HttpRunnerManager/activator.py", line 15, in process
    result = fun(request, index) if index else fun(request)
  File "/Users/Ricky/Documents/PythonWorkspace/HttpRunnerManager/ApiManager/views.py", line 39, in wrapper
    return func(request, *args, **kwargs)
  File "/Users/Ricky/Documents/PythonWorkspace/HttpRunnerManager/ApiManager/views.py", line 225, in run_test
    type = kwargs.pop('type')
KeyError: 'type'
2019-03-13 15:16:19,218 [django.request:118] [exception:handle_uncaught_exception] [ERROR]- Internal Server Error: /api/run_test/
Traceback (most recent call last):
  File "/Library/Frameworks/Python.framework/Versions/3.6/lib/python3.6/site-packages/django/core/handlers/exception.py", line 35, in inner
    response = get_response(request)
  File "/Library/Frameworks/Python.framework/Versions/3.6/lib/python3.6/site-packages/django/core/handlers/base.py", line 128, in _get_response
    response = self.process_exception_by_middleware(e, request)
  File "/Library/Frameworks/Python.framework/Versions/3.6/lib/python3.6/site-packages/django/core/handlers/base.py", line 126, in _get_response
    response = wrapped_callback(request, *callback_args, **callback_kwargs)
  File "/Users/Ricky/Documents/PythonWorkspace/HttpRunnerManager/HttpRunnerManager/activator.py", line 15, in process
    result = fun(request, index) if index else fun(request)
  File "/Users/Ricky/Documents/PythonWorkspace/HttpRunnerManager/ApiManager/views.py", line 39, in wrapper
    return func(request, *args, **kwargs)
  File "/Users/Ricky/Documents/PythonWorkspace/HttpRunnerManager/ApiManager/views.py", line 222, in run_test
    kwargs = json.loads(request.body.decode('utf-8'))
  File "/Library/Frameworks/Python.framework/Versions/3.6/lib/python3.6/json/__init__.py", line 354, in loads
    return _default_decoder.decode(s)
  File "/Library/Frameworks/Python.framework/Versions/3.6/lib/python3.6/json/decoder.py", line 339, in decode
    obj, end = self.raw_decode(s, idx=_w(s, 0).end())
  File "/Library/Frameworks/Python.framework/Versions/3.6/lib/python3.6/json/decoder.py", line 357, in raw_decode
    raise JSONDecodeError("Expecting value", s, err.value) from None
json.decoder.JSONDecodeError: Expecting value: line 1 column 1 (char 0)
2019-03-13 15:37:23,721 [HttpRunnerManager:163] [operation:add_case_data] [INFO]- æ ¹æ®åˆ†ç±»IDè·å–ç›‘æ§ç³»ç»Ÿåˆ—è¡¨1ç”¨ä¾‹æ›´æ–°æˆåŠŸ: {'test': {'request': {'url': 'cmdb/mould/ciQueryFieldInfo/getQueryColumnInfoById', 'method': 'GET', 'data': {'typeId': 'cb84d83319f2e403ead1a053795ed6564'}, 'headers': {'User-Agent': 'Mozilla/5.0 (Windows NT 6.1; Win64; x64) AppleWebKit/537.36 (KHTML, like Gecko) Chrome/72.0.3626.119 Safari/537.36', 'max-token': '$token', 'Origin': 'http://10.202.228.31'}}, 'name': 'æ ¹æ®åˆ†ç±»IDè·å–ç›‘æ§ç³»ç»Ÿåˆ—è¡¨1', 'validate': [{'comparator': 'equals', 'check': 'status_code', 'expected': 200}], 'extract': [{'token': 'content'}]}}
2019-03-13 15:39:59,493 [HttpRunnerManager:163] [operation:add_case_data] [INFO]- æ ¹æ®åˆ†ç±»IDè·å–ç›‘æ§ç³»ç»Ÿåˆ—è¡¨1ç”¨ä¾‹æ›´æ–°æˆåŠŸ: {'test': {'request': {'url': '/cmdb/mould/ciQueryFieldInfo/getQueryColumnInfoById', 'method': 'GET', 'data': {'typeId': 'cb84d83319f2e403ead1a053795ed6564'}, 'headers': {'User-Agent': 'Mozilla/5.0 (Windows NT 6.1; Win64; x64) AppleWebKit/537.36 (KHTML, like Gecko) Chrome/72.0.3626.119 Safari/537.36', 'max-token': '$token', 'Origin': 'http://10.202.228.31'}}, 'name': 'æ ¹æ®åˆ†ç±»IDè·å–ç›‘æ§ç³»ç»Ÿåˆ—è¡¨1', 'validate': [{'comparator': 'equals', 'check': 'status_code', 'expected': 200}], 'extract': [{'token': 'content'}]}}
2019-03-13 15:41:56,428 [HttpRunnerManager:163] [operation:add_case_data] [INFO]- æ ¹æ®åˆ†ç±»IDè·å–ç›‘æ§ç³»ç»Ÿåˆ—è¡¨1ç”¨ä¾‹æ›´æ–°æˆåŠŸ: {'test': {'request': {'url': '/cmdb/mould/ciSearchInfo/getDefSearchFieldByTypeId', 'method': 'GET', 'data': {'typeId': 'cb84d83319f2e403ead1a053795ed6564'}, 'headers': {'User-Agent': 'Mozilla/5.0 (Windows NT 6.1; Win64; x64) AppleWebKit/537.36 (KHTML, like Gecko) Chrome/72.0.3626.119 Safari/537.36', 'max-token': '$token', 'Origin': 'http://10.202.228.31'}}, 'name': 'æ ¹æ®åˆ†ç±»IDè·å–ç›‘æ§ç³»ç»Ÿåˆ—è¡¨1', 'validate': [{'comparator': 'equals', 'check': 'status_code', 'expected': 200}], 'extract': [{'token': 'content'}]}}
2019-03-13 15:43:20,357 [HttpRunnerManager:163] [operation:add_case_data] [INFO]- æ ¹æ®åˆ†ç±»IDè·å–ç›‘æ§ç³»ç»Ÿåˆ—è¡¨1ç”¨ä¾‹æ›´æ–°æˆåŠŸ: {'test': {'request': {'url': '/cmdb/mould/ciSearchInfo/getDefSearchFieldByTypeId', 'method': 'GET', 'data': {'typeId': 'cb84d83319f2e403ead1a053795ed6564'}, 'headers': {'User-Agent': 'Mozilla/5.0 (Windows NT 6.1; Win64; x64) AppleWebKit/537.36 (KHTML, like Gecko) Chrome/72.0.3626.119 Safari/537.36', 'max-token': '$token', 'Origin': 'http://10.202.228.31'}}, 'name': 'æ ¹æ®åˆ†ç±»IDè·å–ç›‘æ§ç³»ç»Ÿåˆ—è¡¨1', 'validate': [{'comparator': 'equals', 'check': 'status_code', 'expected': 200}], 'extract': [{'token': 'content'}]}}
2019-03-13 15:46:57,529 [HttpRunnerManager:163] [operation:add_case_data] [INFO]- æ ¹æ®åˆ†ç±»IDè·å–ç›‘æ§ç³»ç»Ÿåˆ—è¡¨1ç”¨ä¾‹æ›´æ–°æˆåŠŸ: {'test': {'request': {'url': '/cmdb/mould/ciSearchInfo/getDefSearchFieldByTypeId', 'method': 'GET', 'data': {'typeId': 'cb84d83319f2e403ead1a053795ed6564'}, 'headers': {'User-Agent': 'Mozilla/5.0 (Windows NT 6.1; Win64; x64) AppleWebKit/537.36 (KHTML, like Gecko) Chrome/72.0.3626.119 Safari/537.36', 'max-token': '$token', 'Origin': 'http://10.202.228.31'}}, 'name': 'æ ¹æ®åˆ†ç±»IDè·å–ç›‘æ§ç³»ç»Ÿåˆ—è¡¨1', 'validate': [{'comparator': 'equals', 'check': 'status_code', 'expected': 200}], 'extract': [{'token': 'content'}]}}
2019-03-13 15:48:21,481 [django.request:118] [exception:handle_uncaught_exception] [ERROR]- Internal Server Error: /api/run_test/
Traceback (most recent call last):
  File "/Library/Frameworks/Python.framework/Versions/3.6/lib/python3.6/site-packages/django/contrib/sessions/backends/base.py", line 191, in _get_session
    return self._session_cache
AttributeError: 'SessionStore' object has no attribute '_session_cache'

During handling of the above exception, another exception occurred:

Traceback (most recent call last):
  File "/Library/Frameworks/Python.framework/Versions/3.6/lib/python3.6/site-packages/django/db/backends/base/base.py", line 216, in ensure_connection
    self.connect()
  File "/Library/Frameworks/Python.framework/Versions/3.6/lib/python3.6/site-packages/django/db/backends/base/base.py", line 194, in connect
    self.connection = self.get_new_connection(conn_params)
  File "/Library/Frameworks/Python.framework/Versions/3.6/lib/python3.6/site-packages/django/db/backends/mysql/base.py", line 236, in get_new_connection
    return Database.connect(**conn_params)
  File "/Library/Frameworks/Python.framework/Versions/3.6/lib/python3.6/site-packages/MySQLdb/__init__.py", line 86, in Connect
    return Connection(*args, **kwargs)
  File "/Library/Frameworks/Python.framework/Versions/3.6/lib/python3.6/site-packages/MySQLdb/connections.py", line 204, in __init__
    super(Connection, self).__init__(*args, **kwargs2)
_mysql_exceptions.OperationalError: (2003, "Can't connect to MySQL server on '10.202.228.30' (60)")

The above exception was the direct cause of the following exception:

Traceback (most recent call last):
  File "/Library/Frameworks/Python.framework/Versions/3.6/lib/python3.6/site-packages/django/core/handlers/exception.py", line 35, in inner
    response = get_response(request)
  File "/Library/Frameworks/Python.framework/Versions/3.6/lib/python3.6/site-packages/django/core/handlers/base.py", line 128, in _get_response
    response = self.process_exception_by_middleware(e, request)
  File "/Library/Frameworks/Python.framework/Versions/3.6/lib/python3.6/site-packages/django/core/handlers/base.py", line 126, in _get_response
    response = wrapped_callback(request, *callback_args, **callback_kwargs)
  File "/Users/Ricky/Documents/PythonWorkspace/HttpRunnerManager/HttpRunnerManager/activator.py", line 15, in process
    result = fun(request, index) if index else fun(request)
  File "/Users/Ricky/Documents/PythonWorkspace/HttpRunnerManager/ApiManager/views.py", line 37, in wrapper
    if not request.session.get('login_status'):
  File "/Library/Frameworks/Python.framework/Versions/3.6/lib/python3.6/site-packages/django/contrib/sessions/backends/base.py", line 66, in get
    return self._session.get(key, default)
  File "/Library/Frameworks/Python.framework/Versions/3.6/lib/python3.6/site-packages/django/contrib/sessions/backends/base.py", line 196, in _get_session
    self._session_cache = self.load()
  File "/Library/Frameworks/Python.framework/Versions/3.6/lib/python3.6/site-packages/django/contrib/sessions/backends/db.py", line 34, in load
    expire_date__gt=timezone.now()
  File "/Library/Frameworks/Python.framework/Versions/3.6/lib/python3.6/site-packages/django/db/models/manager.py", line 82, in manager_method
    return getattr(self.get_queryset(), name)(*args, **kwargs)
  File "/Library/Frameworks/Python.framework/Versions/3.6/lib/python3.6/site-packages/django/db/models/query.py", line 397, in get
    num = len(clone)
  File "/Library/Frameworks/Python.framework/Versions/3.6/lib/python3.6/site-packages/django/db/models/query.py", line 254, in __len__
    self._fetch_all()
  File "/Library/Frameworks/Python.framework/Versions/3.6/lib/python3.6/site-packages/django/db/models/query.py", line 1179, in _fetch_all
    self._result_cache = list(self._iterable_class(self))
  File "/Library/Frameworks/Python.framework/Versions/3.6/lib/python3.6/site-packages/django/db/models/query.py", line 53, in __iter__
    results = compiler.execute_sql(chunked_fetch=self.chunked_fetch, chunk_size=self.chunk_size)
  File "/Library/Frameworks/Python.framework/Versions/3.6/lib/python3.6/site-packages/django/db/models/sql/compiler.py", line 1053, in execute_sql
    sql, params = self.as_sql()
  File "/Library/Frameworks/Python.framework/Versions/3.6/lib/python3.6/site-packages/django/db/models/sql/compiler.py", line 459, in as_sql
    where, w_params = self.compile(self.where) if self.where is not None else ("", [])
  File "/Library/Frameworks/Python.framework/Versions/3.6/lib/python3.6/site-packages/django/db/models/sql/compiler.py", line 391, in compile
    sql, params = node.as_sql(self, self.connection)
  File "/Library/Frameworks/Python.framework/Versions/3.6/lib/python3.6/site-packages/django/db/models/sql/where.py", line 80, in as_sql
    sql, params = compiler.compile(child)
  File "/Library/Frameworks/Python.framework/Versions/3.6/lib/python3.6/site-packages/django/db/models/sql/compiler.py", line 391, in compile
    sql, params = node.as_sql(self, self.connection)
  File "/Library/Frameworks/Python.framework/Versions/3.6/lib/python3.6/site-packages/django/db/models/lookups.py", line 160, in as_sql
    lhs_sql, params = self.process_lhs(compiler, connection)
  File "/Library/Frameworks/Python.framework/Versions/3.6/lib/python3.6/site-packages/django/db/models/lookups.py", line 153, in process_lhs
    db_type = self.lhs.output_field.db_type(connection=connection)
  File "/Library/Frameworks/Python.framework/Versions/3.6/lib/python3.6/site-packages/django/db/models/fields/__init__.py", line 648, in db_type
    return connection.data_types[self.get_internal_type()] % data
  File "/Library/Frameworks/Python.framework/Versions/3.6/lib/python3.6/site-packages/django/utils/functional.py", line 36, in __get__
    res = instance.__dict__[self.name] = self.func(instance)
  File "/Library/Frameworks/Python.framework/Versions/3.6/lib/python3.6/site-packages/django/db/backends/mysql/base.py", line 133, in data_types
    if self.features.supports_microsecond_precision:
  File "/Library/Frameworks/Python.framework/Versions/3.6/lib/python3.6/site-packages/django/utils/functional.py", line 36, in __get__
    res = instance.__dict__[self.name] = self.func(instance)
  File "/Library/Frameworks/Python.framework/Versions/3.6/lib/python3.6/site-packages/django/db/backends/mysql/features.py", line 65, in supports_microsecond_precision
    return self.connection.mysql_version >= (5, 6, 4)
  File "/Library/Frameworks/Python.framework/Versions/3.6/lib/python3.6/site-packages/django/utils/functional.py", line 36, in __get__
    res = instance.__dict__[self.name] = self.func(instance)
  File "/Library/Frameworks/Python.framework/Versions/3.6/lib/python3.6/site-packages/django/db/backends/mysql/base.py", line 345, in mysql_version
    with self.temporary_connection() as cursor:
  File "/Library/Frameworks/Python.framework/Versions/3.6/lib/python3.6/contextlib.py", line 81, in __enter__
    return next(self.gen)
  File "/Library/Frameworks/Python.framework/Versions/3.6/lib/python3.6/site-packages/django/db/backends/base/base.py", line 576, in temporary_connection
    cursor = self.cursor()
  File "/Library/Frameworks/Python.framework/Versions/3.6/lib/python3.6/site-packages/django/db/backends/base/base.py", line 255, in cursor
    return self._cursor()
  File "/Library/Frameworks/Python.framework/Versions/3.6/lib/python3.6/site-packages/django/db/backends/base/base.py", line 232, in _cursor
    self.ensure_connection()
  File "/Library/Frameworks/Python.framework/Versions/3.6/lib/python3.6/site-packages/django/db/backends/base/base.py", line 216, in ensure_connection
    self.connect()
  File "/Library/Frameworks/Python.framework/Versions/3.6/lib/python3.6/site-packages/django/db/utils.py", line 89, in __exit__
    raise dj_exc_value.with_traceback(traceback) from exc_value
  File "/Library/Frameworks/Python.framework/Versions/3.6/lib/python3.6/site-packages/django/db/backends/base/base.py", line 216, in ensure_connection
    self.connect()
  File "/Library/Frameworks/Python.framework/Versions/3.6/lib/python3.6/site-packages/django/db/backends/base/base.py", line 194, in connect
    self.connection = self.get_new_connection(conn_params)
  File "/Library/Frameworks/Python.framework/Versions/3.6/lib/python3.6/site-packages/django/db/backends/mysql/base.py", line 236, in get_new_connection
    return Database.connect(**conn_params)
  File "/Library/Frameworks/Python.framework/Versions/3.6/lib/python3.6/site-packages/MySQLdb/__init__.py", line 86, in Connect
    return Connection(*args, **kwargs)
  File "/Library/Frameworks/Python.framework/Versions/3.6/lib/python3.6/site-packages/MySQLdb/connections.py", line 204, in __init__
    super(Connection, self).__init__(*args, **kwargs2)
django.db.utils.OperationalError: (2003, "Can't connect to MySQL server on '10.202.228.30' (60)")
2019-03-13 15:48:55,462 [HttpRunnerManager:55] [views:login] [INFO]- zhaorong468 ç™»å½•æˆåŠŸ
2019-03-13 15:49:00,501 [HttpRunnerManager:55] [views:login] [INFO]- zhaorong468 ç™»å½•æˆåŠŸ
2019-03-13 15:50:20,305 [HttpRunnerManager:163] [operation:add_case_data] [INFO]- æ ¹æ®åˆ†ç±»IDè·å–ç›‘æ§ç³»ç»Ÿåˆ—è¡¨1ç”¨ä¾‹æ›´æ–°æˆåŠŸ: {'test': {'request': {'url': '/cmdb/mould/ciSearchInfo/getDefSearchFieldByTypeId', 'method': 'GET', 'data': {'typeId': 'cb84d83319f2e403ead1a053795ed6564'}, 'headers': {'User-Agent': 'Mozilla/5.0 (Windows NT 6.1; Win64; x64) AppleWebKit/537.36 (KHTML, like Gecko) Chrome/72.0.3626.119 Safari/537.36', 'max-token': '$token', 'Origin': 'http://10.202.228.31'}}, 'name': 'æ ¹æ®åˆ†ç±»IDè·å–ç›‘æ§ç³»ç»Ÿåˆ—è¡¨1', 'validate': [{'comparator': 'equals', 'check': 'status_code', 'expected': 200}], 'extract': [{'token': 'content'}]}}
2019-03-13 16:58:16,855 [HttpRunnerManager:163] [operation:add_case_data] [INFO]- æ ¹æ®åˆ†ç±»IDè·å–ç›‘æ§ç³»ç»Ÿåˆ—è¡¨1ç”¨ä¾‹æ›´æ–°æˆåŠŸ: {'test': {'request': {'url': '/cmdb/mould/ciQueryFieldInfo/getQueryColumnInfoById', 'method': 'GET', 'data': {'typeId': 'cb84d83319f2e403ead1a053795ed6564'}, 'headers': {'max-token': '$token', 'Content-Type': 'application/json;charset=UTF-8'}}, 'name': 'æ ¹æ®åˆ†ç±»IDè·å–ç›‘æ§ç³»ç»Ÿåˆ—è¡¨1', 'validate': [{'comparator': 'equals', 'check': 'status_code', 'expected': 200}], 'extract': [{'token': 'content'}]}}
2019-03-13 16:59:37,112 [HttpRunnerManager:163] [operation:add_case_data] [INFO]- æ ¹æ®åˆ†ç±»IDè·å–ç›‘æ§ç³»ç»Ÿåˆ—è¡¨1ç”¨ä¾‹æ›´æ–°æˆåŠŸ: {'test': {'request': {'url': '/cmdb/mould/ciQueryFieldInfo/getQueryColumnInfoById', 'method': 'GET', 'data': {'typeId': 'cb84d83319f2e403ead1a053795ed6564'}, 'headers': {'max-token': '$token', 'Content-Type': 'application/json;charset=UTF-8'}}, 'name': 'æ ¹æ®åˆ†ç±»IDè·å–ç›‘æ§ç³»ç»Ÿåˆ—è¡¨1', 'validate': [{'comparator': 'equals', 'check': 'status_code', 'expected': 200}], 'extract': [{'token': 'content'}]}}
2019-03-13 17:08:26,939 [HttpRunnerManager:163] [operation:add_case_data] [INFO]- æ ¹æ®åˆ†ç±»IDè·å–ç›‘æ§ç³»ç»Ÿåˆ—è¡¨1ç”¨ä¾‹æ›´æ–°æˆåŠŸ: {'test': {'request': {'url': 'http://10.202.228.31:8088/cmdb/mould/ciQueryFieldInfo/getQueryColumnInfoById', 'method': 'GET', 'data': {'typeId': 'cb84d83319f2e403ead1a053795ed6564'}, 'headers': {'max-token': '$token', 'Content-Type': 'application/json;charset=UTF-8'}}, 'name': 'æ ¹æ®åˆ†ç±»IDè·å–ç›‘æ§ç³»ç»Ÿåˆ—è¡¨1', 'validate': [{'comparator': 'equals', 'check': 'status_code', 'expected': 200}], 'extract': [{'token': 'content'}]}}
2019-03-13 17:18:21,001 [HttpRunnerManager:163] [operation:add_case_data] [INFO]- æ ¹æ®åˆ†ç±»IDè·å–ç›‘æ§ç³»ç»Ÿåˆ—è¡¨ç”¨ä¾‹æ›´æ–°æˆåŠŸ: {'test': {'request': {'url': '/cmdb/mould/ciInfo/queryCi', 'method': 'GET', 'json': {'asc': True, 'orderByField': 'name', 'params': {'typeId': 'cb84d83319f2e403ead1a053795ed6564', 'needCheckPermission': True, 'searchInfo': [{'fieldValue': None, 'field': {'code': 'businessSystem', 'fuzzyQuery': True, 'dataType': 202, 'inputType': 400}}, {'fieldValue': None, 'field': {'code': 'name', 'fuzzyQuery': False, 'dataType': 199, 'inputType': 100}}, {'fieldValue': None, 'field': {'code': '60cd89e12bd14f49be252b00293645ae', 'fuzzyQuery': True, 'dataType': 205, 'inputType': 400}}, {'fieldValue': None, 'field': {'code': 'ciSystemManager', 'fuzzyQuery': True, 'dataType': 205, 'inputType': 400}}, {'fieldValue': None, 'field': {'code': 'unitId', 'fuzzyQuery': True, 'dataType': 203, 'inputType': 300}}, {'fieldValue': None, 'field': {'code': '9683740d37554ec38589c5da4451b267', 'fuzzyQuery': True, 'dataType': 205, 'inputType': 400}}, {'fieldValue': None, 'field': {'code': 'state', 'fuzzyQuery': True, 'dataType': 201, 'inputType': 300}}, {'fieldValue': None, 'field': {'code': 'ip', 'fuzzyQuery': False, 'dataType': 101, 'inputType': 100}}, {'fieldValue': None, 'field': {'code': 'createUser', 'fuzzyQuery': False, 'dataType': 205, 'inputType': 300}}]}, 'size': 10, 'current': 1}, 'headers': {'User-Agent': 'Mozilla/5.0 (Windows NT 6.1; Win64; x64) AppleWebKit/537.36 (KHTML, like Gecko) Chrome/72.0.3626.119 Safari/537.36', 'max-token': '$token'}}, 'name': 'æ ¹æ®åˆ†ç±»IDè·å–ç›‘æ§ç³»ç»Ÿåˆ—è¡¨', 'validate': [{'comparator': 'equals', 'check': 'status_code', 'expected': 200}], 'extract': [{'token': 'content'}]}}
2019-03-13 17:19:56,609 [HttpRunnerManager:154] [operation:add_case_data] [INFO]- 222ç”¨ä¾‹æ·»åŠ æˆåŠŸ: {'test': {'request': {'url': '', 'method': 'POST'}, 'name': '222'}}
2019-03-13 17:20:42,380 [HttpRunnerManager:154] [operation:add_case_data] [INFO]- 22ç”¨ä¾‹æ·»åŠ æˆåŠŸ: {'test': {'request': {'url': '', 'method': 'POST'}, 'name': '22'}}
2019-03-13 17:26:10,236 [HttpRunnerManager:163] [operation:add_case_data] [INFO]- 11ç”¨ä¾‹æ›´æ–°æˆåŠŸ: {'test': {'request': {'url': '/cmdb/mould/ciInfo/queryCi', 'method': 'POST', 'json': {'asc': True, 'orderByField': 'name', 'params': {'typeId': 'cb84d83319f2e403ead1a053795ed6564', 'needCheckPermission': True, 'searchInfo': [{'fieldValue': None, 'field': {'code': 'businessSystem', 'fuzzyQuery': True, 'dataType': 202, 'inputType': 400}}, {'fieldValue': None, 'field': {'code': 'name', 'fuzzyQuery': False, 'dataType': 199, 'inputType': 100}}, {'fieldValue': None, 'field': {'code': '60cd89e12bd14f49be252b00293645ae', 'fuzzyQuery': True, 'dataType': 205, 'inputType': 400}}, {'fieldValue': None, 'field': {'code': 'ciSystemManager', 'fuzzyQuery': True, 'dataType': 205, 'inputType': 400}}, {'fieldValue': None, 'field': {'code': 'unitId', 'fuzzyQuery': True, 'dataType': 203, 'inputType': 300}}, {'fieldValue': None, 'field': {'code': '9683740d37554ec38589c5da4451b267', 'fuzzyQuery': True, 'dataType': 205, 'inputType': 400}}, {'fieldValue': None, 'field': {'code': 'state', 'fuzzyQuery': True, 'dataType': 201, 'inputType': 300}}, {'fieldValue': None, 'field': {'code': 'ip', 'fuzzyQuery': False, 'dataType': 101, 'inputType': 100}}, {'fieldValue': None, 'field': {'code': 'createUser', 'fuzzyQuery': False, 'dataType': 205, 'inputType': 300}}]}, 'size': 10, 'current': 1}, 'headers': {'User-Agent': 'Mozilla/5.0 (Windows NT 6.1; Win64; x64) AppleWebKit/537.36 (KHTML, like Gecko) Chrome/72.0.3626.119 Safari/537.36', 'max-token': '$token'}}, 'name': '11', 'validate': [{'comparator': 'equals', 'check': 'status_code', 'expected': 200}], 'extract': [{'token': 'content'}]}}
2019-03-13 17:30:50,053 [HttpRunnerManager:163] [operation:add_case_data] [INFO]- 22ç”¨ä¾‹æ›´æ–°æˆåŠŸ: {'test': {'request': {'url': '/cmdb/mould/ciInfo/queryCi', 'method': 'POST', 'json': {'asc': True, 'orderByField': 'name', 'params': {'typeId': 'cb84d83319f2e403ead1a053795ed6564', 'needCheckPermission': True, 'searchInfo': [{'fieldValue': None, 'field': {'code': 'businessSystem', 'fuzzyQuery': True, 'dataType': 202, 'inputType': 400}}, {'fieldValue': None, 'field': {'code': 'name', 'fuzzyQuery': False, 'dataType': 199, 'inputType': 100}}, {'fieldValue': None, 'field': {'code': '60cd89e12bd14f49be252b00293645ae', 'fuzzyQuery': True, 'dataType': 205, 'inputType': 400}}, {'fieldValue': None, 'field': {'code': 'ciSystemManager', 'fuzzyQuery': True, 'dataType': 205, 'inputType': 400}}, {'fieldValue': None, 'field': {'code': 'unitId', 'fuzzyQuery': True, 'dataType': 203, 'inputType': 300}}, {'fieldValue': None, 'field': {'code': '9683740d37554ec38589c5da4451b267', 'fuzzyQuery': True, 'dataType': 205, 'inputType': 400}}, {'fieldValue': None, 'field': {'code': 'state', 'fuzzyQuery': True, 'dataType': 201, 'inputType': 300}}, {'fieldValue': None, 'field': {'code': 'ip', 'fuzzyQuery': False, 'dataType': 101, 'inputType': 100}}, {'fieldValue': None, 'field': {'code': 'createUser', 'fuzzyQuery': False, 'dataType': 205, 'inputType': 300}}]}, 'size': 10, 'current': 1}, 'headers': {'Content-Type': 'application/json;charset=UTF-8', 'max-token': '$token'}}, 'name': '22', 'validate': [{'comparator': 'equals', 'check': 'status_code', 'expected': 200}], 'extract': [{'token': 'content'}]}}
2019-03-13 17:35:53,168 [HttpRunnerManager:163] [operation:add_case_data] [INFO]- æŸ¥è¯¢ç›‘æ§ç³»ç»ŸCIç”¨ä¾‹æ›´æ–°æˆåŠŸ: {'test': {'request': {'url': '/cmdb/mould/ciInfo/queryCi', 'method': 'POST', 'json': {'asc': True, 'orderByField': 'name', 'params': {'typeId': 'cb84d83319f2e403ead1a053795ed6564', 'needCheckPermission': True, 'searchInfo': [{'fieldValue': None, 'field': {'code': 'businessSystem', 'fuzzyQuery': True, 'dataType': 202, 'inputType': 400}}, {'fieldValue': None, 'field': {'code': 'name', 'fuzzyQuery': False, 'dataType': 199, 'inputType': 100}}, {'fieldValue': None, 'field': {'code': '60cd89e12bd14f49be252b00293645ae', 'fuzzyQuery': True, 'dataType': 205, 'inputType': 400}}, {'fieldValue': None, 'field': {'code': 'ciSystemManager', 'fuzzyQuery': True, 'dataType': 205, 'inputType': 400}}, {'fieldValue': None, 'field': {'code': 'unitId', 'fuzzyQuery': True, 'dataType': 203, 'inputType': 300}}, {'fieldValue': None, 'field': {'code': '9683740d37554ec38589c5da4451b267', 'fuzzyQuery': True, 'dataType': 205, 'inputType': 400}}, {'fieldValue': None, 'field': {'code': 'state', 'fuzzyQuery': True, 'dataType': 201, 'inputType': 300}}, {'fieldValue': None, 'field': {'code': 'ip', 'fuzzyQuery': False, 'dataType': 101, 'inputType': 100}}, {'fieldValue': None, 'field': {'code': 'createUser', 'fuzzyQuery': False, 'dataType': 205, 'inputType': 300}}]}, 'size': 10, 'current': 1}, 'headers': {'Content-Type': 'application/json;charset=UTF-8', 'max-token': '$token'}}, 'name': 'æŸ¥è¯¢ç›‘æ§ç³»ç»ŸCI', 'validate': [{'comparator': 'equals', 'check': 'status_code', 'expected': 200}], 'extract': [{'token': 'content'}]}}
2019-03-13 17:45:28,942 [HttpRunnerManager:163] [operation:add_case_data] [INFO]- æ ¹æ®åˆ†ç±»IDè·å–ç›‘æ§ç³»ç»Ÿåˆ—è¡¨1ç”¨ä¾‹æ›´æ–°æˆåŠŸ: {'test': {'request': {'url': '/cmdb/mould/ciQueryFieldInfo/getQueryColumnInfoById', 'method': 'GET', 'data': {'typeId': 'cb84d83319f2e403ead1a053795ed6564'}, 'headers': {'max-token': '$token', 'Content-Type': 'application/json;charset=UTF-8'}}, 'name': 'æ ¹æ®åˆ†ç±»IDè·å–ç›‘æ§ç³»ç»Ÿåˆ—è¡¨1', 'validate': [{'comparator': 'equals', 'check': 'status_code', 'expected': 200}], 'extract': [{'token': 'content'}]}}
2019-03-13 17:48:22,479 [HttpRunnerManager:163] [operation:add_case_data] [INFO]- æ ¹æ®åˆ†ç±»IDè·å–ç›‘æ§ç³»ç»Ÿåˆ—è¡¨1ç”¨ä¾‹æ›´æ–°æˆåŠŸ: {'test': {'request': {'url': '/cmdb/mould/ciQueryFieldInfo/getQueryColumnInfoById', 'method': 'GET', 'data': {'typeId': 'cb84d83319f2e403ead1a053795ed6564'}, 'headers': {'max-token': '$token', 'Content-Type': 'application/json;charset=UTF-8', 'User-Agent': 'Mozilla/5.0 (Windows NT 6.1; Win64; x64) AppleWebKit/537.36 (KHTML, like Gecko) Chrome/72.0.3626.119 Safari/537.36'}}, 'name': 'æ ¹æ®åˆ†ç±»IDè·å–ç›‘æ§ç³»ç»Ÿåˆ—è¡¨1', 'validate': [{'comparator': 'equals', 'check': 'status_code', 'expected': 200}], 'extract': [{'token': 'content'}]}}
2019-03-13 18:01:07,177 [django.request:118] [exception:handle_uncaught_exception] [ERROR]- Internal Server Error: /api/run_batch_test/
Traceback (most recent call last):
  File "/Library/Frameworks/Python.framework/Versions/3.6/lib/python3.6/site-packages/django/core/handlers/exception.py", line 35, in inner
    response = get_response(request)
  File "/Library/Frameworks/Python.framework/Versions/3.6/lib/python3.6/site-packages/django/core/handlers/base.py", line 128, in _get_response
    response = self.process_exception_by_middleware(e, request)
  File "/Library/Frameworks/Python.framework/Versions/3.6/lib/python3.6/site-packages/django/core/handlers/base.py", line 126, in _get_response
    response = wrapped_callback(request, *callback_args, **callback_kwargs)
  File "/Users/Ricky/Documents/PythonWorkspace/HttpRunnerManager/HttpRunnerManager/activator.py", line 15, in process
    result = fun(request, index) if index else fun(request)
  File "/Users/Ricky/Documents/PythonWorkspace/HttpRunnerManager/ApiManager/views.py", line 39, in wrapper
    return func(request, *args, **kwargs)
  File "/Users/Ricky/Documents/PythonWorkspace/HttpRunnerManager/ApiManager/views.py", line 271, in run_batch_test
    print(json.loads(obj))
  File "/Library/Frameworks/Python.framework/Versions/3.6/lib/python3.6/json/__init__.py", line 354, in loads
    return _default_decoder.decode(s)
  File "/Library/Frameworks/Python.framework/Versions/3.6/lib/python3.6/json/decoder.py", line 339, in decode
    obj, end = self.raw_decode(s, idx=_w(s, 0).end())
  File "/Library/Frameworks/Python.framework/Versions/3.6/lib/python3.6/json/decoder.py", line 357, in raw_decode
    raise JSONDecodeError("Expecting value", s, err.value) from None
json.decoder.JSONDecodeError: Expecting value: line 1 column 2 (char 1)
2019-03-13 18:02:56,789 [django.request:118] [exception:handle_uncaught_exception] [ERROR]- Internal Server Error: /api/run_batch_test/
Traceback (most recent call last):
  File "/Library/Frameworks/Python.framework/Versions/3.6/lib/python3.6/site-packages/django/core/handlers/exception.py", line 35, in inner
    response = get_response(request)
  File "/Library/Frameworks/Python.framework/Versions/3.6/lib/python3.6/site-packages/django/core/handlers/base.py", line 128, in _get_response
    response = self.process_exception_by_middleware(e, request)
  File "/Library/Frameworks/Python.framework/Versions/3.6/lib/python3.6/site-packages/django/core/handlers/base.py", line 126, in _get_response
    response = wrapped_callback(request, *callback_args, **callback_kwargs)
  File "/Users/Ricky/Documents/PythonWorkspace/HttpRunnerManager/HttpRunnerManager/activator.py", line 15, in process
    result = fun(request, index) if index else fun(request)
  File "/Users/Ricky/Documents/PythonWorkspace/HttpRunnerManager/ApiManager/views.py", line 39, in wrapper
    return func(request, *args, **kwargs)
  File "/Users/Ricky/Documents/PythonWorkspace/HttpRunnerManager/ApiManager/views.py", line 271, in run_batch_test
    print(type(obj))
UnboundLocalError: local variable 'type' referenced before assignment
2019-03-13 18:07:53,647 [HttpRunnerManager:163] [operation:add_case_data] [INFO]- æ ¹æ®åˆ†ç±»IDè·å–ç›‘æ§ç³»ç»Ÿåˆ—è¡¨1ç”¨ä¾‹æ›´æ–°æˆåŠŸ: {'test': {'request': {'url': '/cmdb/mould/ciQueryFieldInfo/getQueryColumnInfoById', 'method': 'GET', 'data': {'typeId': 'cb84d83319f2e403ead1a053795ed6564'}, 'headers': {'max-token': '$token', 'Content-Type': 'application/json;charset=UTF-8', 'User-Agent': 'Mozilla/5.0 (Windows NT 6.1; Win64; x64) AppleWebKit/537.36 (KHTML, like Gecko) Chrome/72.0.3626.119 Safari/537.36'}}, 'name': 'æ ¹æ®åˆ†ç±»IDè·å–ç›‘æ§ç³»ç»Ÿåˆ—è¡¨1', 'validate': [{'comparator': 'equals', 'check': 'content.success', 'expected': 'true'}], 'extract': [{'token': 'content'}]}}
2019-03-13 18:13:54,001 [HttpRunnerManager:163] [operation:add_case_data] [INFO]- æ ¹æ®åˆ†ç±»IDè·å–ç›‘æ§ç³»ç»Ÿåˆ—è¡¨1ç”¨ä¾‹æ›´æ–°æˆåŠŸ: {'test': {'request': {'url': '/cmdb/mould/ciQueryFieldInfo/getQueryColumnInfoById', 'method': 'GET', 'data': {'typeId': 'cb84d83319f2e403ead1a053795ed6564'}, 'headers': {'max-token': '$token', 'User-Agent': 'Mozilla/5.0 (Windows NT 6.1; Win64; x64) AppleWebKit/537.36 (KHTML, like Gecko) Chrome/72.0.3626.119 Safari/537.36'}}, 'name': 'æ ¹æ®åˆ†ç±»IDè·å–ç›‘æ§ç³»ç»Ÿåˆ—è¡¨1', 'validate': [{'comparator': 'equals', 'check': 'content.success', 'expected': 'true'}], 'extract': [{'token': 'content'}]}}
2019-03-13 18:16:52,300 [HttpRunnerManager:163] [operation:add_case_data] [INFO]- æ ¹æ®åˆ†ç±»IDè·å–ç›‘æ§ç³»ç»Ÿåˆ—è¡¨1ç”¨ä¾‹æ›´æ–°æˆåŠŸ: {'test': {'request': {'url': '/cmdb/mould/ciQueryFieldInfo/getQueryColumnInfoById', 'method': 'GET', 'data': {'typeId': 'cb84d83319f2e403ead1a053795ed6564'}, 'headers': {'max-token': '$token', 'User-Agent': 'Mozilla/5.0 (Windows NT 6.1; Win64; x64) AppleWebKit/537.36 (KHTML, like Gecko) Chrome/72.0.3626.119 Safari/537.36'}}, 'name': 'æ ¹æ®åˆ†ç±»IDè·å–ç›‘æ§ç³»ç»Ÿåˆ—è¡¨1', 'validate': [{'comparator': 'equals', 'check': 'status_code', 'expected': 200}], 'extract': [{'token': 'content'}]}}
2019-03-13 18:23:43,933 [django.request:118] [exception:handle_uncaught_exception] [ERROR]- Internal Server Error: /api/run_batch_test/
Traceback (most recent call last):
  File "/Library/Frameworks/Python.framework/Versions/3.6/lib/python3.6/site-packages/django/core/handlers/exception.py", line 35, in inner
    response = get_response(request)
  File "/Library/Frameworks/Python.framework/Versions/3.6/lib/python3.6/site-packages/django/core/handlers/base.py", line 128, in _get_response
    response = self.process_exception_by_middleware(e, request)
  File "/Library/Frameworks/Python.framework/Versions/3.6/lib/python3.6/site-packages/django/core/handlers/base.py", line 126, in _get_response
    response = wrapped_callback(request, *callback_args, **callback_kwargs)
  File "/Users/Ricky/Documents/PythonWorkspace/HttpRunnerManager/HttpRunnerManager/activator.py", line 15, in process
    result = fun(request, index) if index else fun(request)
  File "/Users/Ricky/Documents/PythonWorkspace/HttpRunnerManager/ApiManager/views.py", line 39, in wrapper
    return func(request, *args, **kwargs)
  File "/Users/Ricky/Documents/PythonWorkspace/HttpRunnerManager/ApiManager/views.py", line 278, in run_batch_test
    run_by_batch(test_list, base_url, testcase_dir_path)
  File "/Users/Ricky/Documents/PythonWorkspace/HttpRunnerManager/ApiManager/utils/runner.py", line 127, in run_by_batch
    form_test = test_list[index].split('=')
TypeError: 'dict_values' object does not support indexing
2019-03-13 18:24:14,256 [HttpRunnerManager:154] [operation:add_case_data] [INFO]- è·å–é…ç½®é¡¹å˜æ›´æ—¥å¿—ç”¨ä¾‹æ·»åŠ æˆåŠŸ: {'test': {'request': {'url': '', 'method': 'POST'}, 'name': 'è·å–é…ç½®é¡¹å˜æ›´æ—¥å¿—'}}
2019-03-13 18:24:28,384 [django.request:118] [exception:handle_uncaught_exception] [ERROR]- Internal Server Error: /api/run_batch_test/
Traceback (most recent call last):
  File "/Library/Frameworks/Python.framework/Versions/3.6/lib/python3.6/site-packages/django/core/handlers/exception.py", line 35, in inner
    response = get_response(request)
  File "/Library/Frameworks/Python.framework/Versions/3.6/lib/python3.6/site-packages/django/core/handlers/base.py", line 128, in _get_response
    response = self.process_exception_by_middleware(e, request)
  File "/Library/Frameworks/Python.framework/Versions/3.6/lib/python3.6/site-packages/django/core/handlers/base.py", line 126, in _get_response
    response = wrapped_callback(request, *callback_args, **callback_kwargs)
  File "/Users/Ricky/Documents/PythonWorkspace/HttpRunnerManager/HttpRunnerManager/activator.py", line 15, in process
    result = fun(request, index) if index else fun(request)
  File "/Users/Ricky/Documents/PythonWorkspace/HttpRunnerManager/ApiManager/views.py", line 39, in wrapper
    return func(request, *args, **kwargs)
  File "/Users/Ricky/Documents/PythonWorkspace/HttpRunnerManager/ApiManager/views.py", line 278, in run_batch_test
    run_by_batch(test_list, base_url, testcase_dir_path)
  File "/Users/Ricky/Documents/PythonWorkspace/HttpRunnerManager/ApiManager/utils/runner.py", line 128, in run_by_batch
    index = form_test[1]
IndexError: list index out of range
2019-03-13 18:27:11,978 [HttpRunnerManager:163] [operation:add_case_data] [INFO]- è·å–é…ç½®é¡¹å˜æ›´æ—¥å¿—ç”¨ä¾‹æ›´æ–°æˆåŠŸ: {'test': {'request': {'url': '/cmdb/mould/ciFieldChangeInfo/queryLog', 'method': 'POST', 'json': {'params': {'startDate': '', 'endDate': '', 'ciFieldChangeInfo': {'ciTypeId': '', 'fieldId': '', 'operaUser': ''}}, 'size': 20, 'current': 1}, 'headers': {'User-Agent': 'Mozilla/5.0 (Windows NT 6.1; Win64; x64) AppleWebKit/537.36 (KHTML, like Gecko) Chrome/72.0.3626.119 Safari/537.36'}}, 'name': 'è·å–é…ç½®é¡¹å˜æ›´æ—¥å¿—', 'validate': [{'comparator': 'equals', 'check': 'status_code', 'expected': 200}]}}
2019-03-13 18:28:04,728 [HttpRunnerManager:163] [operation:add_case_data] [INFO]- è·å–é…ç½®é¡¹å˜æ›´æ—¥å¿—ç”¨ä¾‹æ›´æ–°æˆåŠŸ: {'test': {'request': {'url': '/cmdb/mould/ciFieldChangeInfo/queryLog', 'method': 'POST', 'json': {'params': {'startDate': '', 'endDate': '', 'ciFieldChangeInfo': {'ciTypeId': '', 'fieldId': '', 'operaUser': ''}}, 'size': 20, 'current': 1}, 'headers': {'User-Agent': 'Mozilla/5.0 (Windows NT 6.1; Win64; x64) AppleWebKit/537.36 (KHTML, like Gecko) Chrome/72.0.3626.119 Safari/537.36', 'max-token': '$token'}}, 'name': 'è·å–é…ç½®é¡¹å˜æ›´æ—¥å¿—', 'validate': [{'comparator': 'equals', 'check': 'status_code', 'expected': 200}], 'extract': [{'token': 'content'}]}}
2019-03-13 18:29:06,741 [HttpRunnerManager:163] [operation:add_case_data] [INFO]- è·å–é…ç½®é¡¹æ¨¡æ¿å˜æ›´æ—¥å¿—ç”¨ä¾‹æ›´æ–°æˆåŠŸ: {'test': {'request': {'url': '/cmdb/mould/ciFieldChangeInfo/queryLog', 'method': 'POST', 'json': {'params': {'startDate': '', 'endDate': '', 'ciFieldChangeInfo': {'ciTypeId': '', 'fieldId': '', 'operaUser': ''}}, 'size': 20, 'current': 1}, 'headers': {'User-Agent': 'Mozilla/5.0 (Windows NT 6.1; Win64; x64) AppleWebKit/537.36 (KHTML, like Gecko) Chrome/72.0.3626.119 Safari/537.36', 'max-token': '$token'}}, 'name': 'è·å–é…ç½®é¡¹æ¨¡æ¿å˜æ›´æ—¥å¿—', 'validate': [{'comparator': 'equals', 'check': 'status_code', 'expected': 200}], 'extract': [{'token': 'content'}]}}
2019-03-13 18:30:08,091 [HttpRunnerManager:163] [operation:add_case_data] [INFO]- æ ¹æ®åˆ†ç±»IDè·å–ç›‘æ§ç³»ç»Ÿåˆ—è¡¨1ç”¨ä¾‹æ›´æ–°æˆåŠŸ: {'test': {'request': {'url': '/cmdb/mould/ciQueryFieldInfo/getQueryColumnInfoById', 'method': 'GET', 'data': {'typeId': 'cb84d83319f2e403ead1a053795ed6564'}, 'headers': {'max-token': '$token', 'User-Agent': 'Mozilla/5.0 (Windows NT 6.1; Win64; x64) AppleWebKit/537.36 (KHTML, like Gecko) Chrome/72.0.3626.119 Safari/537.36'}}, 'name': 'æ ¹æ®åˆ†ç±»IDè·å–ç›‘æ§ç³»ç»Ÿåˆ—è¡¨1', 'validate': [{'comparator': 'equals', 'check': 'status_code', 'expected': 200}], 'extract': [{'token': 'content'}]}}
2019-03-13 18:31:52,521 [HttpRunnerManager:36] [common:type_change] [ERROR]- cb84d83319f2e403ead1a053795ed6564è½¬æ¢floatå¤±è´¥
2019-03-13 18:33:08,976 [django.request:118] [exception:handle_uncaught_exception] [ERROR]- Internal Server Error: /api/run_batch_test/
Traceback (most recent call last):
  File "/Library/Frameworks/Python.framework/Versions/3.6/lib/python3.6/site-packages/django/core/handlers/exception.py", line 35, in inner
    response = get_response(request)
  File "/Library/Frameworks/Python.framework/Versions/3.6/lib/python3.6/site-packages/django/core/handlers/base.py", line 128, in _get_response
    response = self.process_exception_by_middleware(e, request)
  File "/Library/Frameworks/Python.framework/Versions/3.6/lib/python3.6/site-packages/django/core/handlers/base.py", line 126, in _get_response
    response = wrapped_callback(request, *callback_args, **callback_kwargs)
  File "/Users/Ricky/Documents/PythonWorkspace/HttpRunnerManager/HttpRunnerManager/activator.py", line 15, in process
    result = fun(request, index) if index else fun(request)
  File "/Users/Ricky/Documents/PythonWorkspace/HttpRunnerManager/ApiManager/views.py", line 39, in wrapper
    return func(request, *args, **kwargs)
  File "/Users/Ricky/Documents/PythonWorkspace/HttpRunnerManager/ApiManager/views.py", line 270, in run_batch_test
    obj = json.loads(request.GET.get('obj', None))
  File "/Library/Frameworks/Python.framework/Versions/3.6/lib/python3.6/json/__init__.py", line 348, in loads
    'not {!r}'.format(s.__class__.__name__))
TypeError: the JSON object must be str, bytes or bytearray, not 'NoneType'
2019-03-13 18:34:10,861 [HttpRunnerManager:154] [operation:add_case_data] [INFO]- è·å–æŒ‡æ ‡å•ä½æ ‘1ç”¨ä¾‹æ·»åŠ æˆåŠŸ: {'test': {'request': {'url': '', 'method': 'POST'}, 'name': 'è·å–æŒ‡æ ‡å•ä½æ ‘1'}}
2019-03-13 18:37:18,659 [HttpRunnerManager:163] [operation:add_case_data] [INFO]- è·å–æŒ‡æ ‡å•ä½æ ‘1ç”¨ä¾‹æ›´æ–°æˆåŠŸ: {'test': {'request': {'url': '/monitor/monitor/getUnitsTree', 'method': 'GET', 'data': {'sourceType': 'zabbix'}, 'headers': {'User-Agent': 'Mozilla/5.0 (Windows NT 6.1; Win64; x64) AppleWebKit/537.36 (KHTML, like Gecko) Chrome/70.0.3538.110 Safari/537.36', 'Content-Type': 'application/json;charset=UTF-8', 'max-token': '$token'}}, 'name': 'è·å–æŒ‡æ ‡å•ä½æ ‘1', 'validate': [{'comparator': 'equals', 'check': 'status_code', 'expected': 200}], 'extract': [{'token': 'content'}]}}
2019-03-13 18:38:25,547 [HttpRunnerManager:163] [operation:add_case_data] [INFO]- è·å–æŒ‡æ ‡å•ä½æ ‘1ç”¨ä¾‹æ›´æ–°æˆåŠŸ: {'test': {'request': {'url': '/monitor/monitor/getUnitsTree', 'method': 'POST', 'data': {'sourceType': 'zabbix'}, 'headers': {'User-Agent': 'Mozilla/5.0 (Windows NT 6.1; Win64; x64) AppleWebKit/537.36 (KHTML, like Gecko) Chrome/70.0.3538.110 Safari/537.36', 'Content-Type': 'application/json;charset=UTF-8', 'max-token': '$token'}}, 'name': 'è·å–æŒ‡æ ‡å•ä½æ ‘1', 'validate': [{'comparator': 'equals', 'check': 'status_code', 'expected': 200}], 'extract': [{'token': 'content'}]}}
2019-03-13 18:39:55,305 [django.request:118] [exception:handle_uncaught_exception] [ERROR]- Internal Server Error: /api/run_batch_test/
Traceback (most recent call last):
  File "/Library/Frameworks/Python.framework/Versions/3.6/lib/python3.6/site-packages/django/core/handlers/exception.py", line 35, in inner
    response = get_response(request)
  File "/Library/Frameworks/Python.framework/Versions/3.6/lib/python3.6/site-packages/django/core/handlers/base.py", line 128, in _get_response
    response = self.process_exception_by_middleware(e, request)
  File "/Library/Frameworks/Python.framework/Versions/3.6/lib/python3.6/site-packages/django/core/handlers/base.py", line 126, in _get_response
    response = wrapped_callback(request, *callback_args, **callback_kwargs)
  File "/Users/Ricky/Documents/PythonWorkspace/HttpRunnerManager/HttpRunnerManager/activator.py", line 15, in process
    result = fun(request, index) if index else fun(request)
  File "/Users/Ricky/Documents/PythonWorkspace/HttpRunnerManager/ApiManager/views.py", line 39, in wrapper
    return func(request, *args, **kwargs)
  File "/Users/Ricky/Documents/PythonWorkspace/HttpRunnerManager/ApiManager/views.py", line 270, in run_batch_test
    obj = json.loads(request.GET.get('obj', None))
  File "/Library/Frameworks/Python.framework/Versions/3.6/lib/python3.6/json/__init__.py", line 348, in loads
    'not {!r}'.format(s.__class__.__name__))
TypeError: the JSON object must be str, bytes or bytearray, not 'NoneType'
2019-03-13 18:42:16,757 [HttpRunnerManager:163] [operation:add_case_data] [INFO]- è·å–æŒ‡æ ‡å•ä½æ ‘1ç”¨ä¾‹æ›´æ–°æˆåŠŸ: {'test': {'request': {'url': '/monitor/monitor/getUnitsTree', 'method': 'POST', 'data': {'sourceType': 'zabbix'}, 'headers': {'User-Agent': 'Mozilla/5.0 (Windows NT 6.1; Win64; x64) AppleWebKit/537.36 (KHTML, like Gecko) Chrome/70.0.3538.110 Safari/537.36', 'Content-Type': 'application/json;charset=UTF-8', 'max-token': '$token', 'Host': '10.202.228.31:8088'}}, 'name': 'è·å–æŒ‡æ ‡å•ä½æ ‘1', 'validate': [{'comparator': 'equals', 'check': 'status_code', 'expected': 200}], 'extract': [{'token': 'content'}]}}
2019-03-13 18:43:03,978 [HttpRunnerManager:163] [operation:add_case_data] [INFO]- è·å–æŒ‡æ ‡å•ä½æ ‘1ç”¨ä¾‹æ›´æ–°æˆåŠŸ: {'test': {'request': {'url': '/monitor/monitor/getUnitsTree', 'method': 'POST', 'data': {'sourceType': 'zabbix'}, 'headers': {'User-Agent': 'Mozilla/5.0 (Windows NT 6.1; Win64; x64) AppleWebKit/537.36 (KHTML, like Gecko) Chrome/70.0.3538.110 Safari/537.36', 'Content-Type': 'application/json;charset=UTF-8', 'max-token': '$token'}}, 'name': 'è·å–æŒ‡æ ‡å•ä½æ ‘1', 'validate': [{'comparator': 'equals', 'check': 'status_code', 'expected': 200}], 'extract': [{'token': 'content'}]}}
2019-03-13 18:44:04,883 [HttpRunnerManager:55] [views:login] [INFO]- zhaicao ç™»å½•æˆåŠŸ
2019-03-13 18:47:36,968 [HttpRunnerManager:163] [operation:add_case_data] [INFO]- è·å–æŒ‡æ ‡å•ä½æ ‘1ç”¨ä¾‹æ›´æ–°æˆåŠŸ: {'test': {'request': {'url': '/monitor/monitor/getUnitsTree', 'method': 'GET', 'data': {'sourceType': 'zabbix'}, 'headers': {'User-Agent': 'Mozilla/5.0 (Windows NT 6.1; Win64; x64) AppleWebKit/537.36 (KHTML, like Gecko) Chrome/70.0.3538.110 Safari/537.36', 'max-token': '$token'}}, 'name': 'è·å–æŒ‡æ ‡å•ä½æ ‘1', 'validate': [{'comparator': 'equals', 'check': 'status_code', 'expected': 200}], 'extract': [{'token': 'content'}]}}
2019-03-13 18:48:53,196 [HttpRunnerManager:163] [operation:add_case_data] [INFO]- è¿è¡Œç›‘æ§-æŒ‡æ ‡æ˜ å°„ï¼Œè·å–æŒ‡æ ‡å•ä½æ ‘ç”¨ä¾‹æ›´æ–°æˆåŠŸ: {'test': {'request': {'url': '/monitor/monitor/getUnitsTree', 'method': 'GET', 'data': {'sourceType': 'zabbix'}, 'headers': {'User-Agent': 'Mozilla/5.0 (Windows NT 6.1; Win64; x64) AppleWebKit/537.36 (KHTML, like Gecko) Chrome/70.0.3538.110 Safari/537.36', 'max-token': '$token'}}, 'name': 'è¿è¡Œç›‘æ§-æŒ‡æ ‡æ˜ å°„ï¼Œè·å–æŒ‡æ ‡å•ä½æ ‘', 'validate': [{'comparator': 'equals', 'check': 'status_code', 'expected': 200}], 'extract': [{'token': 'content'}]}}
2019-03-13 18:49:59,357 [HttpRunnerManager:619] [common:update_include] [WARNING]- ä¾èµ–çš„ è·å–æŒ‡æ ‡å•ä½æ ‘ ç”¨ä¾‹/é…ç½®å·²ç»è¢«åˆ é™¤å•¦ï¼ï¼
2019-03-13 18:52:49,739 [django.request:118] [exception:handle_uncaught_exception] [ERROR]- Internal Server Error: /api/run_batch_test/
Traceback (most recent call last):
  File "/Library/Frameworks/Python.framework/Versions/3.6/lib/python3.6/site-packages/django/core/handlers/exception.py", line 35, in inner
    response = get_response(request)
  File "/Library/Frameworks/Python.framework/Versions/3.6/lib/python3.6/site-packages/django/core/handlers/base.py", line 128, in _get_response
    response = self.process_exception_by_middleware(e, request)
  File "/Library/Frameworks/Python.framework/Versions/3.6/lib/python3.6/site-packages/django/core/handlers/base.py", line 126, in _get_response
    response = wrapped_callback(request, *callback_args, **callback_kwargs)
  File "/Users/Ricky/Documents/PythonWorkspace/HttpRunnerManager/HttpRunnerManager/activator.py", line 15, in process
    result = fun(request, index) if index else fun(request)
  File "/Users/Ricky/Documents/PythonWorkspace/HttpRunnerManager/ApiManager/views.py", line 39, in wrapper
    return func(request, *args, **kwargs)
  File "/Users/Ricky/Documents/PythonWorkspace/HttpRunnerManager/ApiManager/views.py", line 270, in run_batch_test
    obj = json.loads(request.GET.get('obj', None))
  File "/Library/Frameworks/Python.framework/Versions/3.6/lib/python3.6/json/__init__.py", line 348, in loads
    'not {!r}'.format(s.__class__.__name__))
TypeError: the JSON object must be str, bytes or bytearray, not 'NoneType'
2019-03-13 18:53:28,793 [HttpRunnerManager:163] [operation:add_case_data] [INFO]- æ ¹æ®åˆ†ç±»IDè·å–ç›‘æ§ç³»ç»Ÿåˆ—è¡¨1ç”¨ä¾‹æ›´æ–°æˆåŠŸ: {'test': {'request': {'url': '/cmdb/mould/ciQueryFieldInfo/getQueryColumnInfoById', 'method': 'GET', 'data': {'typeId': 'cb84d83319f2e403ead1a053795ed6564'}, 'headers': {'max-token': '$token', 'User-Agent': 'Mozilla/5.0 (Windows NT 6.1; Win64; x64) AppleWebKit/537.36 (KHTML, like Gecko) Chrome/72.0.3626.119 Safari/537.36'}}, 'name': 'æ ¹æ®åˆ†ç±»IDè·å–ç›‘æ§ç³»ç»Ÿåˆ—è¡¨1', 'validate': [{'comparator': 'equals', 'check': 'status_code', 'expected': 200}], 'extract': [{'token': 'content'}]}}
2019-03-13 18:53:29,277 [HttpRunnerManager:619] [common:update_include] [WARNING]- ä¾èµ–çš„ è·å–æŒ‡æ ‡å•ä½æ ‘ ç”¨ä¾‹/é…ç½®å·²ç»è¢«åˆ é™¤å•¦ï¼ï¼
2019-03-13 18:53:37,795 [HttpRunnerManager:619] [common:update_include] [WARNING]- ä¾èµ–çš„ è·å–æŒ‡æ ‡å•ä½æ ‘ ç”¨ä¾‹/é…ç½®å·²ç»è¢«åˆ é™¤å•¦ï¼ï¼
2019-03-13 18:54:47,524 [django.request:118] [exception:handle_uncaught_exception] [ERROR]- Internal Server Error: /api/run_batch_test/
Traceback (most recent call last):
  File "/Library/Frameworks/Python.framework/Versions/3.6/lib/python3.6/site-packages/django/core/handlers/exception.py", line 35, in inner
    response = get_response(request)
  File "/Library/Frameworks/Python.framework/Versions/3.6/lib/python3.6/site-packages/django/core/handlers/base.py", line 128, in _get_response
    response = self.process_exception_by_middleware(e, request)
  File "/Library/Frameworks/Python.framework/Versions/3.6/lib/python3.6/site-packages/django/core/handlers/base.py", line 126, in _get_response
    response = wrapped_callback(request, *callback_args, **callback_kwargs)
  File "/Users/Ricky/Documents/PythonWorkspace/HttpRunnerManager/HttpRunnerManager/activator.py", line 15, in process
    result = fun(request, index) if index else fun(request)
  File "/Users/Ricky/Documents/PythonWorkspace/HttpRunnerManager/ApiManager/views.py", line 39, in wrapper
    return func(request, *args, **kwargs)
  File "/Users/Ricky/Documents/PythonWorkspace/HttpRunnerManager/ApiManager/views.py", line 270, in run_batch_test
    obj = json.loads(request.GET.get('obj', None))
  File "/Library/Frameworks/Python.framework/Versions/3.6/lib/python3.6/json/__init__.py", line 348, in loads
    'not {!r}'.format(s.__class__.__name__))
TypeError: the JSON object must be str, bytes or bytearray, not 'NoneType'
2019-03-13 18:55:33,435 [django.request:118] [exception:handle_uncaught_exception] [ERROR]- Internal Server Error: /api/run_test/
Traceback (most recent call last):
  File "/Library/Frameworks/Python.framework/Versions/3.6/lib/python3.6/site-packages/django/core/handlers/exception.py", line 35, in inner
    response = get_response(request)
  File "/Library/Frameworks/Python.framework/Versions/3.6/lib/python3.6/site-packages/django/core/handlers/base.py", line 128, in _get_response
    response = self.process_exception_by_middleware(e, request)
  File "/Library/Frameworks/Python.framework/Versions/3.6/lib/python3.6/site-packages/django/core/handlers/base.py", line 126, in _get_response
    response = wrapped_callback(request, *callback_args, **callback_kwargs)
  File "/Users/Ricky/Documents/PythonWorkspace/HttpRunnerManager/HttpRunnerManager/activator.py", line 15, in process
    result = fun(request, index) if index else fun(request)
  File "/Users/Ricky/Documents/PythonWorkspace/HttpRunnerManager/ApiManager/views.py", line 39, in wrapper
    return func(request, *args, **kwargs)
  File "/Users/Ricky/Documents/PythonWorkspace/HttpRunnerManager/ApiManager/views.py", line 236, in run_test
    run_test_by_type(id, base_url, testcase_dir_path, type)
  File "/Users/Ricky/Documents/PythonWorkspace/HttpRunnerManager/ApiManager/utils/runner.py", line 168, in run_test_by_type
    run_by_single(id, base_url, path)
  File "/Users/Ricky/Documents/PythonWorkspace/HttpRunnerManager/ApiManager/utils/runner.py", line 29, in run_by_single
    obj = TestCaseInfo.objects.get(id=index)
  File "/Library/Frameworks/Python.framework/Versions/3.6/lib/python3.6/site-packages/django/db/models/manager.py", line 82, in manager_method
    return getattr(self.get_queryset(), name)(*args, **kwargs)
  File "/Library/Frameworks/Python.framework/Versions/3.6/lib/python3.6/site-packages/django/db/models/query.py", line 394, in get
    clone = self.filter(*args, **kwargs)
  File "/Library/Frameworks/Python.framework/Versions/3.6/lib/python3.6/site-packages/django/db/models/query.py", line 836, in filter
    return self._filter_or_exclude(False, *args, **kwargs)
  File "/Library/Frameworks/Python.framework/Versions/3.6/lib/python3.6/site-packages/django/db/models/query.py", line 854, in _filter_or_exclude
    clone.query.add_q(Q(*args, **kwargs))
  File "/Library/Frameworks/Python.framework/Versions/3.6/lib/python3.6/site-packages/django/db/models/sql/query.py", line 1253, in add_q
    clause, _ = self._add_q(q_object, self.used_aliases)
  File "/Library/Frameworks/Python.framework/Versions/3.6/lib/python3.6/site-packages/django/db/models/sql/query.py", line 1277, in _add_q
    split_subq=split_subq,
  File "/Library/Frameworks/Python.framework/Versions/3.6/lib/python3.6/site-packages/django/db/models/sql/query.py", line 1215, in build_filter
    condition = self.build_lookup(lookups, col, value)
  File "/Library/Frameworks/Python.framework/Versions/3.6/lib/python3.6/site-packages/django/db/models/sql/query.py", line 1085, in build_lookup
    lookup = lookup_class(lhs, rhs)
  File "/Library/Frameworks/Python.framework/Versions/3.6/lib/python3.6/site-packages/django/db/models/lookups.py", line 18, in __init__
    self.rhs = self.get_prep_lookup()
  File "/Library/Frameworks/Python.framework/Versions/3.6/lib/python3.6/site-packages/django/db/models/lookups.py", line 68, in get_prep_lookup
    return self.lhs.output_field.get_prep_value(self.rhs)
  File "/Library/Frameworks/Python.framework/Versions/3.6/lib/python3.6/site-packages/django/db/models/fields/__init__.py", line 947, in get_prep_value
    return int(value)
ValueError: invalid literal for int() with base 10: '[object HTMLInputElement]'
2019-03-13 18:55:49,635 [django.request:118] [exception:handle_uncaught_exception] [ERROR]- Internal Server Error: /api/run_test/
Traceback (most recent call last):
  File "/Library/Frameworks/Python.framework/Versions/3.6/lib/python3.6/site-packages/django/core/handlers/exception.py", line 35, in inner
    response = get_response(request)
  File "/Library/Frameworks/Python.framework/Versions/3.6/lib/python3.6/site-packages/django/core/handlers/base.py", line 128, in _get_response
    response = self.process_exception_by_middleware(e, request)
  File "/Library/Frameworks/Python.framework/Versions/3.6/lib/python3.6/site-packages/django/core/handlers/base.py", line 126, in _get_response
    response = wrapped_callback(request, *callback_args, **callback_kwargs)
  File "/Users/Ricky/Documents/PythonWorkspace/HttpRunnerManager/HttpRunnerManager/activator.py", line 15, in process
    result = fun(request, index) if index else fun(request)
  File "/Users/Ricky/Documents/PythonWorkspace/HttpRunnerManager/ApiManager/views.py", line 39, in wrapper
    return func(request, *args, **kwargs)
  File "/Users/Ricky/Documents/PythonWorkspace/HttpRunnerManager/ApiManager/views.py", line 236, in run_test
    run_test_by_type(id, base_url, testcase_dir_path, type)
  File "/Users/Ricky/Documents/PythonWorkspace/HttpRunnerManager/ApiManager/utils/runner.py", line 168, in run_test_by_type
    run_by_single(id, base_url, path)
  File "/Users/Ricky/Documents/PythonWorkspace/HttpRunnerManager/ApiManager/utils/runner.py", line 29, in run_by_single
    obj = TestCaseInfo.objects.get(id=index)
  File "/Library/Frameworks/Python.framework/Versions/3.6/lib/python3.6/site-packages/django/db/models/manager.py", line 82, in manager_method
    return getattr(self.get_queryset(), name)(*args, **kwargs)
  File "/Library/Frameworks/Python.framework/Versions/3.6/lib/python3.6/site-packages/django/db/models/query.py", line 394, in get
    clone = self.filter(*args, **kwargs)
  File "/Library/Frameworks/Python.framework/Versions/3.6/lib/python3.6/site-packages/django/db/models/query.py", line 836, in filter
    return self._filter_or_exclude(False, *args, **kwargs)
  File "/Library/Frameworks/Python.framework/Versions/3.6/lib/python3.6/site-packages/django/db/models/query.py", line 854, in _filter_or_exclude
    clone.query.add_q(Q(*args, **kwargs))
  File "/Library/Frameworks/Python.framework/Versions/3.6/lib/python3.6/site-packages/django/db/models/sql/query.py", line 1253, in add_q
    clause, _ = self._add_q(q_object, self.used_aliases)
  File "/Library/Frameworks/Python.framework/Versions/3.6/lib/python3.6/site-packages/django/db/models/sql/query.py", line 1277, in _add_q
    split_subq=split_subq,
  File "/Library/Frameworks/Python.framework/Versions/3.6/lib/python3.6/site-packages/django/db/models/sql/query.py", line 1215, in build_filter
    condition = self.build_lookup(lookups, col, value)
  File "/Library/Frameworks/Python.framework/Versions/3.6/lib/python3.6/site-packages/django/db/models/sql/query.py", line 1085, in build_lookup
    lookup = lookup_class(lhs, rhs)
  File "/Library/Frameworks/Python.framework/Versions/3.6/lib/python3.6/site-packages/django/db/models/lookups.py", line 18, in __init__
    self.rhs = self.get_prep_lookup()
  File "/Library/Frameworks/Python.framework/Versions/3.6/lib/python3.6/site-packages/django/db/models/lookups.py", line 68, in get_prep_lookup
    return self.lhs.output_field.get_prep_value(self.rhs)
  File "/Library/Frameworks/Python.framework/Versions/3.6/lib/python3.6/site-packages/django/db/models/fields/__init__.py", line 947, in get_prep_value
    return int(value)
ValueError: invalid literal for int() with base 10: '[object HTMLInputElement]'
2019-03-13 19:01:03,814 [HttpRunnerManager:154] [operation:add_case_data] [INFO]- é€šè¿‡åˆ†ç±»Idè·å–ç›‘æ§ç³»ç»ŸCIæ ‘ç”¨ä¾‹æ·»åŠ æˆåŠŸ: {'test': {'request': {'url': '', 'method': 'POST'}, 'name': 'é€šè¿‡åˆ†ç±»Idè·å–ç›‘æ§ç³»ç»ŸCIæ ‘'}}
2019-03-13 19:01:04,950 [HttpRunnerManager:619] [common:update_include] [WARNING]- ä¾èµ–çš„ è·å–æŒ‡æ ‡å•ä½æ ‘ ç”¨ä¾‹/é…ç½®å·²ç»è¢«åˆ é™¤å•¦ï¼ï¼
2019-03-13 19:03:50,414 [HttpRunnerManager:163] [operation:add_case_data] [INFO]- é€šè¿‡åˆ†ç±»Idè·å–ç›‘æ§ç³»ç»ŸCIæ ‘ç”¨ä¾‹æ›´æ–°æˆåŠŸ: {'test': {'request': {'url': '/cmdb/mould/ciInfo/queryCiTreeByTypeId', 'method': 'POST', 'data': {'id': 's1', 'fieldId': '0a060341d2e54607adcfdbd6f89b0340'}, 'headers': {'User-Agent': 'Mozilla/5.0 (Windows NT 6.1; Win64; x64) AppleWebKit/537.36 (KHTML, like Gecko) Chrome/70.0.3538.110 Safari/537.36', 'max-token': '$token'}}, 'name': 'é€šè¿‡åˆ†ç±»Idè·å–ç›‘æ§ç³»ç»ŸCIæ ‘', 'validate': [{'comparator': 'equals', 'check': 'status_code', 'expected': 200}], 'extract': [{'token': 'content'}]}}
2019-03-13 19:03:51,538 [HttpRunnerManager:619] [common:update_include] [WARNING]- ä¾èµ–çš„ è·å–æŒ‡æ ‡å•ä½æ ‘ ç”¨ä¾‹/é…ç½®å·²ç»è¢«åˆ é™¤å•¦ï¼ï¼
2019-03-13 19:03:58,892 [HttpRunnerManager:619] [common:update_include] [WARNING]- ä¾èµ–çš„ è·å–æŒ‡æ ‡å•ä½æ ‘ ç”¨ä¾‹/é…ç½®å·²ç»è¢«åˆ é™¤å•¦ï¼ï¼
2019-03-13 19:04:33,792 [HttpRunnerManager:163] [operation:add_case_data] [INFO]- é€šè¿‡åˆ†ç±»Idè·å–ç›‘æ§ç³»ç»ŸCIæ ‘ç”¨ä¾‹æ›´æ–°æˆåŠŸ: {'test': {'request': {'url': '/cmdb/mould/ciInfo/queryCiTreeByTypeId', 'method': 'GET', 'data': {'id': 's1', 'fieldId': '0a060341d2e54607adcfdbd6f89b0340'}, 'headers': {'User-Agent': 'Mozilla/5.0 (Windows NT 6.1; Win64; x64) AppleWebKit/537.36 (KHTML, like Gecko) Chrome/70.0.3538.110 Safari/537.36', 'max-token': '$token'}}, 'name': 'é€šè¿‡åˆ†ç±»Idè·å–ç›‘æ§ç³»ç»ŸCIæ ‘', 'validate': [{'comparator': 'equals', 'check': 'status_code', 'expected': 200}], 'extract': [{'token': 'content'}]}}
2019-03-13 19:04:34,807 [HttpRunnerManager:619] [common:update_include] [WARNING]- ä¾èµ–çš„ è·å–æŒ‡æ ‡å•ä½æ ‘ ç”¨ä¾‹/é…ç½®å·²ç»è¢«åˆ é™¤å•¦ï¼ï¼
2019-03-13 19:04:43,451 [HttpRunnerManager:619] [common:update_include] [WARNING]- ä¾èµ–çš„ è·å–æŒ‡æ ‡å•ä½æ ‘ ç”¨ä¾‹/é…ç½®å·²ç»è¢«åˆ é™¤å•¦ï¼ï¼
2019-03-13 19:07:28,492 [HttpRunnerManager:163] [operation:add_case_data] [INFO]- æ ¹æ®åˆ†ç±»IDè·å–ç›‘æ§ç³»ç»Ÿåˆ—è¡¨1ç”¨ä¾‹æ›´æ–°æˆåŠŸ: {'test': {'request': {'url': '/cmdb/mould/ciQueryFieldInfo/getQueryColumnInfoById', 'method': 'GET', 'data': {'typeId': 'cb84d83319f2e403ead1a053795ed6564'}, 'headers': {'User-Agent': 'Mozilla/5.0 (Windows NT 6.1; Win64; x64) AppleWebKit/537.36 (KHTML, like Gecko) Chrome/72.0.3626.119 Safari/537.36', 'max-token': '$token'}}, 'name': 'æ ¹æ®åˆ†ç±»IDè·å–ç›‘æ§ç³»ç»Ÿåˆ—è¡¨1', 'validate': [{'comparator': 'equals', 'check': 'status_code', 'expected': 200}], 'extract': [{'token': 'content'}]}}
2019-03-13 19:07:29,752 [HttpRunnerManager:619] [common:update_include] [WARNING]- ä¾èµ–çš„ è·å–æŒ‡æ ‡å•ä½æ ‘ ç”¨ä¾‹/é…ç½®å·²ç»è¢«åˆ é™¤å•¦ï¼ï¼
2019-03-13 19:07:43,800 [HttpRunnerManager:619] [common:update_include] [WARNING]- ä¾èµ–çš„ è·å–æŒ‡æ ‡å•ä½æ ‘ ç”¨ä¾‹/é…ç½®å·²ç»è¢«åˆ é™¤å•¦ï¼ï¼
2019-03-13 19:09:02,837 [HttpRunnerManager:163] [operation:add_case_data] [INFO]- æ ¹æ®åˆ†ç±»IDè·å–ç›‘æ§ç³»ç»Ÿåˆ—è¡¨1ç”¨ä¾‹æ›´æ–°æˆåŠŸ: {'test': {'request': {'url': '/cmdb/mould/ciQueryFieldInfo/getQueryColumnInfoById', 'method': 'GET', 'data': {'typeId': 'cb84d83319f2e403ead1a053795ed6564'}, 'headers': {'User-Agent': 'Mozilla/5.0 (Windows NT 6.1; Win64; x64) AppleWebKit/537.36 (KHTML, like Gecko) Chrome/72.0.3626.119 Safari/537.36', 'max-token': '$token', 'Accept': 'application/json, text/plain, */*'}}, 'name': 'æ ¹æ®åˆ†ç±»IDè·å–ç›‘æ§ç³»ç»Ÿåˆ—è¡¨1', 'validate': [{'comparator': 'equals', 'check': 'status_code', 'expected': 200}], 'extract': [{'token': 'content'}]}}
2019-03-13 19:09:03,956 [HttpRunnerManager:619] [common:update_include] [WARNING]- ä¾èµ–çš„ è·å–æŒ‡æ ‡å•ä½æ ‘ ç”¨ä¾‹/é…ç½®å·²ç»è¢«åˆ é™¤å•¦ï¼ï¼
2019-03-13 19:12:53,817 [HttpRunnerManager:619] [common:update_include] [WARNING]- ä¾èµ–çš„ è·å–æŒ‡æ ‡å•ä½æ ‘ ç”¨ä¾‹/é…ç½®å·²ç»è¢«åˆ é™¤å•¦ï¼ï¼
2019-03-13 19:13:08,565 [HttpRunnerManager:619] [common:update_include] [WARNING]- ä¾èµ–çš„ è·å–æŒ‡æ ‡å•ä½æ ‘ ç”¨ä¾‹/é…ç½®å·²ç»è¢«åˆ é™¤å•¦ï¼ï¼
2019-03-13 19:13:28,729 [HttpRunnerManager:619] [common:update_include] [WARNING]- ä¾èµ–çš„ è·å–æŒ‡æ ‡å•ä½æ ‘ ç”¨ä¾‹/é…ç½®å·²ç»è¢«åˆ é™¤å•¦ï¼ï¼
2019-03-13 19:15:15,824 [HttpRunnerManager:163] [operation:add_case_data] [INFO]- ç™»å½•ç”¨ä¾‹æ›´æ–°æˆåŠŸ: {'test': {'request': {'url': '/auth/auth/login', 'method': 'GET', 'params': {'userLoginName': '$username', 'password': '$pwd'}, 'headers': {'Content-Type': 'application/json;charset=UTF-8', 'User-Agent': 'Mozilla/5.0 (Windows NT 6.1; Win64; x64) AppleWebKit/537.36 (KHTML, like Gecko) Chrome/70.0.3538.110 Safari/537.36'}}, 'name': 'ç™»å½•', 'validate': [{'comparator': 'equals', 'check': 'status_code', 'expected': 200}], 'extract': [{'token': 'content'}], 'parameters': [{'username-pwd': [['admin', 888888], ['zhaicao', 99999], ['zhaorong', 123]]}]}}
2019-03-13 19:15:16,715 [HttpRunnerManager:619] [common:update_include] [WARNING]- ä¾èµ–çš„ è·å–æŒ‡æ ‡å•ä½æ ‘ ç”¨ä¾‹/é…ç½®å·²ç»è¢«åˆ é™¤å•¦ï¼ï¼
2019-03-13 19:15:28,085 [HttpRunnerManager:619] [common:update_include] [WARNING]- ä¾èµ–çš„ è·å–æŒ‡æ ‡å•ä½æ ‘ ç”¨ä¾‹/é…ç½®å·²ç»è¢«åˆ é™¤å•¦ï¼ï¼
